<?xml version="1.0" encoding="UTF-8"?>
<testsuite xmlns:xsi="http://www.w3.org/2001/XMLSchema-instance" xsi:noNamespaceSchemaLocation="https://maven.apache.org/surefire/maven-surefire-plugin/xsd/surefire-test-report-3.0.xsd" version="3.0" name="kr.co.librarylyh.mapper.BookListMapperTests" time="0.569" tests="4" errors="2" skipped="0" failures="2">
  <properties>
    <property name="sun.desktop" value="windows"/>
    <property name="awt.toolkit" value="sun.awt.windows.WToolkit"/>
    <property name="java.specification.version" value="11"/>
    <property name="sun.cpu.isalist" value="amd64"/>
    <property name="sun.jnu.encoding" value="MS949"/>
    <property name="java.class.path" value="D:\workspace\Library\Library\target\test-classes;D:\workspace\Library\Library\target\classes;C:\Users\user\.m2\repository\org\springframework\spring-context\5.0.7.RELEASE\spring-context-5.0.7.RELEASE.jar;C:\Users\user\.m2\repository\org\springframework\spring-aop\5.0.7.RELEASE\spring-aop-5.0.7.RELEASE.jar;C:\Users\user\.m2\repository\org\springframework\spring-beans\5.0.7.RELEASE\spring-beans-5.0.7.RELEASE.jar;C:\Users\user\.m2\repository\org\springframework\spring-core\5.0.7.RELEASE\spring-core-5.0.7.RELEASE.jar;C:\Users\user\.m2\repository\org\springframework\spring-jcl\5.0.7.RELEASE\spring-jcl-5.0.7.RELEASE.jar;C:\Users\user\.m2\repository\org\springframework\spring-expression\5.0.7.RELEASE\spring-expression-5.0.7.RELEASE.jar;C:\Users\user\.m2\repository\org\springframework\spring-webmvc\5.0.7.RELEASE\spring-webmvc-5.0.7.RELEASE.jar;C:\Users\user\.m2\repository\org\springframework\spring-web\5.0.7.RELEASE\spring-web-5.0.7.RELEASE.jar;C:\Users\user\.m2\repository\com\fasterxml\jackson\core\jackson-databind\2.9.4\jackson-databind-2.9.4.jar;C:\Users\user\.m2\repository\com\fasterxml\jackson\core\jackson-annotations\2.9.0\jackson-annotations-2.9.0.jar;C:\Users\user\.m2\repository\com\fasterxml\jackson\core\jackson-core\2.9.4\jackson-core-2.9.4.jar;C:\Users\user\.m2\repository\com\fasterxml\jackson\dataformat\jackson-dataformat-xml\2.9.6\jackson-dataformat-xml-2.9.6.jar;C:\Users\user\.m2\repository\com\fasterxml\jackson\module\jackson-module-jaxb-annotations\2.9.6\jackson-module-jaxb-annotations-2.9.6.jar;C:\Users\user\.m2\repository\org\codehaus\woodstox\stax2-api\3.1.4\stax2-api-3.1.4.jar;C:\Users\user\.m2\repository\com\fasterxml\woodstox\woodstox-core\5.0.3\woodstox-core-5.0.3.jar;C:\Users\user\.m2\repository\com\google\code\gson\gson\2.8.2\gson-2.8.2.jar;C:\Users\user\.m2\repository\org\springframework\spring-test\5.0.7.RELEASE\spring-test-5.0.7.RELEASE.jar;C:\Users\user\.m2\repository\org\projectlombok\lombok\1.18.24\lombok-1.18.24.jar;C:\Users\user\.m2\repository\com\oracle\database\jdbc\ojdbc8\23.2.0.0\ojdbc8-23.2.0.0.jar;C:\Users\user\.m2\repository\com\zaxxer\HikariCP\2.7.9\HikariCP-2.7.9.jar;C:\Users\user\.m2\repository\org\slf4j\slf4j-api\1.7.25\slf4j-api-1.7.25.jar;C:\Users\user\.m2\repository\org\mybatis\mybatis\3.4.6\mybatis-3.4.6.jar;C:\Users\user\.m2\repository\org\mybatis\mybatis-spring\1.3.3\mybatis-spring-1.3.3.jar;C:\Users\user\.m2\repository\org\springframework\spring-tx\5.0.7.RELEASE\spring-tx-5.0.7.RELEASE.jar;C:\Users\user\.m2\repository\org\springframework\spring-jdbc\5.0.7.RELEASE\spring-jdbc-5.0.7.RELEASE.jar;C:\Users\user\.m2\repository\org\bgee\log4jdbc-log4j2\log4jdbc-log4j2-jdbc4\1.16\log4jdbc-log4j2-jdbc4-1.16.jar;C:\Users\user\.m2\repository\org\aspectj\aspectjrt\1.9.0\aspectjrt-1.9.0.jar;C:\Users\user\.m2\repository\org\aspectj\aspectjweaver\1.9.0\aspectjweaver-1.9.0.jar;C:\Users\user\.m2\repository\org\apache\logging\log4j\log4j-api\2.18.0\log4j-api-2.18.0.jar;C:\Users\user\.m2\repository\org\apache\logging\log4j\log4j-core\2.18.0\log4j-core-2.18.0.jar;C:\Users\user\.m2\repository\org\apache\logging\log4j\log4j-slf4j-impl\2.18.0\log4j-slf4j-impl-2.18.0.jar;C:\Users\user\.m2\repository\javax\inject\javax.inject\1\javax.inject-1.jar;C:\Users\user\.m2\repository\net\coobird\thumbnailator\0.4.8\thumbnailator-0.4.8.jar;C:\Users\user\.m2\repository\javax\servlet\javax.servlet-api\3.1.0\javax.servlet-api-3.1.0.jar;C:\Users\user\.m2\repository\javax\servlet\jsp\jsp-api\2.1\jsp-api-2.1.jar;C:\Users\user\.m2\repository\javax\servlet\jstl\1.2\jstl-1.2.jar;C:\Users\user\.m2\repository\junit\junit\4.12\junit-4.12.jar;C:\Users\user\.m2\repository\org\hamcrest\hamcrest-core\1.3\hamcrest-core-1.3.jar;C:\Users\user\.m2\repository\org\quartz-scheduler\quartz\2.3.0\quartz-2.3.0.jar;C:\Users\user\.m2\repository\com\mchange\c3p0\0.9.5.2\c3p0-0.9.5.2.jar;C:\Users\user\.m2\repository\com\mchange\mchange-commons-java\0.2.11\mchange-commons-java-0.2.11.jar;C:\Users\user\.m2\repository\com\zaxxer\HikariCP-java6\2.3.13\HikariCP-java6-2.3.13.jar;C:\Users\user\.m2\repository\org\quartz-scheduler\quartz-jobs\2.3.0\quartz-jobs-2.3.0.jar;C:\Users\user\.m2\repository\commons-fileupload\commons-fileupload\1.3.3\commons-fileupload-1.3.3.jar;C:\Users\user\.m2\repository\commons-io\commons-io\2.2\commons-io-2.2.jar;"/>
    <property name="java.vm.vendor" value="Eclipse Adoptium"/>
    <property name="sun.arch.data.model" value="64"/>
    <property name="user.variant" value=""/>
    <property name="java.vendor.url" value="https://adoptium.net/"/>
    <property name="user.timezone" value="Asia/Seoul"/>
    <property name="java.vm.specification.version" value="11"/>
    <property name="os.name" value="Windows 10"/>
    <property name="sun.java.launcher" value="SUN_STANDARD"/>
    <property name="user.country" value="KR"/>
    <property name="sun.boot.library.path" value="D:\JDK\temurin-11.0.24\bin"/>
    <property name="sun.java.command" value="C:\Users\user\AppData\Local\Temp\surefire16523614096664670160\surefirebooter-20240923174604044_3.jar C:\Users\user\AppData\Local\Temp\surefire16523614096664670160 2024-09-23T17-46-03_207-jvmRun1 surefire-20240923174604044_1tmp surefire_0-20240923174604044_2tmp"/>
    <property name="jdk.debug" value="release"/>
    <property name="surefire.test.class.path" value="D:\workspace\Library\Library\target\test-classes;D:\workspace\Library\Library\target\classes;C:\Users\user\.m2\repository\org\springframework\spring-context\5.0.7.RELEASE\spring-context-5.0.7.RELEASE.jar;C:\Users\user\.m2\repository\org\springframework\spring-aop\5.0.7.RELEASE\spring-aop-5.0.7.RELEASE.jar;C:\Users\user\.m2\repository\org\springframework\spring-beans\5.0.7.RELEASE\spring-beans-5.0.7.RELEASE.jar;C:\Users\user\.m2\repository\org\springframework\spring-core\5.0.7.RELEASE\spring-core-5.0.7.RELEASE.jar;C:\Users\user\.m2\repository\org\springframework\spring-jcl\5.0.7.RELEASE\spring-jcl-5.0.7.RELEASE.jar;C:\Users\user\.m2\repository\org\springframework\spring-expression\5.0.7.RELEASE\spring-expression-5.0.7.RELEASE.jar;C:\Users\user\.m2\repository\org\springframework\spring-webmvc\5.0.7.RELEASE\spring-webmvc-5.0.7.RELEASE.jar;C:\Users\user\.m2\repository\org\springframework\spring-web\5.0.7.RELEASE\spring-web-5.0.7.RELEASE.jar;C:\Users\user\.m2\repository\com\fasterxml\jackson\core\jackson-databind\2.9.4\jackson-databind-2.9.4.jar;C:\Users\user\.m2\repository\com\fasterxml\jackson\core\jackson-annotations\2.9.0\jackson-annotations-2.9.0.jar;C:\Users\user\.m2\repository\com\fasterxml\jackson\core\jackson-core\2.9.4\jackson-core-2.9.4.jar;C:\Users\user\.m2\repository\com\fasterxml\jackson\dataformat\jackson-dataformat-xml\2.9.6\jackson-dataformat-xml-2.9.6.jar;C:\Users\user\.m2\repository\com\fasterxml\jackson\module\jackson-module-jaxb-annotations\2.9.6\jackson-module-jaxb-annotations-2.9.6.jar;C:\Users\user\.m2\repository\org\codehaus\woodstox\stax2-api\3.1.4\stax2-api-3.1.4.jar;C:\Users\user\.m2\repository\com\fasterxml\woodstox\woodstox-core\5.0.3\woodstox-core-5.0.3.jar;C:\Users\user\.m2\repository\com\google\code\gson\gson\2.8.2\gson-2.8.2.jar;C:\Users\user\.m2\repository\org\springframework\spring-test\5.0.7.RELEASE\spring-test-5.0.7.RELEASE.jar;C:\Users\user\.m2\repository\org\projectlombok\lombok\1.18.24\lombok-1.18.24.jar;C:\Users\user\.m2\repository\com\oracle\database\jdbc\ojdbc8\23.2.0.0\ojdbc8-23.2.0.0.jar;C:\Users\user\.m2\repository\com\zaxxer\HikariCP\2.7.9\HikariCP-2.7.9.jar;C:\Users\user\.m2\repository\org\slf4j\slf4j-api\1.7.25\slf4j-api-1.7.25.jar;C:\Users\user\.m2\repository\org\mybatis\mybatis\3.4.6\mybatis-3.4.6.jar;C:\Users\user\.m2\repository\org\mybatis\mybatis-spring\1.3.3\mybatis-spring-1.3.3.jar;C:\Users\user\.m2\repository\org\springframework\spring-tx\5.0.7.RELEASE\spring-tx-5.0.7.RELEASE.jar;C:\Users\user\.m2\repository\org\springframework\spring-jdbc\5.0.7.RELEASE\spring-jdbc-5.0.7.RELEASE.jar;C:\Users\user\.m2\repository\org\bgee\log4jdbc-log4j2\log4jdbc-log4j2-jdbc4\1.16\log4jdbc-log4j2-jdbc4-1.16.jar;C:\Users\user\.m2\repository\org\aspectj\aspectjrt\1.9.0\aspectjrt-1.9.0.jar;C:\Users\user\.m2\repository\org\aspectj\aspectjweaver\1.9.0\aspectjweaver-1.9.0.jar;C:\Users\user\.m2\repository\org\apache\logging\log4j\log4j-api\2.18.0\log4j-api-2.18.0.jar;C:\Users\user\.m2\repository\org\apache\logging\log4j\log4j-core\2.18.0\log4j-core-2.18.0.jar;C:\Users\user\.m2\repository\org\apache\logging\log4j\log4j-slf4j-impl\2.18.0\log4j-slf4j-impl-2.18.0.jar;C:\Users\user\.m2\repository\javax\inject\javax.inject\1\javax.inject-1.jar;C:\Users\user\.m2\repository\net\coobird\thumbnailator\0.4.8\thumbnailator-0.4.8.jar;C:\Users\user\.m2\repository\javax\servlet\javax.servlet-api\3.1.0\javax.servlet-api-3.1.0.jar;C:\Users\user\.m2\repository\javax\servlet\jsp\jsp-api\2.1\jsp-api-2.1.jar;C:\Users\user\.m2\repository\javax\servlet\jstl\1.2\jstl-1.2.jar;C:\Users\user\.m2\repository\junit\junit\4.12\junit-4.12.jar;C:\Users\user\.m2\repository\org\hamcrest\hamcrest-core\1.3\hamcrest-core-1.3.jar;C:\Users\user\.m2\repository\org\quartz-scheduler\quartz\2.3.0\quartz-2.3.0.jar;C:\Users\user\.m2\repository\com\mchange\c3p0\0.9.5.2\c3p0-0.9.5.2.jar;C:\Users\user\.m2\repository\com\mchange\mchange-commons-java\0.2.11\mchange-commons-java-0.2.11.jar;C:\Users\user\.m2\repository\com\zaxxer\HikariCP-java6\2.3.13\HikariCP-java6-2.3.13.jar;C:\Users\user\.m2\repository\org\quartz-scheduler\quartz-jobs\2.3.0\quartz-jobs-2.3.0.jar;C:\Users\user\.m2\repository\commons-fileupload\commons-fileupload\1.3.3\commons-fileupload-1.3.3.jar;C:\Users\user\.m2\repository\commons-io\commons-io\2.2\commons-io-2.2.jar;"/>
    <property name="sun.cpu.endian" value="little"/>
    <property name="user.home" value="C:\Users\user"/>
    <property name="user.language" value="ko"/>
    <property name="java.specification.vendor" value="Oracle Corporation"/>
    <property name="java.version.date" value="2024-07-16"/>
    <property name="java.home" value="D:\JDK\temurin-11.0.24"/>
    <property name="file.separator" value="\"/>
    <property name="basedir" value="D:\workspace\Library\Library"/>
    <property name="java.vm.compressedOopsMode" value="Zero based"/>
    <property name="line.separator" value="&#10;"/>
    <property name="java.specification.name" value="Java Platform API Specification"/>
    <property name="java.vm.specification.vendor" value="Oracle Corporation"/>
    <property name="java.awt.graphicsenv" value="sun.awt.Win32GraphicsEnvironment"/>
    <property name="surefire.real.class.path" value="C:\Users\user\AppData\Local\Temp\surefire16523614096664670160\surefirebooter-20240923174604044_3.jar"/>
    <property name="user.script" value=""/>
    <property name="sun.management.compiler" value="HotSpot 64-Bit Tiered Compilers"/>
    <property name="java.runtime.version" value="11.0.24+8"/>
    <property name="user.name" value="user"/>
    <property name="path.separator" value=";"/>
    <property name="os.version" value="10.0"/>
    <property name="java.runtime.name" value="OpenJDK Runtime Environment"/>
    <property name="file.encoding" value="MS949"/>
    <property name="java.vm.name" value="OpenJDK 64-Bit Server VM"/>
    <property name="java.vendor.version" value="Temurin-11.0.24+8"/>
    <property name="localRepository" value="C:\Users\user\.m2\repository"/>
    <property name="java.vendor.url.bug" value="https://github.com/adoptium/adoptium-support/issues"/>
    <property name="java.io.tmpdir" value="C:\Users\user\AppData\Local\Temp\"/>
    <property name="idea.version" value="2024.2.1"/>
    <property name="com.zaxxer.hikari.pool_number" value="2"/>
    <property name="java.version" value="11.0.24"/>
    <property name="user.dir" value="D:\workspace\Library\Library"/>
    <property name="os.arch" value="amd64"/>
    <property name="java.vm.specification.name" value="Java Virtual Machine Specification"/>
    <property name="java.awt.printerjob" value="sun.awt.windows.WPrinterJob"/>
    <property name="sun.os.patch.level" value=""/>
    <property name="java.library.path" value="D:\JDK\temurin-11.0.24\bin;C:\Windows\Sun\Java\bin;C:\Windows\system32;C:\Windows;D:\OracleXE\app\oracle\product\11.2.0\server\bin;;C:\Program Files\Common Files\Oracle\Java\javapath;C:\Program Files (x86)\Razer Chroma SDK\bin;C:\Program Files\Razer Chroma SDK\bin;C:\Program Files (x86)\Razer\ChromaBroadcast\bin;C:\Program Files\Razer\ChromaBroadcast\bin;C:\Program Files (x86)\NAT Service;C:\Windows\system32;C:\Windows;C:\Windows\System32\Wbem;C:\Windows\System32\WindowsPowerShell\v1.0\;C:\Windows\System32\OpenSSH\;C:\Program Files\Bandizip\;C:\Program Files (x86)\NVIDIA Corporation\PhysX\Common;C:\Program Files (x86)\Intel\Intel(R) Management Engine Components\DAL;C:\Program Files\Intel\Intel(R) Management Engine Components\DAL;C:\Program Files\NVIDIA Corporation\NVIDIA NvDLISR;C:\Program Files\dotnet\;C:\Windows\system32\config\systemprofile\AppData\Local\Microsoft\WindowsApps;C:\Program Files\Git\cmd;C:\Program Files\Java\jdk-17\bin\;D:\Gradle\bin;C:\ProgramData\chocolatey\bin;E:\Program Files\nodejs\;E:\Program Files\nodejs;C:\Users\user\AppData\Local\Programs\Python\Python312\Scripts\;C:\Users\user\AppData\Local\Programs\Python\Python312\;E:\Program Files\IntelliJ IDEA 2024.1.4\bin;C:\Users\user\AppData\Local\JetBrains\Toolbox\scripts;E:\Program Files\IntelliJ IDEA 2024.2.1\bin;C:\Users\user\AppData\Roaming\npm;."/>
    <property name="java.vm.info" value="mixed mode"/>
    <property name="java.vendor" value="Eclipse Adoptium"/>
    <property name="java.vm.version" value="11.0.24+8"/>
    <property name="java.specification.maintenance.version" value="2"/>
    <property name="sun.io.unicode.encoding" value="UnicodeLittle"/>
    <property name="java.class.version" value="55.0"/>
  </properties>
  <testcase name="testRead" classname="kr.co.librarylyh.mapper.BookListMapperTests" time="0.324">
    <failure type="java.lang.AssertionError"><![CDATA[java.lang.AssertionError
	at org.junit.Assert.fail(Assert.java:86)
	at org.junit.Assert.assertTrue(Assert.java:41)
	at org.junit.Assert.assertNotNull(Assert.java:712)
	at org.junit.Assert.assertNotNull(Assert.java:722)
	at kr.co.librarylyh.mapper.BookListMapperTests.testRead(BookListMapperTests.java:67)
	at java.base/jdk.internal.reflect.NativeMethodAccessorImpl.invoke0(Native Method)
	at java.base/jdk.internal.reflect.NativeMethodAccessorImpl.invoke(NativeMethodAccessorImpl.java:62)
	at java.base/jdk.internal.reflect.DelegatingMethodAccessorImpl.invoke(DelegatingMethodAccessorImpl.java:43)
	at java.base/java.lang.reflect.Method.invoke(Method.java:566)
	at org.junit.runners.model.FrameworkMethod$1.runReflectiveCall(FrameworkMethod.java:50)
	at org.junit.internal.runners.model.ReflectiveCallable.run(ReflectiveCallable.java:12)
	at org.junit.runners.model.FrameworkMethod.invokeExplosively(FrameworkMethod.java:47)
	at org.junit.internal.runners.statements.InvokeMethod.evaluate(InvokeMethod.java:17)
	at org.springframework.test.context.junit4.statements.RunBeforeTestExecutionCallbacks.evaluate(RunBeforeTestExecutionCallbacks.java:73)
	at org.springframework.test.context.junit4.statements.RunAfterTestExecutionCallbacks.evaluate(RunAfterTestExecutionCallbacks.java:83)
	at org.junit.internal.runners.statements.RunBefores.evaluate(RunBefores.java:26)
	at org.springframework.test.context.junit4.statements.RunBeforeTestMethodCallbacks.evaluate(RunBeforeTestMethodCallbacks.java:75)
	at org.springframework.test.context.junit4.statements.RunAfterTestMethodCallbacks.evaluate(RunAfterTestMethodCallbacks.java:86)
	at org.springframework.test.context.junit4.statements.SpringRepeat.evaluate(SpringRepeat.java:84)
	at org.junit.runners.ParentRunner.runLeaf(ParentRunner.java:325)
	at org.springframework.test.context.junit4.SpringJUnit4ClassRunner.runChild(SpringJUnit4ClassRunner.java:251)
	at org.springframework.test.context.junit4.SpringJUnit4ClassRunner.runChild(SpringJUnit4ClassRunner.java:97)
	at org.junit.runners.ParentRunner$3.run(ParentRunner.java:290)
	at org.junit.runners.ParentRunner$1.schedule(ParentRunner.java:71)
	at org.junit.runners.ParentRunner.runChildren(ParentRunner.java:288)
	at org.junit.runners.ParentRunner.access$000(ParentRunner.java:58)
	at org.junit.runners.ParentRunner$2.evaluate(ParentRunner.java:268)
	at org.springframework.test.context.junit4.statements.RunBeforeTestClassCallbacks.evaluate(RunBeforeTestClassCallbacks.java:61)
	at org.springframework.test.context.junit4.statements.RunAfterTestClassCallbacks.evaluate(RunAfterTestClassCallbacks.java:70)
	at org.junit.runners.ParentRunner.run(ParentRunner.java:363)
	at org.springframework.test.context.junit4.SpringJUnit4ClassRunner.run(SpringJUnit4ClassRunner.java:190)
	at org.apache.maven.surefire.junit4.JUnit4Provider.execute(JUnit4Provider.java:316)
	at org.apache.maven.surefire.junit4.JUnit4Provider.executeWithRerun(JUnit4Provider.java:240)
	at org.apache.maven.surefire.junit4.JUnit4Provider.executeTestSet(JUnit4Provider.java:214)
	at org.apache.maven.surefire.junit4.JUnit4Provider.invoke(JUnit4Provider.java:155)
	at org.apache.maven.surefire.booter.ForkedBooter.runSuitesInProcess(ForkedBooter.java:385)
	at org.apache.maven.surefire.booter.ForkedBooter.execute(ForkedBooter.java:162)
	at org.apache.maven.surefire.booter.ForkedBooter.run(ForkedBooter.java:507)
	at org.apache.maven.surefire.booter.ForkedBooter.main(ForkedBooter.java:495)
]]></failure>
    <system-out><![CDATA[ DEBUG org.springframework.test.context.junit4.SpringJUnit4ClassRunner(<init>139) - SpringJUnit4ClassRunner constructor called with [class kr.co.librarylyh.mapper.BookListMapperTests]
 DEBUG org.springframework.test.context.BootstrapUtils(createCacheAwareContextLoaderDelegate97) - Instantiating CacheAwareContextLoaderDelegate from class [org.springframework.test.context.cache.DefaultCacheAwareContextLoaderDelegate]
 DEBUG org.springframework.test.context.BootstrapUtils(createBootstrapContext80) - Instantiating BootstrapContext using constructor [public org.springframework.test.context.support.DefaultBootstrapContext(java.lang.Class,org.springframework.test.context.CacheAwareContextLoaderDelegate)]
 DEBUG org.springframework.test.context.BootstrapUtils(resolveTestContextBootstrapper133) - Instantiating TestContextBootstrapper for test class [kr.co.librarylyh.mapper.BookListMapperTests] from class [org.springframework.test.context.support.DefaultTestContextBootstrapper]
 DEBUG org.springframework.test.context.support.AbstractDelegatingSmartContextLoader(delegateProcessing95) - Delegating to GenericXmlContextLoader to process context configuration [ContextConfigurationAttributes@4aab7195 declaringClass = 'kr.co.librarylyh.mapper.BookListMapperTests', classes = '{}', locations = '{file:src/main/webapp/WEB-INF/spring/root-context.xml}', inheritLocations = true, initializers = '{}', inheritInitializers = true, name = [null], contextLoaderClass = 'org.springframework.test.context.ContextLoader'].
 DEBUG org.springframework.test.context.support.ActiveProfilesUtils(resolveActiveProfiles79) - Could not find an 'annotation declaring class' for annotation type [org.springframework.test.context.ActiveProfiles] and class [kr.co.librarylyh.mapper.BookListMapperTests]
 DEBUG org.springframework.test.context.support.DefaultTestContextBootstrapper(getTestExecutionListeners125) - @TestExecutionListeners is not present for class [kr.co.librarylyh.mapper.BookListMapperTests]: using defaults.
 INFO  org.springframework.test.context.support.DefaultTestContextBootstrapper(getDefaultTestExecutionListenerClassNames248) - Loaded default TestExecutionListener class names from location [META-INF/spring.factories]: [org.springframework.test.context.web.ServletTestExecutionListener, org.springframework.test.context.support.DirtiesContextBeforeModesTestExecutionListener, org.springframework.test.context.support.DependencyInjectionTestExecutionListener, org.springframework.test.context.support.DirtiesContextTestExecutionListener, org.springframework.test.context.transaction.TransactionalTestExecutionListener, org.springframework.test.context.jdbc.SqlScriptsTestExecutionListener]
 INFO  org.springframework.test.context.support.DefaultTestContextBootstrapper(getTestExecutionListeners177) - Using TestExecutionListeners: [org.springframework.test.context.web.ServletTestExecutionListener@6210666c, org.springframework.test.context.support.DirtiesContextBeforeModesTestExecutionListener@1dca62c2, org.springframework.test.context.support.DependencyInjectionTestExecutionListener@52657d5f, org.springframework.test.context.support.DirtiesContextTestExecutionListener@43d3995f, org.springframework.test.context.transaction.TransactionalTestExecutionListener@2211b44f, org.springframework.test.context.jdbc.SqlScriptsTestExecutionListener@6c830ebd]
 DEBUG org.springframework.test.annotation.ProfileValueUtils(retrieveProfileValueSource70) - Retrieved @ProfileValueSourceConfiguration [null] for test class [kr.co.librarylyh.mapper.BookListMapperTests]
 DEBUG org.springframework.test.annotation.ProfileValueUtils(retrieveProfileValueSource83) - Retrieved ProfileValueSource type [class org.springframework.test.annotation.SystemProfileValueSource] for class [kr.co.librarylyh.mapper.BookListMapperTests]
 DEBUG org.springframework.test.annotation.ProfileValueUtils(retrieveProfileValueSource70) - Retrieved @ProfileValueSourceConfiguration [null] for test class [kr.co.librarylyh.mapper.BookListMapperTests]
 DEBUG org.springframework.test.annotation.ProfileValueUtils(retrieveProfileValueSource83) - Retrieved ProfileValueSource type [class org.springframework.test.annotation.SystemProfileValueSource] for class [kr.co.librarylyh.mapper.BookListMapperTests]
 DEBUG org.springframework.test.annotation.ProfileValueUtils(retrieveProfileValueSource70) - Retrieved @ProfileValueSourceConfiguration [null] for test class [kr.co.librarylyh.mapper.BookListMapperTests]
 DEBUG org.springframework.test.annotation.ProfileValueUtils(retrieveProfileValueSource83) - Retrieved ProfileValueSource type [class org.springframework.test.annotation.SystemProfileValueSource] for class [kr.co.librarylyh.mapper.BookListMapperTests]
 DEBUG org.springframework.test.context.support.AbstractDirtiesContextTestExecutionListener(beforeOrAfterTestClass142) - Before test class: context [DefaultTestContext@15f519f7 testClass = BookListMapperTests, testInstance = [null], testMethod = [null], testException = [null], mergedContextConfiguration = [MergedContextConfiguration@4a336377 testClass = BookListMapperTests, locations = '{file:src/main/webapp/WEB-INF/spring/root-context.xml}', classes = '{}', contextInitializerClasses = '[]', activeProfiles = '{}', propertySourceLocations = '{}', propertySourceProperties = '{}', contextCustomizers = set[[empty]], contextLoader = 'org.springframework.test.context.support.DelegatingSmartContextLoader', parent = [null]], attributes = map[[empty]]], class annotated with @DirtiesContext [false] with mode [null].
 DEBUG org.springframework.test.annotation.ProfileValueUtils(retrieveProfileValueSource70) - Retrieved @ProfileValueSourceConfiguration [null] for test class [kr.co.librarylyh.mapper.BookListMapperTests]
 DEBUG org.springframework.test.annotation.ProfileValueUtils(retrieveProfileValueSource83) - Retrieved ProfileValueSource type [class org.springframework.test.annotation.SystemProfileValueSource] for class [kr.co.librarylyh.mapper.BookListMapperTests]
 DEBUG org.springframework.test.context.support.DependencyInjectionTestExecutionListener(prepareTestInstance81) - Performing dependency injection for test context [[DefaultTestContext@15f519f7 testClass = BookListMapperTests, testInstance = kr.co.librarylyh.mapper.BookListMapperTests@65af05b2, testMethod = [null], testException = [null], mergedContextConfiguration = [MergedContextConfiguration@4a336377 testClass = BookListMapperTests, locations = '{file:src/main/webapp/WEB-INF/spring/root-context.xml}', classes = '{}', contextInitializerClasses = '[]', activeProfiles = '{}', propertySourceLocations = '{}', propertySourceProperties = '{}', contextCustomizers = set[[empty]], contextLoader = 'org.springframework.test.context.support.DelegatingSmartContextLoader', parent = [null]], attributes = map[[empty]]]].
 DEBUG org.springframework.test.context.support.AbstractDelegatingSmartContextLoader(delegateLoading105) - Delegating to GenericXmlContextLoader to load context from [MergedContextConfiguration@4a336377 testClass = BookListMapperTests, locations = '{file:src/main/webapp/WEB-INF/spring/root-context.xml}', classes = '{}', contextInitializerClasses = '[]', activeProfiles = '{}', propertySourceLocations = '{}', propertySourceProperties = '{}', contextCustomizers = set[[empty]], contextLoader = 'org.springframework.test.context.support.DelegatingSmartContextLoader', parent = [null]].
 DEBUG org.springframework.test.context.support.AbstractGenericContextLoader(loadContext109) - Loading ApplicationContext for merged context configuration [[MergedContextConfiguration@4a336377 testClass = BookListMapperTests, locations = '{file:src/main/webapp/WEB-INF/spring/root-context.xml}', classes = '{}', contextInitializerClasses = '[]', activeProfiles = '{}', propertySourceLocations = '{}', propertySourceProperties = '{}', contextCustomizers = set[[empty]], contextLoader = 'org.springframework.test.context.support.DelegatingSmartContextLoader', parent = [null]]].
 DEBUG org.springframework.core.env.StandardEnvironment(addLast109) - Adding PropertySource 'systemProperties' with lowest search precedence
 DEBUG org.springframework.core.env.StandardEnvironment(addLast109) - Adding PropertySource 'systemEnvironment' with lowest search precedence
 DEBUG org.springframework.core.env.StandardEnvironment(<init>125) - Initialized StandardEnvironment with PropertySources [MapPropertySource@740986943 {name='systemProperties', properties={sun.desktop=windows, awt.toolkit=sun.awt.windows.WToolkit, java.specification.version=11, sun.cpu.isalist=amd64, sun.jnu.encoding=MS949, java.class.path=D:\workspace\Library\Library\target\test-classes;D:\workspace\Library\Library\target\classes;C:\Users\user\.m2\repository\org\springframework\spring-context\5.0.7.RELEASE\spring-context-5.0.7.RELEASE.jar;C:\Users\user\.m2\repository\org\springframework\spring-aop\5.0.7.RELEASE\spring-aop-5.0.7.RELEASE.jar;C:\Users\user\.m2\repository\org\springframework\spring-beans\5.0.7.RELEASE\spring-beans-5.0.7.RELEASE.jar;C:\Users\user\.m2\repository\org\springframework\spring-core\5.0.7.RELEASE\spring-core-5.0.7.RELEASE.jar;C:\Users\user\.m2\repository\org\springframework\spring-jcl\5.0.7.RELEASE\spring-jcl-5.0.7.RELEASE.jar;C:\Users\user\.m2\repository\org\springframework\spring-expression\5.0.7.RELEASE\spring-expression-5.0.7.RELEASE.jar;C:\Users\user\.m2\repository\org\springframework\spring-webmvc\5.0.7.RELEASE\spring-webmvc-5.0.7.RELEASE.jar;C:\Users\user\.m2\repository\org\springframework\spring-web\5.0.7.RELEASE\spring-web-5.0.7.RELEASE.jar;C:\Users\user\.m2\repository\com\fasterxml\jackson\core\jackson-databind\2.9.4\jackson-databind-2.9.4.jar;C:\Users\user\.m2\repository\com\fasterxml\jackson\core\jackson-annotations\2.9.0\jackson-annotations-2.9.0.jar;C:\Users\user\.m2\repository\com\fasterxml\jackson\core\jackson-core\2.9.4\jackson-core-2.9.4.jar;C:\Users\user\.m2\repository\com\fasterxml\jackson\dataformat\jackson-dataformat-xml\2.9.6\jackson-dataformat-xml-2.9.6.jar;C:\Users\user\.m2\repository\com\fasterxml\jackson\module\jackson-module-jaxb-annotations\2.9.6\jackson-module-jaxb-annotations-2.9.6.jar;C:\Users\user\.m2\repository\org\codehaus\woodstox\stax2-api\3.1.4\stax2-api-3.1.4.jar;C:\Users\user\.m2\repository\com\fasterxml\woodstox\woodstox-core\5.0.3\woodstox-core-5.0.3.jar;C:\Users\user\.m2\repository\com\google\code\gson\gson\2.8.2\gson-2.8.2.jar;C:\Users\user\.m2\repository\org\springframework\spring-test\5.0.7.RELEASE\spring-test-5.0.7.RELEASE.jar;C:\Users\user\.m2\repository\org\projectlombok\lombok\1.18.24\lombok-1.18.24.jar;C:\Users\user\.m2\repository\com\oracle\database\jdbc\ojdbc8\23.2.0.0\ojdbc8-23.2.0.0.jar;C:\Users\user\.m2\repository\com\zaxxer\HikariCP\2.7.9\HikariCP-2.7.9.jar;C:\Users\user\.m2\repository\org\slf4j\slf4j-api\1.7.25\slf4j-api-1.7.25.jar;C:\Users\user\.m2\repository\org\mybatis\mybatis\3.4.6\mybatis-3.4.6.jar;C:\Users\user\.m2\repository\org\mybatis\mybatis-spring\1.3.3\mybatis-spring-1.3.3.jar;C:\Users\user\.m2\repository\org\springframework\spring-tx\5.0.7.RELEASE\spring-tx-5.0.7.RELEASE.jar;C:\Users\user\.m2\repository\org\springframework\spring-jdbc\5.0.7.RELEASE\spring-jdbc-5.0.7.RELEASE.jar;C:\Users\user\.m2\repository\org\bgee\log4jdbc-log4j2\log4jdbc-log4j2-jdbc4\1.16\log4jdbc-log4j2-jdbc4-1.16.jar;C:\Users\user\.m2\repository\org\aspectj\aspectjrt\1.9.0\aspectjrt-1.9.0.jar;C:\Users\user\.m2\repository\org\aspectj\aspectjweaver\1.9.0\aspectjweaver-1.9.0.jar;C:\Users\user\.m2\repository\org\apache\logging\log4j\log4j-api\2.18.0\log4j-api-2.18.0.jar;C:\Users\user\.m2\repository\org\apache\logging\log4j\log4j-core\2.18.0\log4j-core-2.18.0.jar;C:\Users\user\.m2\repository\org\apache\logging\log4j\log4j-slf4j-impl\2.18.0\log4j-slf4j-impl-2.18.0.jar;C:\Users\user\.m2\repository\javax\inject\javax.inject\1\javax.inject-1.jar;C:\Users\user\.m2\repository\net\coobird\thumbnailator\0.4.8\thumbnailator-0.4.8.jar;C:\Users\user\.m2\repository\javax\servlet\javax.servlet-api\3.1.0\javax.servlet-api-3.1.0.jar;C:\Users\user\.m2\repository\javax\servlet\jsp\jsp-api\2.1\jsp-api-2.1.jar;C:\Users\user\.m2\repository\javax\servlet\jstl\1.2\jstl-1.2.jar;C:\Users\user\.m2\repository\junit\junit\4.12\junit-4.12.jar;C:\Users\user\.m2\repository\org\hamcrest\hamcrest-core\1.3\hamcrest-core-1.3.jar;C:\Users\user\.m2\repository\org\quartz-scheduler\quartz\2.3.0\quartz-2.3.0.jar;C:\Users\user\.m2\repository\com\mchange\c3p0\0.9.5.2\c3p0-0.9.5.2.jar;C:\Users\user\.m2\repository\com\mchange\mchange-commons-java\0.2.11\mchange-commons-java-0.2.11.jar;C:\Users\user\.m2\repository\com\zaxxer\HikariCP-java6\2.3.13\HikariCP-java6-2.3.13.jar;C:\Users\user\.m2\repository\org\quartz-scheduler\quartz-jobs\2.3.0\quartz-jobs-2.3.0.jar;C:\Users\user\.m2\repository\commons-fileupload\commons-fileupload\1.3.3\commons-fileupload-1.3.3.jar;C:\Users\user\.m2\repository\commons-io\commons-io\2.2\commons-io-2.2.jar;, java.vm.vendor=Eclipse Adoptium, sun.arch.data.model=64, user.variant=, java.vendor.url=https://adoptium.net/, user.timezone=Asia/Seoul, os.name=Windows 10, java.vm.specification.version=11, sun.java.launcher=SUN_STANDARD, user.country=KR, sun.boot.library.path=D:\JDK\temurin-11.0.24\bin, sun.java.command=C:\Users\user\AppData\Local\Temp\surefire16523614096664670160\surefirebooter-20240923174604044_3.jar C:\Users\user\AppData\Local\Temp\surefire16523614096664670160 2024-09-23T17-46-03_207-jvmRun1 surefire-20240923174604044_1tmp surefire_0-20240923174604044_2tmp, jdk.debug=release, surefire.test.class.path=D:\workspace\Library\Library\target\test-classes;D:\workspace\Library\Library\target\classes;C:\Users\user\.m2\repository\org\springframework\spring-context\5.0.7.RELEASE\spring-context-5.0.7.RELEASE.jar;C:\Users\user\.m2\repository\org\springframework\spring-aop\5.0.7.RELEASE\spring-aop-5.0.7.RELEASE.jar;C:\Users\user\.m2\repository\org\springframework\spring-beans\5.0.7.RELEASE\spring-beans-5.0.7.RELEASE.jar;C:\Users\user\.m2\repository\org\springframework\spring-core\5.0.7.RELEASE\spring-core-5.0.7.RELEASE.jar;C:\Users\user\.m2\repository\org\springframework\spring-jcl\5.0.7.RELEASE\spring-jcl-5.0.7.RELEASE.jar;C:\Users\user\.m2\repository\org\springframework\spring-expression\5.0.7.RELEASE\spring-expression-5.0.7.RELEASE.jar;C:\Users\user\.m2\repository\org\springframework\spring-webmvc\5.0.7.RELEASE\spring-webmvc-5.0.7.RELEASE.jar;C:\Users\user\.m2\repository\org\springframework\spring-web\5.0.7.RELEASE\spring-web-5.0.7.RELEASE.jar;C:\Users\user\.m2\repository\com\fasterxml\jackson\core\jackson-databind\2.9.4\jackson-databind-2.9.4.jar;C:\Users\user\.m2\repository\com\fasterxml\jackson\core\jackson-annotations\2.9.0\jackson-annotations-2.9.0.jar;C:\Users\user\.m2\repository\com\fasterxml\jackson\core\jackson-core\2.9.4\jackson-core-2.9.4.jar;C:\Users\user\.m2\repository\com\fasterxml\jackson\dataformat\jackson-dataformat-xml\2.9.6\jackson-dataformat-xml-2.9.6.jar;C:\Users\user\.m2\repository\com\fasterxml\jackson\module\jackson-module-jaxb-annotations\2.9.6\jackson-module-jaxb-annotations-2.9.6.jar;C:\Users\user\.m2\repository\org\codehaus\woodstox\stax2-api\3.1.4\stax2-api-3.1.4.jar;C:\Users\user\.m2\repository\com\fasterxml\woodstox\woodstox-core\5.0.3\woodstox-core-5.0.3.jar;C:\Users\user\.m2\repository\com\google\code\gson\gson\2.8.2\gson-2.8.2.jar;C:\Users\user\.m2\repository\org\springframework\spring-test\5.0.7.RELEASE\spring-test-5.0.7.RELEASE.jar;C:\Users\user\.m2\repository\org\projectlombok\lombok\1.18.24\lombok-1.18.24.jar;C:\Users\user\.m2\repository\com\oracle\database\jdbc\ojdbc8\23.2.0.0\ojdbc8-23.2.0.0.jar;C:\Users\user\.m2\repository\com\zaxxer\HikariCP\2.7.9\HikariCP-2.7.9.jar;C:\Users\user\.m2\repository\org\slf4j\slf4j-api\1.7.25\slf4j-api-1.7.25.jar;C:\Users\user\.m2\repository\org\mybatis\mybatis\3.4.6\mybatis-3.4.6.jar;C:\Users\user\.m2\repository\org\mybatis\mybatis-spring\1.3.3\mybatis-spring-1.3.3.jar;C:\Users\user\.m2\repository\org\springframework\spring-tx\5.0.7.RELEASE\spring-tx-5.0.7.RELEASE.jar;C:\Users\user\.m2\repository\org\springframework\spring-jdbc\5.0.7.RELEASE\spring-jdbc-5.0.7.RELEASE.jar;C:\Users\user\.m2\repository\org\bgee\log4jdbc-log4j2\log4jdbc-log4j2-jdbc4\1.16\log4jdbc-log4j2-jdbc4-1.16.jar;C:\Users\user\.m2\repository\org\aspectj\aspectjrt\1.9.0\aspectjrt-1.9.0.jar;C:\Users\user\.m2\repository\org\aspectj\aspectjweaver\1.9.0\aspectjweaver-1.9.0.jar;C:\Users\user\.m2\repository\org\apache\logging\log4j\log4j-api\2.18.0\log4j-api-2.18.0.jar;C:\Users\user\.m2\repository\org\apache\logging\log4j\log4j-core\2.18.0\log4j-core-2.18.0.jar;C:\Users\user\.m2\repository\org\apache\logging\log4j\log4j-slf4j-impl\2.18.0\log4j-slf4j-impl-2.18.0.jar;C:\Users\user\.m2\repository\javax\inject\javax.inject\1\javax.inject-1.jar;C:\Users\user\.m2\repository\net\coobird\thumbnailator\0.4.8\thumbnailator-0.4.8.jar;C:\Users\user\.m2\repository\javax\servlet\javax.servlet-api\3.1.0\javax.servlet-api-3.1.0.jar;C:\Users\user\.m2\repository\javax\servlet\jsp\jsp-api\2.1\jsp-api-2.1.jar;C:\Users\user\.m2\repository\javax\servlet\jstl\1.2\jstl-1.2.jar;C:\Users\user\.m2\repository\junit\junit\4.12\junit-4.12.jar;C:\Users\user\.m2\repository\org\hamcrest\hamcrest-core\1.3\hamcrest-core-1.3.jar;C:\Users\user\.m2\repository\org\quartz-scheduler\quartz\2.3.0\quartz-2.3.0.jar;C:\Users\user\.m2\repository\com\mchange\c3p0\0.9.5.2\c3p0-0.9.5.2.jar;C:\Users\user\.m2\repository\com\mchange\mchange-commons-java\0.2.11\mchange-commons-java-0.2.11.jar;C:\Users\user\.m2\repository\com\zaxxer\HikariCP-java6\2.3.13\HikariCP-java6-2.3.13.jar;C:\Users\user\.m2\repository\org\quartz-scheduler\quartz-jobs\2.3.0\quartz-jobs-2.3.0.jar;C:\Users\user\.m2\repository\commons-fileupload\commons-fileupload\1.3.3\commons-fileupload-1.3.3.jar;C:\Users\user\.m2\repository\commons-io\commons-io\2.2\commons-io-2.2.jar;, sun.cpu.endian=little, user.home=C:\Users\user, user.language=ko, java.specification.vendor=Oracle Corporation, java.version.date=2024-07-16, java.home=D:\JDK\temurin-11.0.24, file.separator=\, basedir=D:\workspace\Library\Library, java.vm.compressedOopsMode=Zero based, line.separator=
, java.specification.name=Java Platform API Specification, java.vm.specification.vendor=Oracle Corporation, java.awt.graphicsenv=sun.awt.Win32GraphicsEnvironment, surefire.real.class.path=C:\Users\user\AppData\Local\Temp\surefire16523614096664670160\surefirebooter-20240923174604044_3.jar, user.script=, sun.management.compiler=HotSpot 64-Bit Tiered Compilers, java.runtime.version=11.0.24+8, user.name=user, path.separator=;, os.version=10.0, java.runtime.name=OpenJDK Runtime Environment, file.encoding=MS949, java.vm.name=OpenJDK 64-Bit Server VM, java.vendor.version=Temurin-11.0.24+8, localRepository=C:\Users\user\.m2\repository, java.vendor.url.bug=https://github.com/adoptium/adoptium-support/issues, java.io.tmpdir=C:\Users\user\AppData\Local\Temp\, idea.version=2024.2.1, com.zaxxer.hikari.pool_number=2, java.version=11.0.24, user.dir=D:\workspace\Library\Library, os.arch=amd64, java.vm.specification.name=Java Virtual Machine Specification, java.awt.printerjob=sun.awt.windows.WPrinterJob, sun.os.patch.level=, java.library.path=D:\JDK\temurin-11.0.24\bin;C:\Windows\Sun\Java\bin;C:\Windows\system32;C:\Windows;D:\OracleXE\app\oracle\product\11.2.0\server\bin;;C:\Program Files\Common Files\Oracle\Java\javapath;C:\Program Files (x86)\Razer Chroma SDK\bin;C:\Program Files\Razer Chroma SDK\bin;C:\Program Files (x86)\Razer\ChromaBroadcast\bin;C:\Program Files\Razer\ChromaBroadcast\bin;C:\Program Files (x86)\NAT Service;C:\Windows\system32;C:\Windows;C:\Windows\System32\Wbem;C:\Windows\System32\WindowsPowerShell\v1.0\;C:\Windows\System32\OpenSSH\;C:\Program Files\Bandizip\;C:\Program Files (x86)\NVIDIA Corporation\PhysX\Common;C:\Program Files (x86)\Intel\Intel(R) Management Engine Components\DAL;C:\Program Files\Intel\Intel(R) Management Engine Components\DAL;C:\Program Files\NVIDIA Corporation\NVIDIA NvDLISR;C:\Program Files\dotnet\;C:\Windows\system32\config\systemprofile\AppData\Local\Microsoft\WindowsApps;C:\Program Files\Git\cmd;C:\Program Files\Java\jdk-17\bin\;D:\Gradle\bin;C:\ProgramData\chocolatey\bin;E:\Program Files\nodejs\;E:\Program Files\nodejs;C:\Users\user\AppData\Local\Programs\Python\Python312\Scripts\;C:\Users\user\AppData\Local\Programs\Python\Python312\;E:\Program Files\IntelliJ IDEA 2024.1.4\bin;C:\Users\user\AppData\Local\JetBrains\Toolbox\scripts;E:\Program Files\IntelliJ IDEA 2024.2.1\bin;C:\Users\user\AppData\Roaming\npm;., java.vm.info=mixed mode, java.vendor=Eclipse Adoptium, java.vm.version=11.0.24+8, java.specification.maintenance.version=2, sun.io.unicode.encoding=UnicodeLittle, java.class.version=55.0}}, SystemEnvironmentPropertySource@2102621718 {name='systemEnvironment', properties={PATH=D:\OracleXE\app\oracle\product\11.2.0\server\bin;;C:\Program Files\Common Files\Oracle\Java\javapath;C:\Program Files (x86)\Razer Chroma SDK\bin;C:\Program Files\Razer Chroma SDK\bin;C:\Program Files (x86)\Razer\ChromaBroadcast\bin;C:\Program Files\Razer\ChromaBroadcast\bin;C:\Program Files (x86)\NAT Service;C:\Windows\system32;C:\Windows;C:\Windows\System32\Wbem;C:\Windows\System32\WindowsPowerShell\v1.0\;C:\Windows\System32\OpenSSH\;C:\Program Files\Bandizip\;C:\Program Files (x86)\NVIDIA Corporation\PhysX\Common;C:\Program Files (x86)\Intel\Intel(R) Management Engine Components\DAL;C:\Program Files\Intel\Intel(R) Management Engine Components\DAL;C:\Program Files\NVIDIA Corporation\NVIDIA NvDLISR;C:\Program Files\dotnet\;C:\Windows\system32\config\systemprofile\AppData\Local\Microsoft\WindowsApps;C:\Program Files\Git\cmd;C:\Program Files\Java\jdk-17\bin\;D:\Gradle\bin;C:\ProgramData\chocolatey\bin;E:\Program Files\nodejs\;E:\Program Files\nodejs;C:\Users\user\AppData\Local\Programs\Python\Python312\Scripts\;C:\Users\user\AppData\Local\Programs\Python\Python312\;E:\Program Files\IntelliJ IDEA 2024.1.4\bin;C:\Users\user\AppData\Local\JetBrains\Toolbox\scripts;E:\Program Files\IntelliJ IDEA 2024.2.1\bin;C:\Users\user\AppData\Roaming\npm, USERDOMAIN_ROAMINGPROFILE=DESKTOP-47UBLS7, LOCALAPPDATA=C:\Users\user\AppData\Local, PROCESSOR_LEVEL=6, SYSTEMDRIVE=C:, COMMONPROGRAMFILES(X86)=C:\Program Files (x86)\Common Files, IJ_RESTARTER_LOG=C:\Users\user\AppData\Local\JetBrains\IntelliJIdea2024.2\log\restarter.log, USERDOMAIN=DESKTOP-47UBLS7, LOGONSERVER=\\DESKTOP-47UBLS7, JAVA_HOME=C:\Program Files\Java\jdk-17, PROMPT=$P$G, ALLUSERSPROFILE=C:\ProgramData, PROGRAMFILES(X86)=C:\Program Files (x86), PROCESSOR_ARCHITECTURE=AMD64, __COMPAT_LAYER=RunAsAdmin, DRIVERDATA=C:\Windows\System32\Drivers\DriverData, INTELLIJ IDEA=E:\Program Files\IntelliJ IDEA 2024.2.1\bin;, PROGRAMFILES=C:\Program Files, APPDATA=C:\Users\user\AppData\Roaming, PSMODULEPATH=C:\Program Files\WindowsPowerShell\Modules;C:\Windows\system32\WindowsPowerShell\v1.0\Modules, PROGRAMW6432=C:\Program Files, PROGRAMDATA=C:\ProgramData, SYSTEMROOT=C:\Windows, CHOCOLATEYINSTALL=C:\ProgramData\chocolatey, CHOCOLATEYLASTPATHUPDATE=133697126698811212, USERNAME=user, ONEDRIVE=C:\Users\user\OneDrive, PATHEXT=.COM;.EXE;.BAT;.CMD;.VBS;.VBE;.JS;.JSE;.WSF;.WSH;.MSC, OS=Windows_NT, NODE_HOME=E:\Program Files\nodejs, COMMONPROGRAMW6432=C:\Program Files\Common Files, COMPUTERNAME=DESKTOP-47UBLS7, COMMONPROGRAMFILES=C:\Program Files\Common Files, COMSPEC=C:\Windows\system32\cmd.exe, PROCESSOR_REVISION=9e09, WINDIR=C:\Windows, =D:=D:\workspace\Library\Library, HOMEPATH=\Users\user, TEMP=C:\Users\user\AppData\Local\Temp, HOMEDRIVE=C:, PROCESSOR_IDENTIFIER=Intel64 Family 6 Model 158 Stepping 9, GenuineIntel, USERPROFILE=C:\Users\user, TMP=C:\Users\user\AppData\Local\Temp, PUBLIC=C:\Users\Public, NUMBER_OF_PROCESSORS=8}}]
 INFO  org.springframework.beans.factory.xml.XmlBeanDefinitionReader(loadBeanDefinitions316) - Loading XML bean definitions from URL [file:src/main/webapp/WEB-INF/spring/root-context.xml]
 DEBUG org.springframework.beans.factory.xml.DefaultDocumentLoader(loadDocument74) - Using JAXP provider [com.sun.org.apache.xerces.internal.jaxp.DocumentBuilderFactoryImpl]
 DEBUG org.springframework.beans.factory.xml.PluggableSchemaResolver(getSchemaMappings147) - Loading schema mappings from [META-INF/spring.schemas]
 DEBUG org.springframework.beans.factory.xml.PluggableSchemaResolver(getSchemaMappings153) - Loaded schema mappings: {http://www.springframework.org/schema/context/spring-context-3.2.xsd=org/springframework/context/config/spring-context.xsd, http://www.springframework.org/schema/cache/spring-cache-4.3.xsd=org/springframework/cache/config/spring-cache.xsd, http://www.springframework.org/schema/beans/spring-beans-4.0.xsd=org/springframework/beans/factory/xml/spring-beans.xsd, http://www.springframework.org/schema/context/spring-context-2.5.xsd=org/springframework/context/config/spring-context.xsd, http://www.springframework.org/schema/tx/spring-tx-2.5.xsd=org/springframework/transaction/config/spring-tx.xsd, http://www.springframework.org/schema/tx/spring-tx-3.2.xsd=org/springframework/transaction/config/spring-tx.xsd, http://www.springframework.org/schema/tool/spring-tool-4.3.xsd=org/springframework/beans/factory/xml/spring-tool.xsd, http://www.springframework.org/schema/tool/spring-tool-2.0.xsd=org/springframework/beans/factory/xml/spring-tool.xsd, http://www.springframework.org/schema/util/spring-util-4.2.xsd=org/springframework/beans/factory/xml/spring-util.xsd, http://www.springframework.org/schema/tx/spring-tx-3.0.xsd=org/springframework/transaction/config/spring-tx.xsd, http://www.springframework.org/schema/beans/spring-beans-4.2.xsd=org/springframework/beans/factory/xml/spring-beans.xsd, http://www.springframework.org/schema/cache/spring-cache-4.1.xsd=org/springframework/cache/config/spring-cache.xsd, http://www.springframework.org/schema/mvc/spring-mvc-4.3.xsd=org/springframework/web/servlet/config/spring-mvc.xsd, http://www.springframework.org/schema/lang/spring-lang-3.0.xsd=org/springframework/scripting/config/spring-lang.xsd, http://www.springframework.org/schema/tool/spring-tool-4.1.xsd=org/springframework/beans/factory/xml/spring-tool.xsd, http://www.springframework.org/schema/task/spring-task-4.3.xsd=org/springframework/scheduling/config/spring-task.xsd, http://www.springframework.org/schema/util/spring-util-4.0.xsd=org/springframework/beans/factory/xml/spring-util.xsd, http://www.springframework.org/schema/jdbc/spring-jdbc-4.2.xsd=org/springframework/jdbc/config/spring-jdbc.xsd, http://www.springframework.org/schema/jdbc/spring-jdbc.xsd=org/springframework/jdbc/config/spring-jdbc.xsd, http://www.springframework.org/schema/lang/spring-lang.xsd=org/springframework/scripting/config/spring-lang.xsd, http://www.springframework.org/schema/aop/spring-aop-4.2.xsd=org/springframework/aop/config/spring-aop.xsd, http://www.springframework.org/schema/context/spring-context-4.1.xsd=org/springframework/context/config/spring-context.xsd, http://www.springframework.org/schema/jee/spring-jee-4.2.xsd=org/springframework/ejb/config/spring-jee.xsd, http://www.springframework.org/schema/tool/spring-tool-3.1.xsd=org/springframework/beans/factory/xml/spring-tool.xsd, http://www.springframework.org/schema/jee/spring-jee-4.1.xsd=org/springframework/ejb/config/spring-jee.xsd, http://www.springframework.org/schema/jdbc/spring-jdbc-3.1.xsd=org/springframework/jdbc/config/spring-jdbc.xsd, http://www.springframework.org/schema/aop/spring-aop-4.1.xsd=org/springframework/aop/config/spring-aop.xsd, http://www.springframework.org/schema/util/spring-util.xsd=org/springframework/beans/factory/xml/spring-util.xsd, http://www.springframework.org/schema/mvc/spring-mvc-3.2.xsd=org/springframework/web/servlet/config/spring-mvc.xsd, http://www.springframework.org/schema/lang/spring-lang-4.1.xsd=org/springframework/scripting/config/spring-lang.xsd, http://www.springframework.org/schema/context/spring-context-4.3.xsd=org/springframework/context/config/spring-context.xsd, http://www.springframework.org/schema/lang/spring-lang-2.5.xsd=org/springframework/scripting/config/spring-lang.xsd, http://www.springframework.org/schema/jee/spring-jee.xsd=org/springframework/ejb/config/spring-jee.xsd, http://www.springframework.org/schema/util/spring-util-3.1.xsd=org/springframework/beans/factory/xml/spring-util.xsd, http://www.springframework.org/schema/jee/spring-jee-2.5.xsd=org/springframework/ejb/config/spring-jee.xsd, http://www.springframework.org/schema/mvc/spring-mvc-4.0.xsd=org/springframework/web/servlet/config/spring-mvc.xsd, http://www.springframework.org/schema/task/spring-task-4.0.xsd=org/springframework/scheduling/config/spring-task.xsd, http://www.springframework.org/schema/aop/spring-aop-2.5.xsd=org/springframework/aop/config/spring-aop.xsd, http://www.springframework.org/schema/cache/spring-cache-3.1.xsd=org/springframework/cache/config/spring-cache.xsd, http://www.springframework.org/schema/tool/spring-tool-2.5.xsd=org/springframework/beans/factory/xml/spring-tool.xsd, http://www.springframework.org/schema/task/spring-task-3.2.xsd=org/springframework/scheduling/config/spring-task.xsd, http://www.springframework.org/schema/tx/spring-tx-4.2.xsd=org/springframework/transaction/config/spring-tx.xsd, http://www.springframework.org/schema/aop/spring-aop-3.1.xsd=org/springframework/aop/config/spring-aop.xsd, http://www.springframework.org/schema/lang/spring-lang-4.3.xsd=org/springframework/scripting/config/spring-lang.xsd, http://www.springframework.org/schema/jee/spring-jee-3.1.xsd=org/springframework/ejb/config/spring-jee.xsd, http://www.springframework.org/schema/mvc/spring-mvc-3.0.xsd=org/springframework/web/servlet/config/spring-mvc.xsd, http://www.springframework.org/schema/beans/spring-beans-3.1.xsd=org/springframework/beans/factory/xml/spring-beans.xsd, http://www.springframework.org/schema/tx/spring-tx.xsd=org/springframework/transaction/config/spring-tx.xsd, http://www.springframework.org/schema/lang/spring-lang-2.0.xsd=org/springframework/scripting/config/spring-lang.xsd, http://www.springframework.org/schema/task/spring-task-3.0.xsd=org/springframework/scheduling/config/spring-task.xsd, http://www.springframework.org/schema/context/spring-context-3.0.xsd=org/springframework/context/config/spring-context.xsd, http://www.springframework.org/schema/cache/spring-cache.xsd=org/springframework/cache/config/spring-cache.xsd, http://www.springframework.org/schema/tx/spring-tx-4.0.xsd=org/springframework/transaction/config/spring-tx.xsd, http://www.springframework.org/schema/context/spring-context-4.0.xsd=org/springframework/context/config/spring-context.xsd, http://www.springframework.org/schema/util/spring-util-4.3.xsd=org/springframework/beans/factory/xml/spring-util.xsd, http://www.springframework.org/schema/jee/spring-jee-2.0.xsd=org/springframework/ejb/config/spring-jee.xsd, http://www.springframework.org/schema/aop/spring-aop-2.0.xsd=org/springframework/aop/config/spring-aop.xsd, http://www.springframework.org/schema/jdbc/spring-jdbc-4.3.xsd=org/springframework/jdbc/config/spring-jdbc.xsd, http://www.springframework.org/schema/util/spring-util-2.0.xsd=org/springframework/beans/factory/xml/spring-util.xsd, http://www.springframework.org/schema/cache/spring-cache-4.2.xsd=org/springframework/cache/config/spring-cache.xsd, http://www.springframework.org/schema/context/spring-context-3.1.xsd=org/springframework/context/config/spring-context.xsd, http://www.springframework.org/schema/tx/spring-tx-3.1.xsd=org/springframework/transaction/config/spring-tx.xsd, http://www.springframework.org/schema/tool/spring-tool.xsd=org/springframework/beans/factory/xml/spring-tool.xsd, http://www.springframework.org/schema/beans/spring-beans-3.2.xsd=org/springframework/beans/factory/xml/spring-beans.xsd, http://www.springframework.org/schema/beans/spring-beans-2.5.xsd=org/springframework/beans/factory/xml/spring-beans.xsd, http://mybatis.org/schema/mybatis-spring.xsd=org/mybatis/spring/config/mybatis-spring-1.2.xsd, http://www.springframework.org/schema/beans/spring-beans.xsd=org/springframework/beans/factory/xml/spring-beans.xsd, http://www.springframework.org/schema/tool/spring-tool-4.0.xsd=org/springframework/beans/factory/xml/spring-tool.xsd, http://www.springframework.org/schema/util/spring-util-4.1.xsd=org/springframework/beans/factory/xml/spring-util.xsd, http://mybatis.org/schema/mybatis-spring-1.2.xsd=org/mybatis/spring/config/mybatis-spring-1.2.xsd, http://www.springframework.org/schema/jdbc/spring-jdbc-4.1.xsd=org/springframework/jdbc/config/spring-jdbc.xsd, http://www.springframework.org/schema/context/spring-context-4.2.xsd=org/springframework/context/config/spring-context.xsd, http://www.springframework.org/schema/jee/spring-jee-4.3.xsd=org/springframework/ejb/config/spring-jee.xsd, http://www.springframework.org/schema/aop/spring-aop-4.3.xsd=org/springframework/aop/config/spring-aop.xsd, http://www.springframework.org/schema/beans/spring-beans-4.3.xsd=org/springframework/beans/factory/xml/spring-beans.xsd, http://www.springframework.org/schema/beans/spring-beans-4.1.xsd=org/springframework/beans/factory/xml/spring-beans.xsd, http://www.springframework.org/schema/mvc/spring-mvc-4.2.xsd=org/springframework/web/servlet/config/spring-mvc.xsd, http://www.springframework.org/schema/cache/spring-cache-4.0.xsd=org/springframework/cache/config/spring-cache.xsd, http://www.springframework.org/schema/tool/spring-tool-4.2.xsd=org/springframework/beans/factory/xml/spring-tool.xsd, http://www.springframework.org/schema/util/spring-util-2.5.xsd=org/springframework/beans/factory/xml/spring-util.xsd, http://www.springframework.org/schema/lang/spring-lang-3.1.xsd=org/springframework/scripting/config/spring-lang.xsd, http://www.springframework.org/schema/task/spring-task.xsd=org/springframework/scheduling/config/spring-task.xsd, http://www.springframework.org/schema/task/spring-task-4.2.xsd=org/springframework/scheduling/config/spring-task.xsd, http://www.springframework.org/schema/aop/spring-aop.xsd=org/springframework/aop/config/spring-aop.xsd, http://www.springframework.org/schema/lang/spring-lang-4.0.xsd=org/springframework/scripting/config/spring-lang.xsd, http://www.springframework.org/schema/beans/spring-beans-2.0.xsd=org/springframework/beans/factory/xml/spring-beans.xsd, http://www.springframework.org/schema/task/spring-task-4.1.xsd=org/springframework/scheduling/config/spring-task.xsd, http://www.springframework.org/schema/mvc/spring-mvc-4.1.xsd=org/springframework/web/servlet/config/spring-mvc.xsd, http://www.springframework.org/schema/util/spring-util-3.2.xsd=org/springframework/beans/factory/xml/spring-util.xsd, http://www.springframework.org/schema/cache/spring-cache-3.2.xsd=org/springframework/cache/config/spring-cache.xsd, http://www.springframework.org/schema/lang/spring-lang-3.2.xsd=org/springframework/scripting/config/spring-lang.xsd, http://www.springframework.org/schema/tx/spring-tx-2.0.xsd=org/springframework/transaction/config/spring-tx.xsd, http://www.springframework.org/schema/tx/spring-tx-4.3.xsd=org/springframework/transaction/config/spring-tx.xsd, http://www.springframework.org/schema/jee/spring-jee-3.2.xsd=org/springframework/ejb/config/spring-jee.xsd, http://www.springframework.org/schema/util/spring-util-3.0.xsd=org/springframework/beans/factory/xml/spring-util.xsd, http://www.springframework.org/schema/aop/spring-aop-3.2.xsd=org/springframework/aop/config/spring-aop.xsd, http://www.springframework.org/schema/tool/spring-tool-3.2.xsd=org/springframework/beans/factory/xml/spring-tool.xsd, http://www.springframework.org/schema/mvc/spring-mvc.xsd=org/springframework/web/servlet/config/spring-mvc.xsd, http://www.springframework.org/schema/jdbc/spring-jdbc-4.0.xsd=org/springframework/jdbc/config/spring-jdbc.xsd, http://www.springframework.org/schema/jdbc/spring-jdbc-3.2.xsd=org/springframework/jdbc/config/spring-jdbc.xsd, http://www.springframework.org/schema/context/spring-context.xsd=org/springframework/context/config/spring-context.xsd, http://www.springframework.org/schema/aop/spring-aop-4.0.xsd=org/springframework/aop/config/spring-aop.xsd, http://www.springframework.org/schema/jee/spring-jee-4.0.xsd=org/springframework/ejb/config/spring-jee.xsd, http://www.springframework.org/schema/beans/spring-beans-3.0.xsd=org/springframework/beans/factory/xml/spring-beans.xsd, http://www.springframework.org/schema/mvc/spring-mvc-3.1.xsd=org/springframework/web/servlet/config/spring-mvc.xsd, http://www.springframework.org/schema/jee/spring-jee-3.0.xsd=org/springframework/ejb/config/spring-jee.xsd, http://www.springframework.org/schema/aop/spring-aop-3.0.xsd=org/springframework/aop/config/spring-aop.xsd, http://www.springframework.org/schema/jdbc/spring-jdbc-3.0.xsd=org/springframework/jdbc/config/spring-jdbc.xsd, http://www.springframework.org/schema/task/spring-task-3.1.xsd=org/springframework/scheduling/config/spring-task.xsd, http://www.springframework.org/schema/tx/spring-tx-4.1.xsd=org/springframework/transaction/config/spring-tx.xsd, http://www.springframework.org/schema/lang/spring-lang-4.2.xsd=org/springframework/scripting/config/spring-lang.xsd, http://www.springframework.org/schema/tool/spring-tool-3.0.xsd=org/springframework/beans/factory/xml/spring-tool.xsd}
 DEBUG org.springframework.beans.factory.xml.PluggableSchemaResolver(resolveEntity123) - Found XML schema [http://www.springframework.org/schema/context/spring-context-4.3.xsd] in classpath: org/springframework/context/config/spring-context.xsd
 DEBUG org.springframework.beans.factory.xml.PluggableSchemaResolver(resolveEntity123) - Found XML schema [http://www.springframework.org/schema/tool/spring-tool.xsd] in classpath: org/springframework/beans/factory/xml/spring-tool.xsd
 DEBUG org.springframework.beans.factory.xml.PluggableSchemaResolver(resolveEntity123) - Found XML schema [http://www.springframework.org/schema/aop/spring-aop-4.3.xsd] in classpath: org/springframework/aop/config/spring-aop.xsd
 DEBUG org.springframework.beans.factory.xml.DefaultBeanDefinitionDocumentReader(registerBeanDefinitions96) - Loading bean definitions
 DEBUG org.springframework.beans.factory.xml.DefaultNamespaceHandlerResolver(getHandlerMappings163) - Loaded NamespaceHandler mappings: {http://www.springframework.org/schema/aop=org.springframework.aop.config.AopNamespaceHandler, http://www.springframework.org/schema/task=org.springframework.scheduling.config.TaskNamespaceHandler, http://mybatis.org/schema/mybatis-spring=org.mybatis.spring.config.NamespaceHandler, http://www.springframework.org/schema/lang=org.springframework.scripting.config.LangNamespaceHandler, http://www.springframework.org/schema/c=org.springframework.beans.factory.xml.SimpleConstructorNamespaceHandler, http://www.springframework.org/schema/jee=org.springframework.ejb.config.JeeNamespaceHandler, http://www.springframework.org/schema/cache=org.springframework.cache.config.CacheNamespaceHandler, http://www.springframework.org/schema/jdbc=org.springframework.jdbc.config.JdbcNamespaceHandler, http://www.springframework.org/schema/p=org.springframework.beans.factory.xml.SimplePropertyNamespaceHandler, http://www.springframework.org/schema/util=org.springframework.beans.factory.xml.UtilNamespaceHandler, http://www.springframework.org/schema/tx=org.springframework.transaction.config.TxNamespaceHandler, http://www.springframework.org/schema/context=org.springframework.context.config.ContextNamespaceHandler, http://www.springframework.org/schema/mvc=org.springframework.web.servlet.config.MvcNamespaceHandler}
 DEBUG org.springframework.core.io.support.PathMatchingResourcePatternResolver(findAllClassPathResources321) - Resolved classpath location [kr/co/librarylyh/mapper/] to resources [URL [file:/D:/workspace/Library/Library/target/test-classes/kr/co/librarylyh/mapper/], URL [file:/D:/workspace/Library/Library/target/classes/kr/co/librarylyh/mapper/]]
 DEBUG org.springframework.core.io.support.PathMatchingResourcePatternResolver(doFindMatchingFileSystemResources721) - Looking for matching resources in directory tree [D:\workspace\Library\Library\target\test-classes\kr\co\librarylyh\mapper]
 DEBUG org.springframework.core.io.support.PathMatchingResourcePatternResolver(doRetrieveMatchingFiles783) - Searching directory [D:\workspace\Library\Library\target\test-classes\kr\co\librarylyh\mapper] for files matching pattern [D:/workspace/Library/Library/target/test-classes/kr/co/librarylyh/mapper/**/*.class]
 DEBUG org.springframework.core.io.support.PathMatchingResourcePatternResolver(doFindMatchingFileSystemResources721) - Looking for matching resources in directory tree [D:\workspace\Library\Library\target\classes\kr\co\librarylyh\mapper]
 DEBUG org.springframework.core.io.support.PathMatchingResourcePatternResolver(doRetrieveMatchingFiles783) - Searching directory [D:\workspace\Library\Library\target\classes\kr\co\librarylyh\mapper] for files matching pattern [D:/workspace/Library/Library/target/classes/kr/co/librarylyh/mapper/**/*.class]
 DEBUG org.springframework.core.io.support.PathMatchingResourcePatternResolver(findPathMatchingResources514) - Resolved location pattern [classpath*:kr/co/librarylyh/mapper/**/*.class] to resources [file [D:\workspace\Library\Library\target\test-classes\kr\co\librarylyh\mapper\BookListMapperTests.class], file [D:\workspace\Library\Library\target\classes\kr\co\librarylyh\mapper\BookListMapper.class], file [D:\workspace\Library\Library\target\classes\kr\co\librarylyh\mapper\CategoryMapper.class]]
 DEBUG org.springframework.context.annotation.ClassPathBeanDefinitionScanner(registerDefaultFilters220) - JSR-330 'javax.inject.Named' annotation found and supported for component scanning
 DEBUG org.springframework.core.io.support.PathMatchingResourcePatternResolver(findAllClassPathResources321) - Resolved classpath location [kr/co/librarylyh/aop/] to resources [URL [file:/D:/workspace/Library/Library/target/classes/kr/co/librarylyh/aop/]]
 DEBUG org.springframework.core.io.support.PathMatchingResourcePatternResolver(doFindMatchingFileSystemResources721) - Looking for matching resources in directory tree [D:\workspace\Library\Library\target\classes\kr\co\librarylyh\aop]
 DEBUG org.springframework.core.io.support.PathMatchingResourcePatternResolver(doRetrieveMatchingFiles783) - Searching directory [D:\workspace\Library\Library\target\classes\kr\co\librarylyh\aop] for files matching pattern [D:/workspace/Library/Library/target/classes/kr/co/librarylyh/aop/**/*.class]
 DEBUG org.springframework.core.io.support.PathMatchingResourcePatternResolver(findPathMatchingResources514) - Resolved location pattern [classpath*:kr/co/librarylyh/aop/**/*.class] to resources [file [D:\workspace\Library\Library\target\classes\kr\co\librarylyh\aop\DataBaseExceptionHandlingAspect.class], file [D:\workspace\Library\Library\target\classes\kr\co\librarylyh\aop\DataValidationAspect.class], file [D:\workspace\Library\Library\target\classes\kr\co\librarylyh\aop\ExceptionHandlingAspect.class], file [D:\workspace\Library\Library\target\classes\kr\co\librarylyh\aop\LoggingAspect.class]]
 DEBUG org.springframework.context.annotation.ClassPathBeanDefinitionScanner(scanCandidateComponents437) - Identified candidate component class: file [D:\workspace\Library\Library\target\classes\kr\co\librarylyh\aop\DataBaseExceptionHandlingAspect.class]
 DEBUG org.springframework.context.annotation.ClassPathBeanDefinitionScanner(scanCandidateComponents437) - Identified candidate component class: file [D:\workspace\Library\Library\target\classes\kr\co\librarylyh\aop\DataValidationAspect.class]
 DEBUG org.springframework.context.annotation.ClassPathBeanDefinitionScanner(scanCandidateComponents437) - Identified candidate component class: file [D:\workspace\Library\Library\target\classes\kr\co\librarylyh\aop\ExceptionHandlingAspect.class]
 DEBUG org.springframework.context.annotation.ClassPathBeanDefinitionScanner(scanCandidateComponents437) - Identified candidate component class: file [D:\workspace\Library\Library\target\classes\kr\co\librarylyh\aop\LoggingAspect.class]
 DEBUG org.springframework.core.io.support.PathMatchingResourcePatternResolver(findAllClassPathResources321) - Resolved classpath location [kr/co/librarylyh/domain/] to resources [URL [file:/D:/workspace/Library/Library/target/classes/kr/co/librarylyh/domain/]]
 DEBUG org.springframework.core.io.support.PathMatchingResourcePatternResolver(doFindMatchingFileSystemResources721) - Looking for matching resources in directory tree [D:\workspace\Library\Library\target\classes\kr\co\librarylyh\domain]
 DEBUG org.springframework.core.io.support.PathMatchingResourcePatternResolver(doRetrieveMatchingFiles783) - Searching directory [D:\workspace\Library\Library\target\classes\kr\co\librarylyh\domain] for files matching pattern [D:/workspace/Library/Library/target/classes/kr/co/librarylyh/domain/**/*.class]
 DEBUG org.springframework.core.io.support.PathMatchingResourcePatternResolver(findPathMatchingResources514) - Resolved location pattern [classpath*:kr/co/librarylyh/domain/**/*.class] to resources [file [D:\workspace\Library\Library\target\classes\kr\co\librarylyh\domain\BookListVO.class], file [D:\workspace\Library\Library\target\classes\kr\co\librarylyh\domain\CategoryVO.class], file [D:\workspace\Library\Library\target\classes\kr\co\librarylyh\domain\ListPageDTO.class], file [D:\workspace\Library\Library\target\classes\kr\co\librarylyh\domain\Paging.class]]
 DEBUG org.springframework.core.io.support.PathMatchingResourcePatternResolver(findAllClassPathResources321) - Resolved classpath location [kr/co/librarylyh/service/] to resources [URL [file:/D:/workspace/Library/Library/target/test-classes/kr/co/librarylyh/service/], URL [file:/D:/workspace/Library/Library/target/classes/kr/co/librarylyh/service/]]
 DEBUG org.springframework.core.io.support.PathMatchingResourcePatternResolver(doFindMatchingFileSystemResources721) - Looking for matching resources in directory tree [D:\workspace\Library\Library\target\test-classes\kr\co\librarylyh\service]
 DEBUG org.springframework.core.io.support.PathMatchingResourcePatternResolver(doRetrieveMatchingFiles783) - Searching directory [D:\workspace\Library\Library\target\test-classes\kr\co\librarylyh\service] for files matching pattern [D:/workspace/Library/Library/target/test-classes/kr/co/librarylyh/service/**/*.class]
 DEBUG org.springframework.core.io.support.PathMatchingResourcePatternResolver(doFindMatchingFileSystemResources721) - Looking for matching resources in directory tree [D:\workspace\Library\Library\target\classes\kr\co\librarylyh\service]
 DEBUG org.springframework.core.io.support.PathMatchingResourcePatternResolver(doRetrieveMatchingFiles783) - Searching directory [D:\workspace\Library\Library\target\classes\kr\co\librarylyh\service] for files matching pattern [D:/workspace/Library/Library/target/classes/kr/co/librarylyh/service/**/*.class]
 DEBUG org.springframework.core.io.support.PathMatchingResourcePatternResolver(findPathMatchingResources514) - Resolved location pattern [classpath*:kr/co/librarylyh/service/**/*.class] to resources [file [D:\workspace\Library\Library\target\test-classes\kr\co\librarylyh\service\BookListServiceTests.class], file [D:\workspace\Library\Library\target\classes\kr\co\librarylyh\service\BookListService.class], file [D:\workspace\Library\Library\target\classes\kr\co\librarylyh\service\BookListServiceImpl.class], file [D:\workspace\Library\Library\target\classes\kr\co\librarylyh\service\CategoryService.class], file [D:\workspace\Library\Library\target\classes\kr\co\librarylyh\service\CategoryServiceImpl.class]]
 DEBUG org.springframework.context.annotation.ClassPathBeanDefinitionScanner(scanCandidateComponents437) - Identified candidate component class: file [D:\workspace\Library\Library\target\classes\kr\co\librarylyh\service\BookListServiceImpl.class]
 DEBUG org.springframework.context.annotation.ClassPathBeanDefinitionScanner(scanCandidateComponents437) - Identified candidate component class: file [D:\workspace\Library\Library\target\classes\kr\co\librarylyh\service\CategoryServiceImpl.class]
 DEBUG org.springframework.core.io.support.PathMatchingResourcePatternResolver(findAllClassPathResources321) - Resolved classpath location [kr/co/librarylyh/mapper/] to resources [URL [file:/D:/workspace/Library/Library/target/test-classes/kr/co/librarylyh/mapper/], URL [file:/D:/workspace/Library/Library/target/classes/kr/co/librarylyh/mapper/]]
 DEBUG org.springframework.core.io.support.PathMatchingResourcePatternResolver(doFindMatchingFileSystemResources721) - Looking for matching resources in directory tree [D:\workspace\Library\Library\target\test-classes\kr\co\librarylyh\mapper]
 DEBUG org.springframework.core.io.support.PathMatchingResourcePatternResolver(doRetrieveMatchingFiles783) - Searching directory [D:\workspace\Library\Library\target\test-classes\kr\co\librarylyh\mapper] for files matching pattern [D:/workspace/Library/Library/target/test-classes/kr/co/librarylyh/mapper/**/*.class]
 DEBUG org.springframework.core.io.support.PathMatchingResourcePatternResolver(doFindMatchingFileSystemResources721) - Looking for matching resources in directory tree [D:\workspace\Library\Library\target\classes\kr\co\librarylyh\mapper]
 DEBUG org.springframework.core.io.support.PathMatchingResourcePatternResolver(doRetrieveMatchingFiles783) - Searching directory [D:\workspace\Library\Library\target\classes\kr\co\librarylyh\mapper] for files matching pattern [D:/workspace/Library/Library/target/classes/kr/co/librarylyh/mapper/**/*.class]
 DEBUG org.springframework.core.io.support.PathMatchingResourcePatternResolver(findPathMatchingResources514) - Resolved location pattern [classpath*:kr/co/librarylyh/mapper/**/*.class] to resources [file [D:\workspace\Library\Library\target\test-classes\kr\co\librarylyh\mapper\BookListMapperTests.class], file [D:\workspace\Library\Library\target\classes\kr\co\librarylyh\mapper\BookListMapper.class], file [D:\workspace\Library\Library\target\classes\kr\co\librarylyh\mapper\CategoryMapper.class]]
 DEBUG org.springframework.beans.factory.xml.XmlBeanDefinitionReader(loadBeanDefinitions230) - Loaded 17 bean definitions from location pattern [file:src/main/webapp/WEB-INF/spring/root-context.xml]
 INFO  org.springframework.context.support.GenericApplicationContext(prepareRefresh590) - Refreshing org.springframework.context.support.GenericApplicationContext@11ad095c: startup date [Mon Sep 23 17:46:08 KST 2024]; root of context hierarchy
 DEBUG org.springframework.context.support.GenericApplicationContext(obtainFreshBeanFactory624) - Bean factory for org.springframework.context.support.GenericApplicationContext@11ad095c: org.springframework.beans.factory.support.DefaultListableBeanFactory@69a73867: defining beans [org.springframework.context.annotation.internalConfigurationAnnotationProcessor,org.springframework.context.annotation.internalAutowiredAnnotationProcessor,org.springframework.context.annotation.internalRequiredAnnotationProcessor,org.springframework.context.event.internalEventListenerProcessor,org.springframework.context.event.internalEventListenerFactory,hikariConfig,dataSource,sqlSessionFactory,bookListMapper,categoryMapper,dataBaseExceptionHandlingAspect,dataValidationAspect,exceptionHandlingAspect,loggingAspect,bookListServiceImpl,categoryServiceImpl,org.springframework.aop.config.internalAutoProxyCreator]; root of factory hierarchy
 DEBUG org.springframework.beans.factory.support.DefaultListableBeanFactory(getSingleton213) - Creating shared instance of singleton bean 'org.springframework.context.annotation.internalConfigurationAnnotationProcessor'
 DEBUG org.springframework.beans.factory.support.DefaultListableBeanFactory(createBean468) - Creating instance of bean 'org.springframework.context.annotation.internalConfigurationAnnotationProcessor'
 DEBUG org.springframework.beans.factory.support.DefaultListableBeanFactory(doCreateBean571) - Eagerly caching bean 'org.springframework.context.annotation.internalConfigurationAnnotationProcessor' to allow for resolving potential circular references
 DEBUG org.springframework.beans.factory.support.DefaultListableBeanFactory(createBean505) - Finished creating instance of bean 'org.springframework.context.annotation.internalConfigurationAnnotationProcessor'
 DEBUG org.springframework.beans.factory.support.DefaultListableBeanFactory(getSingleton213) - Creating shared instance of singleton bean 'org.springframework.context.annotation.internalAutowiredAnnotationProcessor'
 DEBUG org.springframework.beans.factory.support.DefaultListableBeanFactory(createBean468) - Creating instance of bean 'org.springframework.context.annotation.internalAutowiredAnnotationProcessor'
 INFO  org.springframework.beans.factory.annotation.AutowiredAnnotationBeanPostProcessor(<init>154) - JSR-330 'javax.inject.Inject' annotation found and supported for autowiring
 DEBUG org.springframework.beans.factory.support.DefaultListableBeanFactory(doCreateBean571) - Eagerly caching bean 'org.springframework.context.annotation.internalAutowiredAnnotationProcessor' to allow for resolving potential circular references
 DEBUG org.springframework.beans.factory.support.DefaultListableBeanFactory(createBean505) - Finished creating instance of bean 'org.springframework.context.annotation.internalAutowiredAnnotationProcessor'
 DEBUG org.springframework.beans.factory.support.DefaultListableBeanFactory(getSingleton213) - Creating shared instance of singleton bean 'org.springframework.context.annotation.internalRequiredAnnotationProcessor'
 DEBUG org.springframework.beans.factory.support.DefaultListableBeanFactory(createBean468) - Creating instance of bean 'org.springframework.context.annotation.internalRequiredAnnotationProcessor'
 DEBUG org.springframework.beans.factory.support.DefaultListableBeanFactory(doCreateBean571) - Eagerly caching bean 'org.springframework.context.annotation.internalRequiredAnnotationProcessor' to allow for resolving potential circular references
 DEBUG org.springframework.beans.factory.support.DefaultListableBeanFactory(createBean505) - Finished creating instance of bean 'org.springframework.context.annotation.internalRequiredAnnotationProcessor'
 DEBUG org.springframework.beans.factory.support.DefaultListableBeanFactory(getSingleton213) - Creating shared instance of singleton bean 'org.springframework.aop.config.internalAutoProxyCreator'
 DEBUG org.springframework.beans.factory.support.DefaultListableBeanFactory(createBean468) - Creating instance of bean 'org.springframework.aop.config.internalAutoProxyCreator'
 DEBUG org.springframework.beans.factory.support.DefaultListableBeanFactory(doCreateBean571) - Eagerly caching bean 'org.springframework.aop.config.internalAutoProxyCreator' to allow for resolving potential circular references
 DEBUG org.springframework.beans.factory.support.DefaultListableBeanFactory(createBean505) - Finished creating instance of bean 'org.springframework.aop.config.internalAutoProxyCreator'
 DEBUG org.springframework.context.support.GenericApplicationContext(initMessageSource741) - Unable to locate MessageSource with name 'messageSource': using default [org.springframework.context.support.DelegatingMessageSource@42b4df5a]
 DEBUG org.springframework.context.support.GenericApplicationContext(initApplicationEventMulticaster765) - Unable to locate ApplicationEventMulticaster with name 'applicationEventMulticaster': using default [org.springframework.context.event.SimpleApplicationEventMulticaster@9f1ca74]
 DEBUG org.springframework.beans.factory.support.DefaultListableBeanFactory(preInstantiateSingletons729) - Pre-instantiating singletons in org.springframework.beans.factory.support.DefaultListableBeanFactory@69a73867: defining beans [org.springframework.context.annotation.internalConfigurationAnnotationProcessor,org.springframework.context.annotation.internalAutowiredAnnotationProcessor,org.springframework.context.annotation.internalRequiredAnnotationProcessor,org.springframework.context.event.internalEventListenerProcessor,org.springframework.context.event.internalEventListenerFactory,hikariConfig,dataSource,sqlSessionFactory,bookListMapper,categoryMapper,dataBaseExceptionHandlingAspect,dataValidationAspect,exceptionHandlingAspect,loggingAspect,bookListServiceImpl,categoryServiceImpl,org.springframework.aop.config.internalAutoProxyCreator]; root of factory hierarchy
 DEBUG org.springframework.beans.factory.support.DefaultListableBeanFactory(doGetBean254) - Returning cached instance of singleton bean 'org.springframework.context.annotation.internalConfigurationAnnotationProcessor'
 DEBUG org.springframework.beans.factory.support.DefaultListableBeanFactory(doGetBean254) - Returning cached instance of singleton bean 'org.springframework.context.annotation.internalAutowiredAnnotationProcessor'
 DEBUG org.springframework.beans.factory.support.DefaultListableBeanFactory(doGetBean254) - Returning cached instance of singleton bean 'org.springframework.context.annotation.internalRequiredAnnotationProcessor'
 DEBUG org.springframework.beans.factory.support.DefaultListableBeanFactory(getSingleton213) - Creating shared instance of singleton bean 'org.springframework.context.event.internalEventListenerProcessor'
 DEBUG org.springframework.beans.factory.support.DefaultListableBeanFactory(createBean468) - Creating instance of bean 'org.springframework.context.event.internalEventListenerProcessor'
 DEBUG org.springframework.aop.aspectj.annotation.ReflectiveAspectJAdvisorFactory(getAdvice243) - Found AspectJ method: public void kr.co.librarylyh.aop.DataBaseExceptionHandlingAspect.handleDatabaseException(org.aspectj.lang.JoinPoint,java.lang.Throwable)
 DEBUG org.springframework.aop.aspectj.annotation.ReflectiveAspectJAdvisorFactory(getAdvice243) - Found AspectJ method: public void kr.co.librarylyh.aop.DataValidationAspect.validateSecurity(org.aspectj.lang.JoinPoint)
 DEBUG org.springframework.aop.aspectj.annotation.ReflectiveAspectJAdvisorFactory(getAdvice243) - Found AspectJ method: public void kr.co.librarylyh.aop.ExceptionHandlingAspect.handleException(org.aspectj.lang.JoinPoint,java.lang.Throwable)
 DEBUG org.springframework.aop.aspectj.annotation.ReflectiveAspectJAdvisorFactory(getAdvice243) - Found AspectJ method: public void kr.co.librarylyh.aop.LoggingAspect.logBefore(org.aspectj.lang.JoinPoint)
 DEBUG org.springframework.aop.aspectj.annotation.ReflectiveAspectJAdvisorFactory(getAdvice243) - Found AspectJ method: public void kr.co.librarylyh.aop.LoggingAspect.logAfterReturning(org.aspectj.lang.JoinPoint,java.lang.Object)
 DEBUG org.springframework.beans.factory.support.DefaultListableBeanFactory(doCreateBean571) - Eagerly caching bean 'org.springframework.context.event.internalEventListenerProcessor' to allow for resolving potential circular references
 DEBUG org.springframework.beans.factory.support.DefaultListableBeanFactory(createBean505) - Finished creating instance of bean 'org.springframework.context.event.internalEventListenerProcessor'
 DEBUG org.springframework.beans.factory.support.DefaultListableBeanFactory(getSingleton213) - Creating shared instance of singleton bean 'org.springframework.context.event.internalEventListenerFactory'
 DEBUG org.springframework.beans.factory.support.DefaultListableBeanFactory(createBean468) - Creating instance of bean 'org.springframework.context.event.internalEventListenerFactory'
 DEBUG org.springframework.beans.factory.support.DefaultListableBeanFactory(doCreateBean571) - Eagerly caching bean 'org.springframework.context.event.internalEventListenerFactory' to allow for resolving potential circular references
 DEBUG org.springframework.beans.factory.support.DefaultListableBeanFactory(createBean505) - Finished creating instance of bean 'org.springframework.context.event.internalEventListenerFactory'
 DEBUG org.springframework.beans.factory.support.DefaultListableBeanFactory(getSingleton213) - Creating shared instance of singleton bean 'hikariConfig'
 DEBUG org.springframework.beans.factory.support.DefaultListableBeanFactory(createBean468) - Creating instance of bean 'hikariConfig'
 DEBUG org.springframework.beans.factory.support.DefaultListableBeanFactory(doCreateBean571) - Eagerly caching bean 'hikariConfig' to allow for resolving potential circular references
 DEBUG org.springframework.beans.factory.support.DefaultListableBeanFactory(createBean505) - Finished creating instance of bean 'hikariConfig'
 DEBUG org.springframework.beans.factory.support.DefaultListableBeanFactory(getSingleton213) - Creating shared instance of singleton bean 'dataSource'
 DEBUG org.springframework.beans.factory.support.DefaultListableBeanFactory(createBean468) - Creating instance of bean 'dataSource'
 DEBUG org.springframework.beans.factory.support.DefaultListableBeanFactory(doGetBean254) - Returning cached instance of singleton bean 'hikariConfig'
 INFO  com.zaxxer.hikari.HikariDataSource(<init>80) - HikariPool-3 - Starting...
 INFO  jdbc.connection(connectionOpened541) - 21. Connection opened
 INFO  jdbc.audit(methodReturned175) - 21. Connection.new Connection returned 
 INFO  com.zaxxer.hikari.pool.PoolBase(getAndSetNetworkTimeout516) - HikariPool-3 - Driver does not support get/set network timeout for connections. (Receiver class net.sf.log4jdbc.sql.jdbcapi.ConnectionSpy does not define or inherit an implementation of the resolved method 'abstract int getNetworkTimeout()' of interface java.sql.Connection.)
 INFO  jdbc.audit(methodReturned175) - 21. Connection.setReadOnly(false) returned 
 INFO  jdbc.audit(methodReturned175) - 21. Connection.setAutoCommit(true) returned 
 INFO  jdbc.audit(methodReturned175) - 21. Connection.isValid(1) returned true
 INFO  jdbc.audit(methodReturned175) - 21. Connection.getTransactionIsolation() returned 2
 INFO  com.zaxxer.hikari.HikariDataSource(<init>82) - HikariPool-3 - Start completed.
 DEBUG org.springframework.beans.factory.support.DefaultListableBeanFactory(doCreateBean571) - Eagerly caching bean 'dataSource' to allow for resolving potential circular references
 DEBUG org.springframework.beans.factory.support.DefaultListableBeanFactory(createBean505) - Finished creating instance of bean 'dataSource'
 DEBUG org.springframework.beans.factory.support.DefaultListableBeanFactory(getSingleton213) - Creating shared instance of singleton bean 'sqlSessionFactory'
 DEBUG org.springframework.beans.factory.support.DefaultListableBeanFactory(createBean468) - Creating instance of bean 'sqlSessionFactory'
 DEBUG org.springframework.beans.factory.support.DefaultListableBeanFactory(doCreateBean571) - Eagerly caching bean 'sqlSessionFactory' to allow for resolving potential circular references
 DEBUG org.springframework.beans.factory.support.DefaultListableBeanFactory(doGetBean254) - Returning cached instance of singleton bean 'dataSource'
 DEBUG org.springframework.beans.factory.support.DefaultListableBeanFactory(invokeInitMethods1753) - Invoking afterPropertiesSet() on bean with name 'sqlSessionFactory'
 DEBUG org.springframework.beans.factory.support.DefaultListableBeanFactory(createBean505) - Finished creating instance of bean 'sqlSessionFactory'
 DEBUG org.springframework.beans.factory.support.DefaultListableBeanFactory(getSingleton213) - Creating shared instance of singleton bean 'bookListMapper'
 DEBUG org.springframework.beans.factory.support.DefaultListableBeanFactory(createBean468) - Creating instance of bean 'bookListMapper'
 DEBUG org.springframework.beans.factory.support.DefaultListableBeanFactory(doCreateBean571) - Eagerly caching bean 'bookListMapper' to allow for resolving potential circular references
 DEBUG org.springframework.beans.factory.support.DefaultListableBeanFactory(doGetBean254) - Returning cached instance of singleton bean 'sqlSessionFactory'
 DEBUG org.springframework.beans.factory.support.DefaultListableBeanFactory(autowireByType1437) - Autowiring by type from bean name 'bookListMapper' via property 'sqlSessionFactory' to bean named 'sqlSessionFactory'
 DEBUG org.springframework.beans.factory.support.DefaultListableBeanFactory(invokeInitMethods1753) - Invoking afterPropertiesSet() on bean with name 'bookListMapper'
 DEBUG org.springframework.beans.factory.support.DefaultListableBeanFactory(createBean505) - Finished creating instance of bean 'bookListMapper'
 DEBUG org.springframework.beans.factory.support.DefaultListableBeanFactory(getSingleton213) - Creating shared instance of singleton bean 'categoryMapper'
 DEBUG org.springframework.beans.factory.support.DefaultListableBeanFactory(createBean468) - Creating instance of bean 'categoryMapper'
 DEBUG org.springframework.beans.factory.support.DefaultListableBeanFactory(doCreateBean571) - Eagerly caching bean 'categoryMapper' to allow for resolving potential circular references
 DEBUG org.springframework.beans.factory.support.DefaultListableBeanFactory(doGetBean254) - Returning cached instance of singleton bean 'sqlSessionFactory'
 DEBUG org.springframework.beans.factory.support.DefaultListableBeanFactory(autowireByType1437) - Autowiring by type from bean name 'categoryMapper' via property 'sqlSessionFactory' to bean named 'sqlSessionFactory'
 DEBUG org.springframework.beans.factory.support.DefaultListableBeanFactory(invokeInitMethods1753) - Invoking afterPropertiesSet() on bean with name 'categoryMapper'
 DEBUG org.springframework.beans.factory.support.DefaultListableBeanFactory(createBean505) - Finished creating instance of bean 'categoryMapper'
 DEBUG org.springframework.beans.factory.support.DefaultListableBeanFactory(getSingleton213) - Creating shared instance of singleton bean 'dataBaseExceptionHandlingAspect'
 DEBUG org.springframework.beans.factory.support.DefaultListableBeanFactory(createBean468) - Creating instance of bean 'dataBaseExceptionHandlingAspect'
 DEBUG org.springframework.beans.factory.annotation.InjectionMetadata(checkConfigMembers74) - Registered injected element on class [kr.co.librarylyh.aop.DataBaseExceptionHandlingAspect]: AutowiredFieldElement for private kr.co.librarylyh.aop.LoggingAspect kr.co.librarylyh.aop.DataBaseExceptionHandlingAspect.loggingAspect
 DEBUG org.springframework.beans.factory.support.DefaultListableBeanFactory(doCreateBean571) - Eagerly caching bean 'dataBaseExceptionHandlingAspect' to allow for resolving potential circular references
 DEBUG org.springframework.beans.factory.annotation.InjectionMetadata(inject89) - Processing injected element of bean 'dataBaseExceptionHandlingAspect': AutowiredFieldElement for private kr.co.librarylyh.aop.LoggingAspect kr.co.librarylyh.aop.DataBaseExceptionHandlingAspect.loggingAspect
 DEBUG org.springframework.beans.factory.support.DefaultListableBeanFactory(getSingleton213) - Creating shared instance of singleton bean 'loggingAspect'
 DEBUG org.springframework.beans.factory.support.DefaultListableBeanFactory(createBean468) - Creating instance of bean 'loggingAspect'
 DEBUG org.springframework.beans.factory.support.DefaultListableBeanFactory(doCreateBean571) - Eagerly caching bean 'loggingAspect' to allow for resolving potential circular references
 DEBUG org.springframework.beans.factory.support.DefaultListableBeanFactory(createBean505) - Finished creating instance of bean 'loggingAspect'
 DEBUG org.springframework.beans.factory.annotation.AutowiredAnnotationBeanPostProcessor(registerDependentBeans530) - Autowiring by type from bean name 'dataBaseExceptionHandlingAspect' to bean named 'loggingAspect'
 DEBUG org.springframework.beans.factory.support.DefaultListableBeanFactory(createBean505) - Finished creating instance of bean 'dataBaseExceptionHandlingAspect'
 DEBUG org.springframework.beans.factory.support.DefaultListableBeanFactory(getSingleton213) - Creating shared instance of singleton bean 'dataValidationAspect'
 DEBUG org.springframework.beans.factory.support.DefaultListableBeanFactory(createBean468) - Creating instance of bean 'dataValidationAspect'
 DEBUG org.springframework.beans.factory.annotation.InjectionMetadata(checkConfigMembers74) - Registered injected element on class [kr.co.librarylyh.aop.DataValidationAspect]: AutowiredFieldElement for private kr.co.librarylyh.aop.LoggingAspect kr.co.librarylyh.aop.DataValidationAspect.loggingAspect
 DEBUG org.springframework.beans.factory.support.DefaultListableBeanFactory(doCreateBean571) - Eagerly caching bean 'dataValidationAspect' to allow for resolving potential circular references
 DEBUG org.springframework.beans.factory.annotation.InjectionMetadata(inject89) - Processing injected element of bean 'dataValidationAspect': AutowiredFieldElement for private kr.co.librarylyh.aop.LoggingAspect kr.co.librarylyh.aop.DataValidationAspect.loggingAspect
 DEBUG org.springframework.beans.factory.support.DefaultListableBeanFactory(doGetBean254) - Returning cached instance of singleton bean 'loggingAspect'
 DEBUG org.springframework.beans.factory.annotation.AutowiredAnnotationBeanPostProcessor(registerDependentBeans530) - Autowiring by type from bean name 'dataValidationAspect' to bean named 'loggingAspect'
 DEBUG org.springframework.beans.factory.support.DefaultListableBeanFactory(createBean505) - Finished creating instance of bean 'dataValidationAspect'
 DEBUG org.springframework.beans.factory.support.DefaultListableBeanFactory(getSingleton213) - Creating shared instance of singleton bean 'exceptionHandlingAspect'
 DEBUG org.springframework.beans.factory.support.DefaultListableBeanFactory(createBean468) - Creating instance of bean 'exceptionHandlingAspect'
 DEBUG org.springframework.beans.factory.annotation.InjectionMetadata(checkConfigMembers74) - Registered injected element on class [kr.co.librarylyh.aop.ExceptionHandlingAspect]: AutowiredFieldElement for private kr.co.librarylyh.aop.LoggingAspect kr.co.librarylyh.aop.ExceptionHandlingAspect.loggingAspect
 DEBUG org.springframework.beans.factory.support.DefaultListableBeanFactory(doCreateBean571) - Eagerly caching bean 'exceptionHandlingAspect' to allow for resolving potential circular references
 DEBUG org.springframework.beans.factory.annotation.InjectionMetadata(inject89) - Processing injected element of bean 'exceptionHandlingAspect': AutowiredFieldElement for private kr.co.librarylyh.aop.LoggingAspect kr.co.librarylyh.aop.ExceptionHandlingAspect.loggingAspect
 DEBUG org.springframework.beans.factory.support.DefaultListableBeanFactory(doGetBean254) - Returning cached instance of singleton bean 'loggingAspect'
 DEBUG org.springframework.beans.factory.annotation.AutowiredAnnotationBeanPostProcessor(registerDependentBeans530) - Autowiring by type from bean name 'exceptionHandlingAspect' to bean named 'loggingAspect'
 DEBUG org.springframework.beans.factory.support.DefaultListableBeanFactory(createBean505) - Finished creating instance of bean 'exceptionHandlingAspect'
 DEBUG org.springframework.beans.factory.support.DefaultListableBeanFactory(doGetBean254) - Returning cached instance of singleton bean 'loggingAspect'
 DEBUG org.springframework.beans.factory.support.DefaultListableBeanFactory(getSingleton213) - Creating shared instance of singleton bean 'bookListServiceImpl'
 DEBUG org.springframework.beans.factory.support.DefaultListableBeanFactory(createBean468) - Creating instance of bean 'bookListServiceImpl'
 DEBUG org.springframework.beans.factory.annotation.InjectionMetadata(checkConfigMembers74) - Registered injected element on class [kr.co.librarylyh.service.BookListServiceImpl]: AutowiredMethodElement for public void kr.co.librarylyh.service.BookListServiceImpl.setMapper(kr.co.librarylyh.mapper.BookListMapper)
 DEBUG org.springframework.beans.factory.support.DefaultListableBeanFactory(doCreateBean571) - Eagerly caching bean 'bookListServiceImpl' to allow for resolving potential circular references
 DEBUG org.springframework.beans.factory.annotation.InjectionMetadata(inject89) - Processing injected element of bean 'bookListServiceImpl': AutowiredMethodElement for public void kr.co.librarylyh.service.BookListServiceImpl.setMapper(kr.co.librarylyh.mapper.BookListMapper)
 DEBUG org.springframework.beans.factory.support.DefaultListableBeanFactory(doGetBean254) - Returning cached instance of singleton bean 'bookListMapper'
 DEBUG org.springframework.aop.aspectj.annotation.AnnotationAwareAspectJAutoProxyCreator(buildAdvisors531) - Creating implicit proxy for bean 'bookListMapper' with 0 common interceptors and 4 specific interceptors
 DEBUG org.springframework.aop.framework.JdkDynamicAopProxy(getProxy119) - Creating JDK dynamic proxy: target source is SingletonTargetSource for target object [com.sun.proxy.$Proxy57@419f0ea]
 DEBUG org.springframework.beans.factory.annotation.AutowiredAnnotationBeanPostProcessor(registerDependentBeans530) - Autowiring by type from bean name 'bookListServiceImpl' to bean named 'bookListMapper'
 DEBUG org.springframework.aop.aspectj.annotation.AnnotationAwareAspectJAutoProxyCreator(buildAdvisors531) - Creating implicit proxy for bean 'bookListServiceImpl' with 0 common interceptors and 5 specific interceptors
 DEBUG org.springframework.aop.framework.CglibAopProxy(getProxy161) - Creating CGLIB proxy: target source is SingletonTargetSource for target object [kr.co.librarylyh.service.BookListServiceImpl@2d47b06]
 DEBUG org.springframework.beans.factory.support.DefaultListableBeanFactory(createBean505) - Finished creating instance of bean 'bookListServiceImpl'
 DEBUG org.springframework.beans.factory.support.DefaultListableBeanFactory(getSingleton213) - Creating shared instance of singleton bean 'categoryServiceImpl'
 DEBUG org.springframework.beans.factory.support.DefaultListableBeanFactory(createBean468) - Creating instance of bean 'categoryServiceImpl'
 DEBUG org.springframework.beans.factory.annotation.InjectionMetadata(checkConfigMembers74) - Registered injected element on class [kr.co.librarylyh.service.CategoryServiceImpl]: AutowiredMethodElement for public void kr.co.librarylyh.service.CategoryServiceImpl.setCategoryMapper(kr.co.librarylyh.mapper.CategoryMapper)
 DEBUG org.springframework.beans.factory.support.DefaultListableBeanFactory(doCreateBean571) - Eagerly caching bean 'categoryServiceImpl' to allow for resolving potential circular references
 DEBUG org.springframework.beans.factory.annotation.InjectionMetadata(inject89) - Processing injected element of bean 'categoryServiceImpl': AutowiredMethodElement for public void kr.co.librarylyh.service.CategoryServiceImpl.setCategoryMapper(kr.co.librarylyh.mapper.CategoryMapper)
 DEBUG org.springframework.beans.factory.support.DefaultListableBeanFactory(doGetBean254) - Returning cached instance of singleton bean 'categoryMapper'
 DEBUG org.springframework.aop.aspectj.annotation.AnnotationAwareAspectJAutoProxyCreator(buildAdvisors531) - Creating implicit proxy for bean 'categoryMapper' with 0 common interceptors and 4 specific interceptors
 DEBUG org.springframework.aop.framework.JdkDynamicAopProxy(getProxy119) - Creating JDK dynamic proxy: target source is SingletonTargetSource for target object [com.sun.proxy.$Proxy59@3c544c9]
 DEBUG org.springframework.beans.factory.annotation.AutowiredAnnotationBeanPostProcessor(registerDependentBeans530) - Autowiring by type from bean name 'categoryServiceImpl' to bean named 'categoryMapper'
 DEBUG org.springframework.aop.aspectj.annotation.AnnotationAwareAspectJAutoProxyCreator(buildAdvisors531) - Creating implicit proxy for bean 'categoryServiceImpl' with 0 common interceptors and 5 specific interceptors
 DEBUG org.springframework.aop.framework.CglibAopProxy(getProxy161) - Creating CGLIB proxy: target source is SingletonTargetSource for target object [kr.co.librarylyh.service.CategoryServiceImpl@22e813fc]
 DEBUG org.springframework.beans.factory.support.DefaultListableBeanFactory(createBean505) - Finished creating instance of bean 'categoryServiceImpl'
 DEBUG org.springframework.beans.factory.support.DefaultListableBeanFactory(doGetBean254) - Returning cached instance of singleton bean 'org.springframework.aop.config.internalAutoProxyCreator'
 DEBUG org.springframework.beans.factory.support.DefaultListableBeanFactory(doGetBean254) - Returning cached instance of singleton bean 'org.springframework.context.event.internalEventListenerFactory'
 DEBUG org.springframework.context.support.GenericApplicationContext(initLifecycleProcessor792) - Unable to locate LifecycleProcessor with name 'lifecycleProcessor': using default [org.springframework.context.support.DefaultLifecycleProcessor@433d93e7]
 DEBUG org.springframework.beans.factory.support.DefaultListableBeanFactory(doGetBean254) - Returning cached instance of singleton bean 'lifecycleProcessor'
 DEBUG org.springframework.beans.factory.support.DefaultListableBeanFactory(doGetBean254) - Returning cached instance of singleton bean 'sqlSessionFactory'
 DEBUG org.springframework.core.env.PropertySourcesPropertyResolver(getProperty96) - Could not find key 'spring.liveBeansView.mbeanDomain' in any property source
 DEBUG org.springframework.test.context.cache.DefaultCacheAwareContextLoaderDelegate(loadContext119) - Storing ApplicationContext in cache under key [[MergedContextConfiguration@4a336377 testClass = BookListMapperTests, locations = '{file:src/main/webapp/WEB-INF/spring/root-context.xml}', classes = '{}', contextInitializerClasses = '[]', activeProfiles = '{}', propertySourceLocations = '{}', propertySourceProperties = '{}', contextCustomizers = set[[empty]], contextLoader = 'org.springframework.test.context.support.DelegatingSmartContextLoader', parent = [null]]]
 DEBUG org.springframework.test.context.cache(logStatistics290) - Spring test ApplicationContext cache statistics: [DefaultContextCache@a5e8260 size = 2, maxSize = 32, parentContextCount = 0, hitCount = 9, missCount = 3]
 DEBUG org.springframework.beans.factory.annotation.InjectionMetadata(inject89) - Processing injected element of bean 'kr.co.librarylyh.mapper.BookListMapperTests': AutowiredFieldElement for private kr.co.librarylyh.mapper.BookListMapper kr.co.librarylyh.mapper.BookListMapperTests.mapper
 DEBUG org.springframework.beans.factory.support.DefaultListableBeanFactory(doGetBean254) - Returning cached instance of singleton bean 'bookListMapper'
 DEBUG org.springframework.beans.factory.annotation.AutowiredAnnotationBeanPostProcessor(registerDependentBeans530) - Autowiring by type from bean name 'kr.co.librarylyh.mapper.BookListMapperTests' to bean named 'bookListMapper'
 DEBUG org.springframework.aop.aspectj.annotation.AnnotationAwareAspectJAutoProxyCreator(buildAdvisors531) - Creating implicit proxy for bean 'kr.co.librarylyh.mapper.BookListMapperTests' with 0 common interceptors and 4 specific interceptors
 DEBUG org.springframework.aop.framework.CglibAopProxy(getProxy161) - Creating CGLIB proxy: target source is SingletonTargetSource for target object [kr.co.librarylyh.mapper.BookListMapperTests@65af05b2]
 DEBUG org.springframework.aop.framework.CglibAopProxy(accept861) - Unable to apply any optimizations to advised method: public void kr.co.librarylyh.mapper.BookListMapperTests.setUp()
 DEBUG org.springframework.aop.framework.CglibAopProxy(accept861) - Unable to apply any optimizations to advised method: public void kr.co.librarylyh.mapper.BookListMapperTests.testUpdate()
 DEBUG org.springframework.aop.framework.CglibAopProxy(accept861) - Unable to apply any optimizations to advised method: public void kr.co.librarylyh.mapper.BookListMapperTests.testDelete()
 DEBUG org.springframework.aop.framework.CglibAopProxy(accept861) - Unable to apply any optimizations to advised method: public void kr.co.librarylyh.mapper.BookListMapperTests.testInsert()
 DEBUG org.springframework.aop.framework.CglibAopProxy(accept861) - Unable to apply any optimizations to advised method: public void kr.co.librarylyh.mapper.BookListMapperTests.testRead()
 DEBUG org.springframework.aop.framework.CglibAopProxy(accept825) - Found 'equals' method: public boolean java.lang.Object.equals(java.lang.Object)
 DEBUG org.springframework.aop.framework.CglibAopProxy(accept861) - Unable to apply any optimizations to advised method: public java.lang.String java.lang.Object.toString()
 DEBUG org.springframework.aop.framework.CglibAopProxy(accept830) - Found 'hashCode' method: public native int java.lang.Object.hashCode()
 DEBUG org.springframework.aop.framework.CglibAopProxy(accept861) - Unable to apply any optimizations to advised method: protected native java.lang.Object java.lang.Object.clone() throws java.lang.CloneNotSupportedException
 DEBUG org.springframework.aop.framework.CglibAopProxy(accept819) - Method is declared on Advised interface: public abstract int org.springframework.aop.framework.Advised.indexOf(org.springframework.aop.Advisor)
 DEBUG org.springframework.aop.framework.CglibAopProxy(accept819) - Method is declared on Advised interface: public abstract int org.springframework.aop.framework.Advised.indexOf(org.aopalliance.aop.Advice)
 DEBUG org.springframework.aop.framework.CglibAopProxy(accept819) - Method is declared on Advised interface: public abstract boolean org.springframework.aop.framework.Advised.isFrozen()
 DEBUG org.springframework.aop.framework.CglibAopProxy(accept819) - Method is declared on Advised interface: public abstract void org.springframework.aop.framework.Advised.setExposeProxy(boolean)
 DEBUG org.springframework.aop.framework.CglibAopProxy(accept819) - Method is declared on Advised interface: public abstract boolean org.springframework.aop.framework.Advised.isExposeProxy()
 DEBUG org.springframework.aop.framework.CglibAopProxy(accept819) - Method is declared on Advised interface: public abstract boolean org.springframework.aop.framework.Advised.isProxyTargetClass()
 DEBUG org.springframework.aop.framework.CglibAopProxy(accept819) - Method is declared on Advised interface: public abstract void org.springframework.aop.framework.Advised.setPreFiltered(boolean)
 DEBUG org.springframework.aop.framework.CglibAopProxy(accept819) - Method is declared on Advised interface: public abstract org.springframework.aop.TargetSource org.springframework.aop.framework.Advised.getTargetSource()
 DEBUG org.springframework.aop.framework.CglibAopProxy(accept819) - Method is declared on Advised interface: public abstract org.springframework.aop.Advisor[] org.springframework.aop.framework.Advised.getAdvisors()
 DEBUG org.springframework.aop.framework.CglibAopProxy(accept819) - Method is declared on Advised interface: public abstract void org.springframework.aop.framework.Advised.setTargetSource(org.springframework.aop.TargetSource)
 DEBUG org.springframework.aop.framework.CglibAopProxy(accept819) - Method is declared on Advised interface: public abstract boolean org.springframework.aop.framework.Advised.replaceAdvisor(org.springframework.aop.Advisor,org.springframework.aop.Advisor) throws org.springframework.aop.framework.AopConfigException
 DEBUG org.springframework.aop.framework.CglibAopProxy(accept819) - Method is declared on Advised interface: public abstract void org.springframework.aop.framework.Advised.removeAdvisor(int) throws org.springframework.aop.framework.AopConfigException
 DEBUG org.springframework.aop.framework.CglibAopProxy(accept819) - Method is declared on Advised interface: public abstract boolean org.springframework.aop.framework.Advised.removeAdvisor(org.springframework.aop.Advisor)
 DEBUG org.springframework.aop.framework.CglibAopProxy(accept819) - Method is declared on Advised interface: public abstract boolean org.springframework.aop.framework.Advised.isInterfaceProxied(java.lang.Class)
 DEBUG org.springframework.aop.framework.CglibAopProxy(accept819) - Method is declared on Advised interface: public abstract void org.springframework.aop.framework.Advised.addAdvice(org.aopalliance.aop.Advice) throws org.springframework.aop.framework.AopConfigException
 DEBUG org.springframework.aop.framework.CglibAopProxy(accept819) - Method is declared on Advised interface: public abstract void org.springframework.aop.framework.Advised.addAdvice(int,org.aopalliance.aop.Advice) throws org.springframework.aop.framework.AopConfigException
 DEBUG org.springframework.aop.framework.CglibAopProxy(accept819) - Method is declared on Advised interface: public abstract void org.springframework.aop.framework.Advised.addAdvisor(int,org.springframework.aop.Advisor) throws org.springframework.aop.framework.AopConfigException
 DEBUG org.springframework.aop.framework.CglibAopProxy(accept819) - Method is declared on Advised interface: public abstract void org.springframework.aop.framework.Advised.addAdvisor(org.springframework.aop.Advisor) throws org.springframework.aop.framework.AopConfigException
 DEBUG org.springframework.aop.framework.CglibAopProxy(accept819) - Method is declared on Advised interface: public abstract boolean org.springframework.aop.framework.Advised.isPreFiltered()
 DEBUG org.springframework.aop.framework.CglibAopProxy(accept819) - Method is declared on Advised interface: public abstract boolean org.springframework.aop.framework.Advised.removeAdvice(org.aopalliance.aop.Advice)
 DEBUG org.springframework.aop.framework.CglibAopProxy(accept819) - Method is declared on Advised interface: public abstract java.lang.Class[] org.springframework.aop.framework.Advised.getProxiedInterfaces()
 DEBUG org.springframework.aop.framework.CglibAopProxy(accept819) - Method is declared on Advised interface: public abstract java.lang.String org.springframework.aop.framework.Advised.toProxyConfigString()
 DEBUG org.springframework.aop.framework.CglibAopProxy(accept819) - Method is declared on Advised interface: public abstract java.lang.Class org.springframework.aop.TargetClassAware.getTargetClass()
 DEBUG org.springframework.test.context.support.AbstractDirtiesContextTestExecutionListener(beforeOrAfterTestMethod107) - Before test method: context [DefaultTestContext@15f519f7 testClass = BookListMapperTests, testInstance = kr.co.librarylyh.mapper.BookListMapperTests@65af05b2, testMethod = testRead@BookListMapperTests, testException = [null], mergedContextConfiguration = [MergedContextConfiguration@4a336377 testClass = BookListMapperTests, locations = '{file:src/main/webapp/WEB-INF/spring/root-context.xml}', classes = '{}', contextInitializerClasses = '[]', activeProfiles = '{}', propertySourceLocations = '{}', propertySourceProperties = '{}', contextCustomizers = set[[empty]], contextLoader = 'org.springframework.test.context.support.DelegatingSmartContextLoader', parent = [null]], attributes = map[[empty]]], class annotated with @DirtiesContext [false] with mode [null], method annotated with @DirtiesContext [false] with mode [null].
 INFO  kr.co.librarylyh.mapper.BookListMapperTests(testRead65) - 매퍼 책 조회 테스트 시작
 DEBUG org.springframework.beans.factory.support.DefaultListableBeanFactory(doGetBean254) - Returning cached instance of singleton bean 'loggingAspect'
 INFO  kr.co.librarylyh.aop.LoggingAspect(processLog70) - 버퍼에 로그 저장: 
 INFO  kr.co.librarylyh.aop.LoggingAspect(clearBuffer94) - 버퍼가 5초 이상 연결되지 않아 비워짐
 DEBUG org.springframework.jdbc.datasource.DataSourceUtils(doGetConnection114) - Fetching JDBC Connection from DataSource
 INFO  jdbc.audit(methodReturned175) - 21. Connection.getAutoCommit() returned true
 INFO  jdbc.connection(connectionOpened541) - 22. Connection opened
 INFO  jdbc.audit(methodReturned175) - 22. Connection.new Connection returned 
 INFO  jdbc.audit(methodReturned175) - 22. Connection.setReadOnly(false) returned 
 INFO  jdbc.audit(methodReturned175) - 22. Connection.setAutoCommit(true) returned 
 INFO  jdbc.connection(connectionOpened541) - 23. Connection opened
 INFO  jdbc.audit(methodReturned175) - 23. Connection.new Connection returned 
 INFO  jdbc.audit(methodReturned175) - 23. Connection.setReadOnly(false) returned 
 INFO  jdbc.audit(methodReturned175) - 23. Connection.setAutoCommit(true) returned 
 INFO  jdbc.connection(connectionOpened541) - 24. Connection opened
 INFO  jdbc.audit(methodReturned175) - 24. Connection.new Connection returned 
 INFO  jdbc.audit(methodReturned175) - 24. Connection.setReadOnly(false) returned 
 INFO  jdbc.audit(methodReturned175) - 24. Connection.setAutoCommit(true) returned 
 INFO  jdbc.connection(connectionOpened541) - 25. Connection opened
 INFO  jdbc.audit(methodReturned175) - 25. Connection.new Connection returned 
 INFO  jdbc.audit(methodReturned175) - 25. Connection.setReadOnly(false) returned 
 INFO  jdbc.audit(methodReturned175) - 25. Connection.setAutoCommit(true) returned 
 INFO  jdbc.connection(connectionOpened541) - 26. Connection opened
 INFO  jdbc.audit(methodReturned175) - 26. Connection.new Connection returned 
 INFO  jdbc.audit(methodReturned175) - 26. Connection.setReadOnly(false) returned 
 INFO  jdbc.audit(methodReturned175) - 26. Connection.setAutoCommit(true) returned 
 INFO  jdbc.connection(connectionOpened541) - 27. Connection opened
 INFO  jdbc.audit(methodReturned175) - 27. Connection.new Connection returned 
 INFO  jdbc.audit(methodReturned175) - 27. Connection.setReadOnly(false) returned 
 INFO  jdbc.audit(methodReturned175) - 27. Connection.setAutoCommit(true) returned 
 INFO  jdbc.audit(methodReturned175) - 21. PreparedStatement.new PreparedStatement returned 
 INFO  jdbc.audit(methodReturned175) - 21. Connection.prepareStatement(SELECT b.*, bd.* FROM book_tbl b LEFT JOIN book_detail_tbl bd ON b.isbn13 = bd.isbn13 WHERE b.isbn13 = ?) returned net.sf.log4jdbc.sql.jdbcapi.PreparedStatementSpy@6dbbdf92
 INFO  jdbc.audit(methodReturned175) - 21. PreparedStatement.setLong(1, 1234567890123) returned 
 INFO  jdbc.connection(connectionOpened541) - 28. Connection opened
 INFO  jdbc.audit(methodReturned175) - 28. Connection.new Connection returned 
 INFO  jdbc.sqlonly(sqlOccurred228) - SELECT b.*, bd.* FROM book_tbl b LEFT JOIN book_detail_tbl bd ON b.isbn13 = bd.isbn13 WHERE 
b.isbn13 = 1234567890123 

 INFO  jdbc.audit(methodReturned175) - 28. Connection.setReadOnly(false) returned 
 INFO  jdbc.audit(methodReturned175) - 28. Connection.setAutoCommit(true) returned 
 INFO  jdbc.connection(connectionOpened541) - 29. Connection opened
 INFO  jdbc.audit(methodReturned175) - 29. Connection.new Connection returned 
 INFO  jdbc.audit(methodReturned175) - 29. Connection.setReadOnly(false) returned 
 INFO  jdbc.audit(methodReturned175) - 29. Connection.setAutoCommit(true) returned 
 INFO  jdbc.connection(connectionOpened541) - 30. Connection opened
 INFO  jdbc.audit(methodReturned175) - 30. Connection.new Connection returned 
 INFO  jdbc.audit(methodReturned175) - 30. Connection.setReadOnly(false) returned 
 INFO  jdbc.audit(methodReturned175) - 30. Connection.setAutoCommit(true) returned 
 INFO  jdbc.sqltiming(sqlTimingOccurred373) - SELECT b.*, bd.* FROM book_tbl b LEFT JOIN book_detail_tbl bd ON b.isbn13 = bd.isbn13 WHERE 
b.isbn13 = 1234567890123 
 {executed in 150 msec}
 INFO  jdbc.audit(methodReturned175) - 21. PreparedStatement.execute() returned true
 INFO  jdbc.resultset(methodReturned175) - 21. ResultSet.new ResultSet returned 
 INFO  jdbc.audit(methodReturned175) - 21. PreparedStatement.getResultSet() returned net.sf.log4jdbc.sql.jdbcapi.ResultSetSpy@3e998033
 INFO  jdbc.resultset(methodReturned175) - 21. ResultSet.getMetaData() returned oracle.jdbc.driver.OracleResultSetMetaData@16ef1160
 INFO  jdbc.resultset(methodReturned175) - 21. ResultSet.getType() returned 1003
 INFO  jdbc.resultsettable(resultSetCollected610) - 
|-------|-----|-------|----------|------|----------------|------|----------------|------------|--------------|----------|-------|----------------|----------|-------|---------|-----------|-----------|-----------|-----------|-----------|
|isbn13 |book |author |publisher |price |rentalavailable |photo |publicationdate |reviewcount |averagerating |bookcount |isbn13 |bookdescription |pagecount |weight |booksize |star5count |star4count |star3count |star2count |star1count |
|-------|-----|-------|----------|------|----------------|------|----------------|------------|--------------|----------|-------|----------------|----------|-------|---------|-----------|-----------|-----------|-----------|-----------|
|-------|-----|-------|----------|------|----------------|------|----------------|------------|--------------|----------|-------|----------------|----------|-------|---------|-----------|-----------|-----------|-----------|-----------|

 INFO  jdbc.resultset(methodReturned175) - 21. ResultSet.next() returned false
 INFO  jdbc.resultset(methodReturned175) - 21. ResultSet.close() returned void
 INFO  jdbc.audit(methodReturned175) - 21. Connection.getMetaData() returned oracle.jdbc.driver.OracleDatabaseMetaData@40dee07b
 INFO  jdbc.audit(methodReturned175) - 21. PreparedStatement.isClosed() returned false
 INFO  jdbc.audit(methodReturned175) - 21. PreparedStatement.close() returned 
 DEBUG org.springframework.jdbc.datasource.DataSourceUtils(doReleaseConnection340) - Returning JDBC Connection to DataSource
 INFO  jdbc.audit(methodReturned175) - 21. Connection.clearWarnings() returned 
 INFO  kr.co.librarylyh.aop.LoggingAspect(processLog70) - 버퍼에 로그 저장: 
 DEBUG org.springframework.test.context.support.AbstractDirtiesContextTestExecutionListener(beforeOrAfterTestMethod107) - After test method: context [DefaultTestContext@15f519f7 testClass = BookListMapperTests, testInstance = kr.co.librarylyh.mapper.BookListMapperTests@65af05b2, testMethod = testRead@BookListMapperTests, testException = java.lang.AssertionError, mergedContextConfiguration = [MergedContextConfiguration@4a336377 testClass = BookListMapperTests, locations = '{file:src/main/webapp/WEB-INF/spring/root-context.xml}', classes = '{}', contextInitializerClasses = '[]', activeProfiles = '{}', propertySourceLocations = '{}', propertySourceProperties = '{}', contextCustomizers = set[[empty]], contextLoader = 'org.springframework.test.context.support.DelegatingSmartContextLoader', parent = [null]], attributes = map[[empty]]], class annotated with @DirtiesContext [false] with mode [null], method annotated with @DirtiesContext [false] with mode [null].
]]></system-out>
  </testcase>
  <testcase name="testDelete" classname="kr.co.librarylyh.mapper.BookListMapperTests" time="0.021">
    <failure message="expected:&lt;1&gt; but was:&lt;0&gt;" type="java.lang.AssertionError"><![CDATA[java.lang.AssertionError: expected:<1> but was:<0>
	at org.junit.Assert.fail(Assert.java:88)
	at org.junit.Assert.failNotEquals(Assert.java:834)
	at org.junit.Assert.assertEquals(Assert.java:645)
	at org.junit.Assert.assertEquals(Assert.java:631)
	at kr.co.librarylyh.mapper.BookListMapperTests.testDelete(BookListMapperTests.java:87)
	at java.base/jdk.internal.reflect.NativeMethodAccessorImpl.invoke0(Native Method)
	at java.base/jdk.internal.reflect.NativeMethodAccessorImpl.invoke(NativeMethodAccessorImpl.java:62)
	at java.base/jdk.internal.reflect.DelegatingMethodAccessorImpl.invoke(DelegatingMethodAccessorImpl.java:43)
	at java.base/java.lang.reflect.Method.invoke(Method.java:566)
	at org.junit.runners.model.FrameworkMethod$1.runReflectiveCall(FrameworkMethod.java:50)
	at org.junit.internal.runners.model.ReflectiveCallable.run(ReflectiveCallable.java:12)
	at org.junit.runners.model.FrameworkMethod.invokeExplosively(FrameworkMethod.java:47)
	at org.junit.internal.runners.statements.InvokeMethod.evaluate(InvokeMethod.java:17)
	at org.springframework.test.context.junit4.statements.RunBeforeTestExecutionCallbacks.evaluate(RunBeforeTestExecutionCallbacks.java:73)
	at org.springframework.test.context.junit4.statements.RunAfterTestExecutionCallbacks.evaluate(RunAfterTestExecutionCallbacks.java:83)
	at org.junit.internal.runners.statements.RunBefores.evaluate(RunBefores.java:26)
	at org.springframework.test.context.junit4.statements.RunBeforeTestMethodCallbacks.evaluate(RunBeforeTestMethodCallbacks.java:75)
	at org.springframework.test.context.junit4.statements.RunAfterTestMethodCallbacks.evaluate(RunAfterTestMethodCallbacks.java:86)
	at org.springframework.test.context.junit4.statements.SpringRepeat.evaluate(SpringRepeat.java:84)
	at org.junit.runners.ParentRunner.runLeaf(ParentRunner.java:325)
	at org.springframework.test.context.junit4.SpringJUnit4ClassRunner.runChild(SpringJUnit4ClassRunner.java:251)
	at org.springframework.test.context.junit4.SpringJUnit4ClassRunner.runChild(SpringJUnit4ClassRunner.java:97)
	at org.junit.runners.ParentRunner$3.run(ParentRunner.java:290)
	at org.junit.runners.ParentRunner$1.schedule(ParentRunner.java:71)
	at org.junit.runners.ParentRunner.runChildren(ParentRunner.java:288)
	at org.junit.runners.ParentRunner.access$000(ParentRunner.java:58)
	at org.junit.runners.ParentRunner$2.evaluate(ParentRunner.java:268)
	at org.springframework.test.context.junit4.statements.RunBeforeTestClassCallbacks.evaluate(RunBeforeTestClassCallbacks.java:61)
	at org.springframework.test.context.junit4.statements.RunAfterTestClassCallbacks.evaluate(RunAfterTestClassCallbacks.java:70)
	at org.junit.runners.ParentRunner.run(ParentRunner.java:363)
	at org.springframework.test.context.junit4.SpringJUnit4ClassRunner.run(SpringJUnit4ClassRunner.java:190)
	at org.apache.maven.surefire.junit4.JUnit4Provider.execute(JUnit4Provider.java:316)
	at org.apache.maven.surefire.junit4.JUnit4Provider.executeWithRerun(JUnit4Provider.java:240)
	at org.apache.maven.surefire.junit4.JUnit4Provider.executeTestSet(JUnit4Provider.java:214)
	at org.apache.maven.surefire.junit4.JUnit4Provider.invoke(JUnit4Provider.java:155)
	at org.apache.maven.surefire.booter.ForkedBooter.runSuitesInProcess(ForkedBooter.java:385)
	at org.apache.maven.surefire.booter.ForkedBooter.execute(ForkedBooter.java:162)
	at org.apache.maven.surefire.booter.ForkedBooter.run(ForkedBooter.java:507)
	at org.apache.maven.surefire.booter.ForkedBooter.main(ForkedBooter.java:495)
]]></failure>
    <system-out><![CDATA[ DEBUG org.springframework.test.annotation.ProfileValueUtils(retrieveProfileValueSource70) - Retrieved @ProfileValueSourceConfiguration [null] for test class [kr.co.librarylyh.mapper.BookListMapperTests]
 DEBUG org.springframework.test.annotation.ProfileValueUtils(retrieveProfileValueSource83) - Retrieved ProfileValueSource type [class org.springframework.test.annotation.SystemProfileValueSource] for class [kr.co.librarylyh.mapper.BookListMapperTests]
 DEBUG org.springframework.test.context.support.DependencyInjectionTestExecutionListener(prepareTestInstance81) - Performing dependency injection for test context [[DefaultTestContext@15f519f7 testClass = BookListMapperTests, testInstance = kr.co.librarylyh.mapper.BookListMapperTests@fee7ca, testMethod = [null], testException = [null], mergedContextConfiguration = [MergedContextConfiguration@4a336377 testClass = BookListMapperTests, locations = '{file:src/main/webapp/WEB-INF/spring/root-context.xml}', classes = '{}', contextInitializerClasses = '[]', activeProfiles = '{}', propertySourceLocations = '{}', propertySourceProperties = '{}', contextCustomizers = set[[empty]], contextLoader = 'org.springframework.test.context.support.DelegatingSmartContextLoader', parent = [null]], attributes = map[[empty]]]].
 DEBUG org.springframework.test.context.cache.DefaultCacheAwareContextLoaderDelegate(loadContext130) - Retrieved ApplicationContext from cache with key [[MergedContextConfiguration@4a336377 testClass = BookListMapperTests, locations = '{file:src/main/webapp/WEB-INF/spring/root-context.xml}', classes = '{}', contextInitializerClasses = '[]', activeProfiles = '{}', propertySourceLocations = '{}', propertySourceProperties = '{}', contextCustomizers = set[[empty]], contextLoader = 'org.springframework.test.context.support.DelegatingSmartContextLoader', parent = [null]]]
 DEBUG org.springframework.test.context.cache(logStatistics290) - Spring test ApplicationContext cache statistics: [DefaultContextCache@a5e8260 size = 2, maxSize = 32, parentContextCount = 0, hitCount = 10, missCount = 3]
 DEBUG org.springframework.beans.factory.annotation.InjectionMetadata(inject89) - Processing injected element of bean 'kr.co.librarylyh.mapper.BookListMapperTests': AutowiredFieldElement for private kr.co.librarylyh.mapper.BookListMapper kr.co.librarylyh.mapper.BookListMapperTests.mapper
 DEBUG org.springframework.beans.factory.support.DefaultListableBeanFactory(doGetBean254) - Returning cached instance of singleton bean 'bookListMapper'
 DEBUG org.springframework.aop.aspectj.annotation.AnnotationAwareAspectJAutoProxyCreator(buildAdvisors531) - Creating implicit proxy for bean 'kr.co.librarylyh.mapper.BookListMapperTests' with 0 common interceptors and 4 specific interceptors
 DEBUG org.springframework.aop.framework.CglibAopProxy(getProxy161) - Creating CGLIB proxy: target source is SingletonTargetSource for target object [kr.co.librarylyh.mapper.BookListMapperTests@fee7ca]
 DEBUG org.springframework.test.context.support.AbstractDirtiesContextTestExecutionListener(beforeOrAfterTestMethod107) - Before test method: context [DefaultTestContext@15f519f7 testClass = BookListMapperTests, testInstance = kr.co.librarylyh.mapper.BookListMapperTests@fee7ca, testMethod = testDelete@BookListMapperTests, testException = [null], mergedContextConfiguration = [MergedContextConfiguration@4a336377 testClass = BookListMapperTests, locations = '{file:src/main/webapp/WEB-INF/spring/root-context.xml}', classes = '{}', contextInitializerClasses = '[]', activeProfiles = '{}', propertySourceLocations = '{}', propertySourceProperties = '{}', contextCustomizers = set[[empty]], contextLoader = 'org.springframework.test.context.support.DelegatingSmartContextLoader', parent = [null]], attributes = map[[empty]]], class annotated with @DirtiesContext [false] with mode [null], method annotated with @DirtiesContext [false] with mode [null].
 INFO  kr.co.librarylyh.mapper.BookListMapperTests(testDelete85) - 매퍼 책 삭제 테스트 시작
 INFO  kr.co.librarylyh.aop.LoggingAspect(processLog70) - 버퍼에 로그 저장: 
 DEBUG org.springframework.jdbc.datasource.DataSourceUtils(doGetConnection114) - Fetching JDBC Connection from DataSource
 INFO  jdbc.audit(methodReturned175) - 21. Connection.getAutoCommit() returned true
 INFO  jdbc.audit(methodReturned175) - 21. PreparedStatement.new PreparedStatement returned 
 INFO  jdbc.audit(methodReturned175) - 21. Connection.prepareStatement(DELETE FROM book_tbl WHERE isbn13 = ?) returned net.sf.log4jdbc.sql.jdbcapi.PreparedStatementSpy@14ad42
 INFO  jdbc.audit(methodReturned175) - 21. PreparedStatement.setLong(1, 1234567890123) returned 
 INFO  jdbc.sqlonly(sqlOccurred228) - DELETE FROM book_tbl WHERE isbn13 = 1234567890123 

 INFO  jdbc.sqltiming(sqlTimingOccurred373) - DELETE FROM book_tbl WHERE isbn13 = 1234567890123 
 {executed in 18 msec}
 INFO  jdbc.audit(methodReturned175) - 21. PreparedStatement.execute() returned false
 INFO  jdbc.audit(methodReturned175) - 21. PreparedStatement.getUpdateCount() returned 0
 INFO  jdbc.audit(methodReturned175) - 21. PreparedStatement.isClosed() returned false
 INFO  jdbc.audit(methodReturned175) - 21. PreparedStatement.close() returned 
 DEBUG org.springframework.jdbc.datasource.DataSourceUtils(doReleaseConnection340) - Returning JDBC Connection to DataSource
 INFO  jdbc.audit(methodReturned175) - 21. Connection.clearWarnings() returned 
 INFO  kr.co.librarylyh.aop.LoggingAspect(processLog70) - 버퍼에 로그 저장: 
 DEBUG org.springframework.test.context.support.AbstractDirtiesContextTestExecutionListener(beforeOrAfterTestMethod107) - After test method: context [DefaultTestContext@15f519f7 testClass = BookListMapperTests, testInstance = kr.co.librarylyh.mapper.BookListMapperTests@fee7ca, testMethod = testDelete@BookListMapperTests, testException = java.lang.AssertionError: expected:<1> but was:<0>, mergedContextConfiguration = [MergedContextConfiguration@4a336377 testClass = BookListMapperTests, locations = '{file:src/main/webapp/WEB-INF/spring/root-context.xml}', classes = '{}', contextInitializerClasses = '[]', activeProfiles = '{}', propertySourceLocations = '{}', propertySourceProperties = '{}', contextCustomizers = set[[empty]], contextLoader = 'org.springframework.test.context.support.DelegatingSmartContextLoader', parent = [null]], attributes = map[[empty]]], class annotated with @DirtiesContext [false] with mode [null], method annotated with @DirtiesContext [false] with mode [null].
]]></system-out>
  </testcase>
  <testcase name="testInsert" classname="kr.co.librarylyh.mapper.BookListMapperTests" time="0.072">
    <error message="&#10;### Error updating database.  Cause: java.sql.SQLSyntaxErrorException: ORA-00904: &quot;STAR5COUNT&quot;: invalid identifier&#10;&#10;### The error may involve defaultParameterMap&#10;### The error occurred while setting parameters&#10;### SQL: INSERT INTO book_tbl (isbn13, book, bookDescription, author, publisher, photo, weight, bookSize,     rentalAvailable, price, pageCount, bookCount, averageRating, star1Count, star2Count, star3Count, star4Count, star5Count, reviewCount, publicationDate)     VALUES (?, ?, ?, ?, ?, ?, ?, ?, ?,      ?, ?, ?, ?, ?, ?, ?, ?, ?, ?, ?)&#10;### Cause: java.sql.SQLSyntaxErrorException: ORA-00904: &quot;STAR5COUNT&quot;: invalid identifier&#10;&#10;; bad SQL grammar []; nested exception is java.sql.SQLSyntaxErrorException: ORA-00904: &quot;STAR5COUNT&quot;: invalid identifier&#10;" type="org.springframework.jdbc.BadSqlGrammarException"><![CDATA[org.springframework.jdbc.BadSqlGrammarException: 

### Error updating database.  Cause: java.sql.SQLSyntaxErrorException: ORA-00904: "STAR5COUNT": invalid identifier

### The error may involve defaultParameterMap
### The error occurred while setting parameters
### SQL: INSERT INTO book_tbl (isbn13, book, bookDescription, author, publisher, photo, weight, bookSize,     rentalAvailable, price, pageCount, bookCount, averageRating, star1Count, star2Count, star3Count, star4Count, star5Count, reviewCount, publicationDate)     VALUES (?, ?, ?, ?, ?, ?, ?, ?, ?,      ?, ?, ?, ?, ?, ?, ?, ?, ?, ?, ?)
### Cause: java.sql.SQLSyntaxErrorException: ORA-00904: "STAR5COUNT": invalid identifier

; bad SQL grammar []; nested exception is java.sql.SQLSyntaxErrorException: ORA-00904: "STAR5COUNT": invalid identifier

	at org.springframework.jdbc.support.SQLErrorCodeSQLExceptionTranslator.doTranslate(SQLErrorCodeSQLExceptionTranslator.java:234)
	at org.springframework.jdbc.support.AbstractFallbackSQLExceptionTranslator.translate(AbstractFallbackSQLExceptionTranslator.java:72)
	at org.mybatis.spring.MyBatisExceptionTranslator.translateExceptionIfPossible(MyBatisExceptionTranslator.java:73)
	at org.mybatis.spring.SqlSessionTemplate$SqlSessionInterceptor.invoke(SqlSessionTemplate.java:446)
	at com.sun.proxy.$Proxy54.insert(Unknown Source)
	at org.mybatis.spring.SqlSessionTemplate.insert(SqlSessionTemplate.java:278)
	at org.apache.ibatis.binding.MapperMethod.execute(MapperMethod.java:58)
	at org.apache.ibatis.binding.MapperProxy.invoke(MapperProxy.java:59)
	at com.sun.proxy.$Proxy57.insert(Unknown Source)
	at java.base/jdk.internal.reflect.NativeMethodAccessorImpl.invoke0(Native Method)
	at java.base/jdk.internal.reflect.NativeMethodAccessorImpl.invoke(NativeMethodAccessorImpl.java:62)
	at java.base/jdk.internal.reflect.DelegatingMethodAccessorImpl.invoke(DelegatingMethodAccessorImpl.java:43)
	at java.base/java.lang.reflect.Method.invoke(Method.java:566)
	at org.springframework.aop.support.AopUtils.invokeJoinpointUsingReflection(AopUtils.java:343)
	at org.springframework.aop.framework.ReflectiveMethodInvocation.invokeJoinpoint(ReflectiveMethodInvocation.java:197)
	at org.springframework.aop.framework.ReflectiveMethodInvocation.proceed(ReflectiveMethodInvocation.java:163)
	at org.springframework.aop.framework.adapter.MethodBeforeAdviceInterceptor.invoke(MethodBeforeAdviceInterceptor.java:52)
	at org.springframework.aop.framework.ReflectiveMethodInvocation.proceed(ReflectiveMethodInvocation.java:185)
	at org.springframework.aop.framework.adapter.AfterReturningAdviceInterceptor.invoke(AfterReturningAdviceInterceptor.java:52)
	at org.springframework.aop.framework.ReflectiveMethodInvocation.proceed(ReflectiveMethodInvocation.java:185)
	at org.springframework.aop.aspectj.AspectJAfterThrowingAdvice.invoke(AspectJAfterThrowingAdvice.java:62)
	at org.springframework.aop.framework.ReflectiveMethodInvocation.proceed(ReflectiveMethodInvocation.java:174)
	at org.springframework.aop.interceptor.ExposeInvocationInterceptor.invoke(ExposeInvocationInterceptor.java:92)
	at org.springframework.aop.framework.ReflectiveMethodInvocation.proceed(ReflectiveMethodInvocation.java:185)
	at org.springframework.aop.framework.JdkDynamicAopProxy.invoke(JdkDynamicAopProxy.java:212)
	at com.sun.proxy.$Proxy58.insert(Unknown Source)
	at kr.co.librarylyh.mapper.BookListMapperTests.testInsert(BookListMapperTests.java:57)
	at java.base/jdk.internal.reflect.NativeMethodAccessorImpl.invoke0(Native Method)
	at java.base/jdk.internal.reflect.NativeMethodAccessorImpl.invoke(NativeMethodAccessorImpl.java:62)
	at java.base/jdk.internal.reflect.DelegatingMethodAccessorImpl.invoke(DelegatingMethodAccessorImpl.java:43)
	at java.base/java.lang.reflect.Method.invoke(Method.java:566)
	at org.junit.runners.model.FrameworkMethod$1.runReflectiveCall(FrameworkMethod.java:50)
	at org.junit.internal.runners.model.ReflectiveCallable.run(ReflectiveCallable.java:12)
	at org.junit.runners.model.FrameworkMethod.invokeExplosively(FrameworkMethod.java:47)
	at org.junit.internal.runners.statements.InvokeMethod.evaluate(InvokeMethod.java:17)
	at org.springframework.test.context.junit4.statements.RunBeforeTestExecutionCallbacks.evaluate(RunBeforeTestExecutionCallbacks.java:73)
	at org.springframework.test.context.junit4.statements.RunAfterTestExecutionCallbacks.evaluate(RunAfterTestExecutionCallbacks.java:83)
	at org.junit.internal.runners.statements.RunBefores.evaluate(RunBefores.java:26)
	at org.springframework.test.context.junit4.statements.RunBeforeTestMethodCallbacks.evaluate(RunBeforeTestMethodCallbacks.java:75)
	at org.springframework.test.context.junit4.statements.RunAfterTestMethodCallbacks.evaluate(RunAfterTestMethodCallbacks.java:86)
	at org.springframework.test.context.junit4.statements.SpringRepeat.evaluate(SpringRepeat.java:84)
	at org.junit.runners.ParentRunner.runLeaf(ParentRunner.java:325)
	at org.springframework.test.context.junit4.SpringJUnit4ClassRunner.runChild(SpringJUnit4ClassRunner.java:251)
	at org.springframework.test.context.junit4.SpringJUnit4ClassRunner.runChild(SpringJUnit4ClassRunner.java:97)
	at org.junit.runners.ParentRunner$3.run(ParentRunner.java:290)
	at org.junit.runners.ParentRunner$1.schedule(ParentRunner.java:71)
	at org.junit.runners.ParentRunner.runChildren(ParentRunner.java:288)
	at org.junit.runners.ParentRunner.access$000(ParentRunner.java:58)
	at org.junit.runners.ParentRunner$2.evaluate(ParentRunner.java:268)
	at org.springframework.test.context.junit4.statements.RunBeforeTestClassCallbacks.evaluate(RunBeforeTestClassCallbacks.java:61)
	at org.springframework.test.context.junit4.statements.RunAfterTestClassCallbacks.evaluate(RunAfterTestClassCallbacks.java:70)
	at org.junit.runners.ParentRunner.run(ParentRunner.java:363)
	at org.springframework.test.context.junit4.SpringJUnit4ClassRunner.run(SpringJUnit4ClassRunner.java:190)
	at org.apache.maven.surefire.junit4.JUnit4Provider.execute(JUnit4Provider.java:316)
	at org.apache.maven.surefire.junit4.JUnit4Provider.executeWithRerun(JUnit4Provider.java:240)
	at org.apache.maven.surefire.junit4.JUnit4Provider.executeTestSet(JUnit4Provider.java:214)
	at org.apache.maven.surefire.junit4.JUnit4Provider.invoke(JUnit4Provider.java:155)
	at org.apache.maven.surefire.booter.ForkedBooter.runSuitesInProcess(ForkedBooter.java:385)
	at org.apache.maven.surefire.booter.ForkedBooter.execute(ForkedBooter.java:162)
	at org.apache.maven.surefire.booter.ForkedBooter.run(ForkedBooter.java:507)
	at org.apache.maven.surefire.booter.ForkedBooter.main(ForkedBooter.java:495)
Caused by: java.sql.SQLSyntaxErrorException: ORA-00904: "STAR5COUNT": invalid identifier

	at oracle.jdbc.driver.T4CTTIoer11.processError(T4CTTIoer11.java:702)
	at oracle.jdbc.driver.T4CTTIoer11.processError(T4CTTIoer11.java:608)
	at oracle.jdbc.driver.T4C8Oall.processError(T4C8Oall.java:1248)
	at oracle.jdbc.driver.T4CTTIfun.receive(T4CTTIfun.java:1041)
	at oracle.jdbc.driver.T4CTTIfun.doRPC(T4CTTIfun.java:443)
	at oracle.jdbc.driver.T4C8Oall.doOALL(T4C8Oall.java:518)
	at oracle.jdbc.driver.T4CPreparedStatement.doOall8(T4CPreparedStatement.java:251)
	at oracle.jdbc.driver.T4CPreparedStatement.executeForRows(T4CPreparedStatement.java:1181)
	at oracle.jdbc.driver.OracleStatement.executeSQLStatement(OracleStatement.java:1571)
	at oracle.jdbc.driver.OracleStatement.doExecuteWithTimeout(OracleStatement.java:1345)
	at oracle.jdbc.driver.OraclePreparedStatement.executeInternal(OraclePreparedStatement.java:3728)
	at oracle.jdbc.driver.OraclePreparedStatement.execute(OraclePreparedStatement.java:3938)
	at oracle.jdbc.driver.OraclePreparedStatementWrapper.execute(OraclePreparedStatementWrapper.java:1011)
	at net.sf.log4jdbc.sql.jdbcapi.PreparedStatementSpy.execute(PreparedStatementSpy.java:443)
	at com.zaxxer.hikari.pool.ProxyPreparedStatement.execute(ProxyPreparedStatement.java:44)
	at com.zaxxer.hikari.pool.HikariProxyPreparedStatement.execute(HikariProxyPreparedStatement.java)
	at org.apache.ibatis.executor.statement.PreparedStatementHandler.update(PreparedStatementHandler.java:46)
	at org.apache.ibatis.executor.statement.RoutingStatementHandler.update(RoutingStatementHandler.java:74)
	at org.apache.ibatis.executor.SimpleExecutor.doUpdate(SimpleExecutor.java:50)
	at org.apache.ibatis.executor.BaseExecutor.update(BaseExecutor.java:117)
	at org.apache.ibatis.executor.CachingExecutor.update(CachingExecutor.java:76)
	at org.apache.ibatis.session.defaults.DefaultSqlSession.update(DefaultSqlSession.java:198)
	at org.apache.ibatis.session.defaults.DefaultSqlSession.insert(DefaultSqlSession.java:185)
	at java.base/jdk.internal.reflect.NativeMethodAccessorImpl.invoke0(Native Method)
	at java.base/jdk.internal.reflect.NativeMethodAccessorImpl.invoke(NativeMethodAccessorImpl.java:62)
	at java.base/jdk.internal.reflect.DelegatingMethodAccessorImpl.invoke(DelegatingMethodAccessorImpl.java:43)
	at java.base/java.lang.reflect.Method.invoke(Method.java:566)
	at org.mybatis.spring.SqlSessionTemplate$SqlSessionInterceptor.invoke(SqlSessionTemplate.java:433)
	... 57 more
Caused by: Error : 904, Position : 210, SQL = INSERT INTO book_tbl (isbn13, book, bookDescription, author, publisher, photo, weight, bookSize,
    rentalAvailable, price, pageCount, bookCount, averageRating, star1Count, star2Count, star3Count, star4Count, star5Count, reviewCount, publicationDate)
    VALUES (:1 , :2 , :3 , :4 , :5 , :6 , :7 , :8 , :9 ,
     :10 , :11 , :12 , :13 , :14 , :15 , :16 , :17 , :18 , :19 , :20 ), Original SQL = INSERT INTO book_tbl (isbn13, book, bookDescription, author, publisher, photo, weight, bookSize,
    rentalAvailable, price, pageCount, bookCount, averageRating, star1Count, star2Count, star3Count, star4Count, star5Count, reviewCount, publicationDate)
    VALUES (?, ?, ?, ?, ?, ?, ?, ?, ?,
     ?, ?, ?, ?, ?, ?, ?, ?, ?, ?, ?), Error Message = ORA-00904: "STAR5COUNT": invalid identifier

	at oracle.jdbc.driver.T4CTTIoer11.processError(T4CTTIoer11.java:710)
	... 84 more
]]></error>
    <system-out><![CDATA[ DEBUG org.springframework.test.annotation.ProfileValueUtils(retrieveProfileValueSource70) - Retrieved @ProfileValueSourceConfiguration [null] for test class [kr.co.librarylyh.mapper.BookListMapperTests]
 DEBUG org.springframework.test.annotation.ProfileValueUtils(retrieveProfileValueSource83) - Retrieved ProfileValueSource type [class org.springframework.test.annotation.SystemProfileValueSource] for class [kr.co.librarylyh.mapper.BookListMapperTests]
 DEBUG org.springframework.test.context.support.DependencyInjectionTestExecutionListener(prepareTestInstance81) - Performing dependency injection for test context [[DefaultTestContext@15f519f7 testClass = BookListMapperTests, testInstance = kr.co.librarylyh.mapper.BookListMapperTests@67784537, testMethod = [null], testException = [null], mergedContextConfiguration = [MergedContextConfiguration@4a336377 testClass = BookListMapperTests, locations = '{file:src/main/webapp/WEB-INF/spring/root-context.xml}', classes = '{}', contextInitializerClasses = '[]', activeProfiles = '{}', propertySourceLocations = '{}', propertySourceProperties = '{}', contextCustomizers = set[[empty]], contextLoader = 'org.springframework.test.context.support.DelegatingSmartContextLoader', parent = [null]], attributes = map[[empty]]]].
 DEBUG org.springframework.test.context.cache.DefaultCacheAwareContextLoaderDelegate(loadContext130) - Retrieved ApplicationContext from cache with key [[MergedContextConfiguration@4a336377 testClass = BookListMapperTests, locations = '{file:src/main/webapp/WEB-INF/spring/root-context.xml}', classes = '{}', contextInitializerClasses = '[]', activeProfiles = '{}', propertySourceLocations = '{}', propertySourceProperties = '{}', contextCustomizers = set[[empty]], contextLoader = 'org.springframework.test.context.support.DelegatingSmartContextLoader', parent = [null]]]
 DEBUG org.springframework.test.context.cache(logStatistics290) - Spring test ApplicationContext cache statistics: [DefaultContextCache@a5e8260 size = 2, maxSize = 32, parentContextCount = 0, hitCount = 11, missCount = 3]
 DEBUG org.springframework.beans.factory.annotation.InjectionMetadata(inject89) - Processing injected element of bean 'kr.co.librarylyh.mapper.BookListMapperTests': AutowiredFieldElement for private kr.co.librarylyh.mapper.BookListMapper kr.co.librarylyh.mapper.BookListMapperTests.mapper
 DEBUG org.springframework.beans.factory.support.DefaultListableBeanFactory(doGetBean254) - Returning cached instance of singleton bean 'bookListMapper'
 DEBUG org.springframework.aop.aspectj.annotation.AnnotationAwareAspectJAutoProxyCreator(buildAdvisors531) - Creating implicit proxy for bean 'kr.co.librarylyh.mapper.BookListMapperTests' with 0 common interceptors and 4 specific interceptors
 DEBUG org.springframework.aop.framework.CglibAopProxy(getProxy161) - Creating CGLIB proxy: target source is SingletonTargetSource for target object [kr.co.librarylyh.mapper.BookListMapperTests@67784537]
 DEBUG org.springframework.test.context.support.AbstractDirtiesContextTestExecutionListener(beforeOrAfterTestMethod107) - Before test method: context [DefaultTestContext@15f519f7 testClass = BookListMapperTests, testInstance = kr.co.librarylyh.mapper.BookListMapperTests@67784537, testMethod = testInsert@BookListMapperTests, testException = [null], mergedContextConfiguration = [MergedContextConfiguration@4a336377 testClass = BookListMapperTests, locations = '{file:src/main/webapp/WEB-INF/spring/root-context.xml}', classes = '{}', contextInitializerClasses = '[]', activeProfiles = '{}', propertySourceLocations = '{}', propertySourceProperties = '{}', contextCustomizers = set[[empty]], contextLoader = 'org.springframework.test.context.support.DelegatingSmartContextLoader', parent = [null]], attributes = map[[empty]]], class annotated with @DirtiesContext [false] with mode [null], method annotated with @DirtiesContext [false] with mode [null].
 INFO  kr.co.librarylyh.mapper.BookListMapperTests(testInsert56) - 매퍼 책 추가 테스트 시작
 INFO  kr.co.librarylyh.aop.LoggingAspect(processLog70) - 버퍼에 로그 저장: 
 DEBUG org.springframework.jdbc.datasource.DataSourceUtils(doGetConnection114) - Fetching JDBC Connection from DataSource
 INFO  jdbc.audit(methodReturned175) - 21. Connection.getAutoCommit() returned true
 INFO  jdbc.audit(methodReturned175) - 21. PreparedStatement.new PreparedStatement returned 
 INFO  jdbc.audit(methodReturned175) - 21. Connection.prepareStatement(INSERT INTO book_tbl (isbn13, book, bookDescription, author, publisher, photo, weight, bookSize,
    rentalAvailable, price, pageCount, bookCount, averageRating, star1Count, star2Count, star3Count, star4Count, star5Count, reviewCount, publicationDate)
    VALUES (?, ?, ?, ?, ?, ?, ?, ?, ?,
     ?, ?, ?, ?, ?, ?, ?, ?, ?, ?, ?)) returned net.sf.log4jdbc.sql.jdbcapi.PreparedStatementSpy@196d684b
 INFO  jdbc.audit(methodReturned175) - 21. PreparedStatement.setLong(1, 1234567890123) returned 
 INFO  jdbc.audit(methodReturned175) - 21. PreparedStatement.setString(2, "테스트 책 제목") returned 
 INFO  jdbc.audit(methodReturned175) - 21. PreparedStatement.setCharacterStream(3, java.io.StringReader@4d75c604, 9) returned 
 INFO  jdbc.audit(methodReturned175) - 21. PreparedStatement.setString(4, "테스트 저자") returned 
 INFO  jdbc.audit(methodReturned175) - 21. PreparedStatement.setString(5, "테스트 출판사") returned 
 INFO  jdbc.audit(methodReturned175) - 21. PreparedStatement.setString(6, "test_photo.jpg") returned 
 INFO  jdbc.audit(methodReturned175) - 21. PreparedStatement.setString(7, "100kg") returned 
 INFO  jdbc.audit(methodReturned175) - 21. PreparedStatement.setString(8, "100M") returned 
 INFO  jdbc.audit(methodReturned175) - 21. PreparedStatement.setString(9, "Y") returned 
 INFO  jdbc.audit(methodReturned175) - 21. PreparedStatement.setInt(10, 10000) returned 
 INFO  jdbc.audit(methodReturned175) - 21. PreparedStatement.setInt(11, 300) returned 
 INFO  jdbc.audit(methodReturned175) - 21. PreparedStatement.setInt(12, 5) returned 
 INFO  jdbc.audit(methodReturned175) - 21. PreparedStatement.setDouble(13, 4.5) returned 
 INFO  jdbc.audit(methodReturned175) - 21. PreparedStatement.setString(14, "5%") returned 
 INFO  jdbc.audit(methodReturned175) - 21. PreparedStatement.setString(15, "10%") returned 
 INFO  jdbc.audit(methodReturned175) - 21. PreparedStatement.setString(16, "15%") returned 
 INFO  jdbc.audit(methodReturned175) - 21. PreparedStatement.setString(17, "20%") returned 
 INFO  jdbc.audit(methodReturned175) - 21. PreparedStatement.setString(18, "50%") returned 
 INFO  jdbc.audit(methodReturned175) - 21. PreparedStatement.setInt(19, 185) returned 
 INFO  jdbc.audit(methodReturned175) - 21. PreparedStatement.setDate(20, 2000-02-02) returned 
 INFO  jdbc.sqlonly(sqlOccurred228) - INSERT INTO book_tbl (isbn13, book, bookDescription, author, publisher, photo, weight, bookSize, 
rentalAvailable, price, pageCount, bookCount, averageRating, star1Count, star2Count, star3Count, 
star4Count, star5Count, reviewCount, publicationDate) VALUES (1234567890123, '테스트 책 제목', '<Reader 
of length 9>', '테스트 저자', '테스트 출판사', 'test_photo.jpg', '100kg', '100M', 'Y', 10000, 300, 5, 
4.5, '5%', '10%', '15%', '20%', '50%', 185, to_date('02/02/2000 00:00:00', 'mm/dd/yyyy hh24:mi:ss')) 

 ERROR jdbc.audit(exceptionOccured135) - 21. PreparedStatement.execute() INSERT INTO book_tbl (isbn13, book, bookDescription, author, publisher, photo, weight, bookSize, 
rentalAvailable, price, pageCount, bookCount, averageRating, star1Count, star2Count, star3Count, 
star4Count, star5Count, reviewCount, publicationDate) VALUES (1234567890123, '테스트 책 제목', '<Reader 
of length 9>', '테스트 저자', '테스트 출판사', 'test_photo.jpg', '100kg', '100M', 'Y', 10000, 300, 5, 
4.5, '5%', '10%', '15%', '20%', '50%', 185, to_date('02/02/2000 00:00:00', 'mm/dd/yyyy hh24:mi:ss')) 

java.sql.SQLSyntaxErrorException: ORA-00904: "STAR5COUNT": invalid identifier

	at oracle.jdbc.driver.T4CTTIoer11.processError(T4CTTIoer11.java:702) ~[ojdbc8-23.2.0.0.jar:23.2.0.0.0]
	at oracle.jdbc.driver.T4CTTIoer11.processError(T4CTTIoer11.java:608) ~[ojdbc8-23.2.0.0.jar:23.2.0.0.0]
	at oracle.jdbc.driver.T4C8Oall.processError(T4C8Oall.java:1248) ~[ojdbc8-23.2.0.0.jar:23.2.0.0.0]
	at oracle.jdbc.driver.T4CTTIfun.receive(T4CTTIfun.java:1041) ~[ojdbc8-23.2.0.0.jar:23.2.0.0.0]
	at oracle.jdbc.driver.T4CTTIfun.doRPC(T4CTTIfun.java:443) ~[ojdbc8-23.2.0.0.jar:23.2.0.0.0]
	at oracle.jdbc.driver.T4C8Oall.doOALL(T4C8Oall.java:518) ~[ojdbc8-23.2.0.0.jar:23.2.0.0.0]
	at oracle.jdbc.driver.T4CPreparedStatement.doOall8(T4CPreparedStatement.java:251) ~[ojdbc8-23.2.0.0.jar:23.2.0.0.0]
	at oracle.jdbc.driver.T4CPreparedStatement.executeForRows(T4CPreparedStatement.java:1181) ~[ojdbc8-23.2.0.0.jar:23.2.0.0.0]
	at oracle.jdbc.driver.OracleStatement.executeSQLStatement(OracleStatement.java:1571) ~[ojdbc8-23.2.0.0.jar:23.2.0.0.0]
	at oracle.jdbc.driver.OracleStatement.doExecuteWithTimeout(OracleStatement.java:1345) ~[ojdbc8-23.2.0.0.jar:23.2.0.0.0]
	at oracle.jdbc.driver.OraclePreparedStatement.executeInternal(OraclePreparedStatement.java:3728) ~[ojdbc8-23.2.0.0.jar:23.2.0.0.0]
	at oracle.jdbc.driver.OraclePreparedStatement.execute(OraclePreparedStatement.java:3938) ~[ojdbc8-23.2.0.0.jar:23.2.0.0.0]
	at oracle.jdbc.driver.OraclePreparedStatementWrapper.execute(OraclePreparedStatementWrapper.java:1011) ~[ojdbc8-23.2.0.0.jar:23.2.0.0.0]
	at net.sf.log4jdbc.sql.jdbcapi.PreparedStatementSpy.execute(PreparedStatementSpy.java:443) ~[log4jdbc-log4j2-jdbc4-1.16.jar:?]
	at com.zaxxer.hikari.pool.ProxyPreparedStatement.execute(ProxyPreparedStatement.java:44) ~[HikariCP-2.7.9.jar:?]
	at com.zaxxer.hikari.pool.HikariProxyPreparedStatement.execute(HikariProxyPreparedStatement.java) ~[HikariCP-2.7.9.jar:?]
	at org.apache.ibatis.executor.statement.PreparedStatementHandler.update(PreparedStatementHandler.java:46) ~[mybatis-3.4.6.jar:3.4.6]
	at org.apache.ibatis.executor.statement.RoutingStatementHandler.update(RoutingStatementHandler.java:74) ~[mybatis-3.4.6.jar:3.4.6]
	at org.apache.ibatis.executor.SimpleExecutor.doUpdate(SimpleExecutor.java:50) ~[mybatis-3.4.6.jar:3.4.6]
	at org.apache.ibatis.executor.BaseExecutor.update(BaseExecutor.java:117) ~[mybatis-3.4.6.jar:3.4.6]
	at org.apache.ibatis.executor.CachingExecutor.update(CachingExecutor.java:76) ~[mybatis-3.4.6.jar:3.4.6]
	at org.apache.ibatis.session.defaults.DefaultSqlSession.update(DefaultSqlSession.java:198) ~[mybatis-3.4.6.jar:3.4.6]
	at org.apache.ibatis.session.defaults.DefaultSqlSession.insert(DefaultSqlSession.java:185) ~[mybatis-3.4.6.jar:3.4.6]
	at jdk.internal.reflect.NativeMethodAccessorImpl.invoke0(Native Method) ~[?:?]
	at jdk.internal.reflect.NativeMethodAccessorImpl.invoke(NativeMethodAccessorImpl.java:62) ~[?:?]
	at jdk.internal.reflect.DelegatingMethodAccessorImpl.invoke(DelegatingMethodAccessorImpl.java:43) ~[?:?]
	at java.lang.reflect.Method.invoke(Method.java:566) ~[?:?]
	at org.mybatis.spring.SqlSessionTemplate$SqlSessionInterceptor.invoke(SqlSessionTemplate.java:433) ~[mybatis-spring-1.3.3.jar:1.3.3]
	at com.sun.proxy.$Proxy54.insert(Unknown Source) ~[?:?]
	at org.mybatis.spring.SqlSessionTemplate.insert(SqlSessionTemplate.java:278) ~[mybatis-spring-1.3.3.jar:1.3.3]
	at org.apache.ibatis.binding.MapperMethod.execute(MapperMethod.java:58) ~[mybatis-3.4.6.jar:3.4.6]
	at org.apache.ibatis.binding.MapperProxy.invoke(MapperProxy.java:59) ~[mybatis-3.4.6.jar:3.4.6]
	at com.sun.proxy.$Proxy57.insert(Unknown Source) ~[?:?]
	at jdk.internal.reflect.NativeMethodAccessorImpl.invoke0(Native Method) ~[?:?]
	at jdk.internal.reflect.NativeMethodAccessorImpl.invoke(NativeMethodAccessorImpl.java:62) ~[?:?]
	at jdk.internal.reflect.DelegatingMethodAccessorImpl.invoke(DelegatingMethodAccessorImpl.java:43) ~[?:?]
	at java.lang.reflect.Method.invoke(Method.java:566) ~[?:?]
	at org.springframework.aop.support.AopUtils.invokeJoinpointUsingReflection(AopUtils.java:343) ~[spring-aop-5.0.7.RELEASE.jar:5.0.7.RELEASE]
	at org.springframework.aop.framework.ReflectiveMethodInvocation.invokeJoinpoint(ReflectiveMethodInvocation.java:197) ~[spring-aop-5.0.7.RELEASE.jar:5.0.7.RELEASE]
	at org.springframework.aop.framework.ReflectiveMethodInvocation.proceed(ReflectiveMethodInvocation.java:163) ~[spring-aop-5.0.7.RELEASE.jar:5.0.7.RELEASE]
	at org.springframework.aop.framework.adapter.MethodBeforeAdviceInterceptor.invoke(MethodBeforeAdviceInterceptor.java:52) ~[spring-aop-5.0.7.RELEASE.jar:5.0.7.RELEASE]
	at org.springframework.aop.framework.ReflectiveMethodInvocation.proceed(ReflectiveMethodInvocation.java:185) ~[spring-aop-5.0.7.RELEASE.jar:5.0.7.RELEASE]
	at org.springframework.aop.framework.adapter.AfterReturningAdviceInterceptor.invoke(AfterReturningAdviceInterceptor.java:52) ~[spring-aop-5.0.7.RELEASE.jar:5.0.7.RELEASE]
	at org.springframework.aop.framework.ReflectiveMethodInvocation.proceed(ReflectiveMethodInvocation.java:185) ~[spring-aop-5.0.7.RELEASE.jar:5.0.7.RELEASE]
	at org.springframework.aop.aspectj.AspectJAfterThrowingAdvice.invoke(AspectJAfterThrowingAdvice.java:62) ~[spring-aop-5.0.7.RELEASE.jar:5.0.7.RELEASE]
	at org.springframework.aop.framework.ReflectiveMethodInvocation.proceed(ReflectiveMethodInvocation.java:174) ~[spring-aop-5.0.7.RELEASE.jar:5.0.7.RELEASE]
	at org.springframework.aop.interceptor.ExposeInvocationInterceptor.invoke(ExposeInvocationInterceptor.java:92) ~[spring-aop-5.0.7.RELEASE.jar:5.0.7.RELEASE]
	at org.springframework.aop.framework.ReflectiveMethodInvocation.proceed(ReflectiveMethodInvocation.java:185) ~[spring-aop-5.0.7.RELEASE.jar:5.0.7.RELEASE]
	at org.springframework.aop.framework.JdkDynamicAopProxy.invoke(JdkDynamicAopProxy.java:212) ~[spring-aop-5.0.7.RELEASE.jar:5.0.7.RELEASE]
	at com.sun.proxy.$Proxy58.insert(Unknown Source) ~[?:?]
	at kr.co.librarylyh.mapper.BookListMapperTests.testInsert(BookListMapperTests.java:57) ~[test-classes/:?]
	at jdk.internal.reflect.NativeMethodAccessorImpl.invoke0(Native Method) ~[?:?]
	at jdk.internal.reflect.NativeMethodAccessorImpl.invoke(NativeMethodAccessorImpl.java:62) ~[?:?]
	at jdk.internal.reflect.DelegatingMethodAccessorImpl.invoke(DelegatingMethodAccessorImpl.java:43) ~[?:?]
	at java.lang.reflect.Method.invoke(Method.java:566) ~[?:?]
	at org.junit.runners.model.FrameworkMethod$1.runReflectiveCall(FrameworkMethod.java:50) ~[junit-4.12.jar:4.12]
	at org.junit.internal.runners.model.ReflectiveCallable.run(ReflectiveCallable.java:12) ~[junit-4.12.jar:4.12]
	at org.junit.runners.model.FrameworkMethod.invokeExplosively(FrameworkMethod.java:47) ~[junit-4.12.jar:4.12]
	at org.junit.internal.runners.statements.InvokeMethod.evaluate(InvokeMethod.java:17) ~[junit-4.12.jar:4.12]
	at org.springframework.test.context.junit4.statements.RunBeforeTestExecutionCallbacks.evaluate(RunBeforeTestExecutionCallbacks.java:73) ~[spring-test-5.0.7.RELEASE.jar:5.0.7.RELEASE]
	at org.springframework.test.context.junit4.statements.RunAfterTestExecutionCallbacks.evaluate(RunAfterTestExecutionCallbacks.java:83) ~[spring-test-5.0.7.RELEASE.jar:5.0.7.RELEASE]
	at org.junit.internal.runners.statements.RunBefores.evaluate(RunBefores.java:26) ~[junit-4.12.jar:4.12]
	at org.springframework.test.context.junit4.statements.RunBeforeTestMethodCallbacks.evaluate(RunBeforeTestMethodCallbacks.java:75) ~[spring-test-5.0.7.RELEASE.jar:5.0.7.RELEASE]
	at org.springframework.test.context.junit4.statements.RunAfterTestMethodCallbacks.evaluate(RunAfterTestMethodCallbacks.java:86) ~[spring-test-5.0.7.RELEASE.jar:5.0.7.RELEASE]
	at org.springframework.test.context.junit4.statements.SpringRepeat.evaluate(SpringRepeat.java:84) ~[spring-test-5.0.7.RELEASE.jar:5.0.7.RELEASE]
	at org.junit.runners.ParentRunner.runLeaf(ParentRunner.java:325) ~[junit-4.12.jar:4.12]
	at org.springframework.test.context.junit4.SpringJUnit4ClassRunner.runChild(SpringJUnit4ClassRunner.java:251) ~[spring-test-5.0.7.RELEASE.jar:5.0.7.RELEASE]
	at org.springframework.test.context.junit4.SpringJUnit4ClassRunner.runChild(SpringJUnit4ClassRunner.java:97) ~[spring-test-5.0.7.RELEASE.jar:5.0.7.RELEASE]
	at org.junit.runners.ParentRunner$3.run(ParentRunner.java:290) ~[junit-4.12.jar:4.12]
	at org.junit.runners.ParentRunner$1.schedule(ParentRunner.java:71) ~[junit-4.12.jar:4.12]
	at org.junit.runners.ParentRunner.runChildren(ParentRunner.java:288) ~[junit-4.12.jar:4.12]
	at org.junit.runners.ParentRunner.access$000(ParentRunner.java:58) ~[junit-4.12.jar:4.12]
	at org.junit.runners.ParentRunner$2.evaluate(ParentRunner.java:268) ~[junit-4.12.jar:4.12]
	at org.springframework.test.context.junit4.statements.RunBeforeTestClassCallbacks.evaluate(RunBeforeTestClassCallbacks.java:61) ~[spring-test-5.0.7.RELEASE.jar:5.0.7.RELEASE]
	at org.springframework.test.context.junit4.statements.RunAfterTestClassCallbacks.evaluate(RunAfterTestClassCallbacks.java:70) ~[spring-test-5.0.7.RELEASE.jar:5.0.7.RELEASE]
	at org.junit.runners.ParentRunner.run(ParentRunner.java:363) ~[junit-4.12.jar:4.12]
	at org.springframework.test.context.junit4.SpringJUnit4ClassRunner.run(SpringJUnit4ClassRunner.java:190) ~[spring-test-5.0.7.RELEASE.jar:5.0.7.RELEASE]
	at org.apache.maven.surefire.junit4.JUnit4Provider.execute(JUnit4Provider.java:316) ~[surefire-junit4-3.2.5.jar:3.2.5]
	at org.apache.maven.surefire.junit4.JUnit4Provider.executeWithRerun(JUnit4Provider.java:240) ~[surefire-junit4-3.2.5.jar:3.2.5]
	at org.apache.maven.surefire.junit4.JUnit4Provider.executeTestSet(JUnit4Provider.java:214) ~[surefire-junit4-3.2.5.jar:3.2.5]
	at org.apache.maven.surefire.junit4.JUnit4Provider.invoke(JUnit4Provider.java:155) ~[surefire-junit4-3.2.5.jar:3.2.5]
	at org.apache.maven.surefire.booter.ForkedBooter.runSuitesInProcess(ForkedBooter.java:385) ~[surefire-booter-3.2.5.jar:3.2.5]
	at org.apache.maven.surefire.booter.ForkedBooter.execute(ForkedBooter.java:162) ~[surefire-booter-3.2.5.jar:3.2.5]
	at org.apache.maven.surefire.booter.ForkedBooter.run(ForkedBooter.java:507) ~[surefire-booter-3.2.5.jar:3.2.5]
	at org.apache.maven.surefire.booter.ForkedBooter.main(ForkedBooter.java:495) ~[surefire-booter-3.2.5.jar:3.2.5]
Caused by: oracle.jdbc.OracleDatabaseException: ORA-00904: "STAR5COUNT": invalid identifier

	at oracle.jdbc.driver.T4CTTIoer11.processError(T4CTTIoer11.java:710) ~[ojdbc8-23.2.0.0.jar:23.2.0.0.0]
	... 84 more
 ERROR jdbc.sqlonly(exceptionOccured144) - 21. PreparedStatement.execute() INSERT INTO book_tbl (isbn13, book, bookDescription, author, publisher, photo, weight, bookSize, 
rentalAvailable, price, pageCount, bookCount, averageRating, star1Count, star2Count, star3Count, 
star4Count, star5Count, reviewCount, publicationDate) VALUES (1234567890123, '테스트 책 제목', '<Reader 
of length 9>', '테스트 저자', '테스트 출판사', 'test_photo.jpg', '100kg', '100M', 'Y', 10000, 300, 5, 
4.5, '5%', '10%', '15%', '20%', '50%', 185, to_date('02/02/2000 00:00:00', 'mm/dd/yyyy hh24:mi:ss')) 

java.sql.SQLSyntaxErrorException: ORA-00904: "STAR5COUNT": invalid identifier

	at oracle.jdbc.driver.T4CTTIoer11.processError(T4CTTIoer11.java:702) ~[ojdbc8-23.2.0.0.jar:23.2.0.0.0]
	at oracle.jdbc.driver.T4CTTIoer11.processError(T4CTTIoer11.java:608) ~[ojdbc8-23.2.0.0.jar:23.2.0.0.0]
	at oracle.jdbc.driver.T4C8Oall.processError(T4C8Oall.java:1248) ~[ojdbc8-23.2.0.0.jar:23.2.0.0.0]
	at oracle.jdbc.driver.T4CTTIfun.receive(T4CTTIfun.java:1041) ~[ojdbc8-23.2.0.0.jar:23.2.0.0.0]
	at oracle.jdbc.driver.T4CTTIfun.doRPC(T4CTTIfun.java:443) ~[ojdbc8-23.2.0.0.jar:23.2.0.0.0]
	at oracle.jdbc.driver.T4C8Oall.doOALL(T4C8Oall.java:518) ~[ojdbc8-23.2.0.0.jar:23.2.0.0.0]
	at oracle.jdbc.driver.T4CPreparedStatement.doOall8(T4CPreparedStatement.java:251) ~[ojdbc8-23.2.0.0.jar:23.2.0.0.0]
	at oracle.jdbc.driver.T4CPreparedStatement.executeForRows(T4CPreparedStatement.java:1181) ~[ojdbc8-23.2.0.0.jar:23.2.0.0.0]
	at oracle.jdbc.driver.OracleStatement.executeSQLStatement(OracleStatement.java:1571) ~[ojdbc8-23.2.0.0.jar:23.2.0.0.0]
	at oracle.jdbc.driver.OracleStatement.doExecuteWithTimeout(OracleStatement.java:1345) ~[ojdbc8-23.2.0.0.jar:23.2.0.0.0]
	at oracle.jdbc.driver.OraclePreparedStatement.executeInternal(OraclePreparedStatement.java:3728) ~[ojdbc8-23.2.0.0.jar:23.2.0.0.0]
	at oracle.jdbc.driver.OraclePreparedStatement.execute(OraclePreparedStatement.java:3938) ~[ojdbc8-23.2.0.0.jar:23.2.0.0.0]
	at oracle.jdbc.driver.OraclePreparedStatementWrapper.execute(OraclePreparedStatementWrapper.java:1011) ~[ojdbc8-23.2.0.0.jar:23.2.0.0.0]
	at net.sf.log4jdbc.sql.jdbcapi.PreparedStatementSpy.execute(PreparedStatementSpy.java:443) ~[log4jdbc-log4j2-jdbc4-1.16.jar:?]
	at com.zaxxer.hikari.pool.ProxyPreparedStatement.execute(ProxyPreparedStatement.java:44) ~[HikariCP-2.7.9.jar:?]
	at com.zaxxer.hikari.pool.HikariProxyPreparedStatement.execute(HikariProxyPreparedStatement.java) ~[HikariCP-2.7.9.jar:?]
	at org.apache.ibatis.executor.statement.PreparedStatementHandler.update(PreparedStatementHandler.java:46) ~[mybatis-3.4.6.jar:3.4.6]
	at org.apache.ibatis.executor.statement.RoutingStatementHandler.update(RoutingStatementHandler.java:74) ~[mybatis-3.4.6.jar:3.4.6]
	at org.apache.ibatis.executor.SimpleExecutor.doUpdate(SimpleExecutor.java:50) ~[mybatis-3.4.6.jar:3.4.6]
	at org.apache.ibatis.executor.BaseExecutor.update(BaseExecutor.java:117) ~[mybatis-3.4.6.jar:3.4.6]
	at org.apache.ibatis.executor.CachingExecutor.update(CachingExecutor.java:76) ~[mybatis-3.4.6.jar:3.4.6]
	at org.apache.ibatis.session.defaults.DefaultSqlSession.update(DefaultSqlSession.java:198) ~[mybatis-3.4.6.jar:3.4.6]
	at org.apache.ibatis.session.defaults.DefaultSqlSession.insert(DefaultSqlSession.java:185) ~[mybatis-3.4.6.jar:3.4.6]
	at jdk.internal.reflect.NativeMethodAccessorImpl.invoke0(Native Method) ~[?:?]
	at jdk.internal.reflect.NativeMethodAccessorImpl.invoke(NativeMethodAccessorImpl.java:62) ~[?:?]
	at jdk.internal.reflect.DelegatingMethodAccessorImpl.invoke(DelegatingMethodAccessorImpl.java:43) ~[?:?]
	at java.lang.reflect.Method.invoke(Method.java:566) ~[?:?]
	at org.mybatis.spring.SqlSessionTemplate$SqlSessionInterceptor.invoke(SqlSessionTemplate.java:433) ~[mybatis-spring-1.3.3.jar:1.3.3]
	at com.sun.proxy.$Proxy54.insert(Unknown Source) ~[?:?]
	at org.mybatis.spring.SqlSessionTemplate.insert(SqlSessionTemplate.java:278) ~[mybatis-spring-1.3.3.jar:1.3.3]
	at org.apache.ibatis.binding.MapperMethod.execute(MapperMethod.java:58) ~[mybatis-3.4.6.jar:3.4.6]
	at org.apache.ibatis.binding.MapperProxy.invoke(MapperProxy.java:59) ~[mybatis-3.4.6.jar:3.4.6]
	at com.sun.proxy.$Proxy57.insert(Unknown Source) ~[?:?]
	at jdk.internal.reflect.NativeMethodAccessorImpl.invoke0(Native Method) ~[?:?]
	at jdk.internal.reflect.NativeMethodAccessorImpl.invoke(NativeMethodAccessorImpl.java:62) ~[?:?]
	at jdk.internal.reflect.DelegatingMethodAccessorImpl.invoke(DelegatingMethodAccessorImpl.java:43) ~[?:?]
	at java.lang.reflect.Method.invoke(Method.java:566) ~[?:?]
	at org.springframework.aop.support.AopUtils.invokeJoinpointUsingReflection(AopUtils.java:343) ~[spring-aop-5.0.7.RELEASE.jar:5.0.7.RELEASE]
	at org.springframework.aop.framework.ReflectiveMethodInvocation.invokeJoinpoint(ReflectiveMethodInvocation.java:197) ~[spring-aop-5.0.7.RELEASE.jar:5.0.7.RELEASE]
	at org.springframework.aop.framework.ReflectiveMethodInvocation.proceed(ReflectiveMethodInvocation.java:163) ~[spring-aop-5.0.7.RELEASE.jar:5.0.7.RELEASE]
	at org.springframework.aop.framework.adapter.MethodBeforeAdviceInterceptor.invoke(MethodBeforeAdviceInterceptor.java:52) ~[spring-aop-5.0.7.RELEASE.jar:5.0.7.RELEASE]
	at org.springframework.aop.framework.ReflectiveMethodInvocation.proceed(ReflectiveMethodInvocation.java:185) ~[spring-aop-5.0.7.RELEASE.jar:5.0.7.RELEASE]
	at org.springframework.aop.framework.adapter.AfterReturningAdviceInterceptor.invoke(AfterReturningAdviceInterceptor.java:52) ~[spring-aop-5.0.7.RELEASE.jar:5.0.7.RELEASE]
	at org.springframework.aop.framework.ReflectiveMethodInvocation.proceed(ReflectiveMethodInvocation.java:185) ~[spring-aop-5.0.7.RELEASE.jar:5.0.7.RELEASE]
	at org.springframework.aop.aspectj.AspectJAfterThrowingAdvice.invoke(AspectJAfterThrowingAdvice.java:62) ~[spring-aop-5.0.7.RELEASE.jar:5.0.7.RELEASE]
	at org.springframework.aop.framework.ReflectiveMethodInvocation.proceed(ReflectiveMethodInvocation.java:174) ~[spring-aop-5.0.7.RELEASE.jar:5.0.7.RELEASE]
	at org.springframework.aop.interceptor.ExposeInvocationInterceptor.invoke(ExposeInvocationInterceptor.java:92) ~[spring-aop-5.0.7.RELEASE.jar:5.0.7.RELEASE]
	at org.springframework.aop.framework.ReflectiveMethodInvocation.proceed(ReflectiveMethodInvocation.java:185) ~[spring-aop-5.0.7.RELEASE.jar:5.0.7.RELEASE]
	at org.springframework.aop.framework.JdkDynamicAopProxy.invoke(JdkDynamicAopProxy.java:212) ~[spring-aop-5.0.7.RELEASE.jar:5.0.7.RELEASE]
	at com.sun.proxy.$Proxy58.insert(Unknown Source) ~[?:?]
	at kr.co.librarylyh.mapper.BookListMapperTests.testInsert(BookListMapperTests.java:57) ~[test-classes/:?]
	at jdk.internal.reflect.NativeMethodAccessorImpl.invoke0(Native Method) ~[?:?]
	at jdk.internal.reflect.NativeMethodAccessorImpl.invoke(NativeMethodAccessorImpl.java:62) ~[?:?]
	at jdk.internal.reflect.DelegatingMethodAccessorImpl.invoke(DelegatingMethodAccessorImpl.java:43) ~[?:?]
	at java.lang.reflect.Method.invoke(Method.java:566) ~[?:?]
	at org.junit.runners.model.FrameworkMethod$1.runReflectiveCall(FrameworkMethod.java:50) ~[junit-4.12.jar:4.12]
	at org.junit.internal.runners.model.ReflectiveCallable.run(ReflectiveCallable.java:12) ~[junit-4.12.jar:4.12]
	at org.junit.runners.model.FrameworkMethod.invokeExplosively(FrameworkMethod.java:47) ~[junit-4.12.jar:4.12]
	at org.junit.internal.runners.statements.InvokeMethod.evaluate(InvokeMethod.java:17) ~[junit-4.12.jar:4.12]
	at org.springframework.test.context.junit4.statements.RunBeforeTestExecutionCallbacks.evaluate(RunBeforeTestExecutionCallbacks.java:73) ~[spring-test-5.0.7.RELEASE.jar:5.0.7.RELEASE]
	at org.springframework.test.context.junit4.statements.RunAfterTestExecutionCallbacks.evaluate(RunAfterTestExecutionCallbacks.java:83) ~[spring-test-5.0.7.RELEASE.jar:5.0.7.RELEASE]
	at org.junit.internal.runners.statements.RunBefores.evaluate(RunBefores.java:26) ~[junit-4.12.jar:4.12]
	at org.springframework.test.context.junit4.statements.RunBeforeTestMethodCallbacks.evaluate(RunBeforeTestMethodCallbacks.java:75) ~[spring-test-5.0.7.RELEASE.jar:5.0.7.RELEASE]
	at org.springframework.test.context.junit4.statements.RunAfterTestMethodCallbacks.evaluate(RunAfterTestMethodCallbacks.java:86) ~[spring-test-5.0.7.RELEASE.jar:5.0.7.RELEASE]
	at org.springframework.test.context.junit4.statements.SpringRepeat.evaluate(SpringRepeat.java:84) ~[spring-test-5.0.7.RELEASE.jar:5.0.7.RELEASE]
	at org.junit.runners.ParentRunner.runLeaf(ParentRunner.java:325) ~[junit-4.12.jar:4.12]
	at org.springframework.test.context.junit4.SpringJUnit4ClassRunner.runChild(SpringJUnit4ClassRunner.java:251) ~[spring-test-5.0.7.RELEASE.jar:5.0.7.RELEASE]
	at org.springframework.test.context.junit4.SpringJUnit4ClassRunner.runChild(SpringJUnit4ClassRunner.java:97) ~[spring-test-5.0.7.RELEASE.jar:5.0.7.RELEASE]
	at org.junit.runners.ParentRunner$3.run(ParentRunner.java:290) ~[junit-4.12.jar:4.12]
	at org.junit.runners.ParentRunner$1.schedule(ParentRunner.java:71) ~[junit-4.12.jar:4.12]
	at org.junit.runners.ParentRunner.runChildren(ParentRunner.java:288) ~[junit-4.12.jar:4.12]
	at org.junit.runners.ParentRunner.access$000(ParentRunner.java:58) ~[junit-4.12.jar:4.12]
	at org.junit.runners.ParentRunner$2.evaluate(ParentRunner.java:268) ~[junit-4.12.jar:4.12]
	at org.springframework.test.context.junit4.statements.RunBeforeTestClassCallbacks.evaluate(RunBeforeTestClassCallbacks.java:61) ~[spring-test-5.0.7.RELEASE.jar:5.0.7.RELEASE]
	at org.springframework.test.context.junit4.statements.RunAfterTestClassCallbacks.evaluate(RunAfterTestClassCallbacks.java:70) ~[spring-test-5.0.7.RELEASE.jar:5.0.7.RELEASE]
	at org.junit.runners.ParentRunner.run(ParentRunner.java:363) ~[junit-4.12.jar:4.12]
	at org.springframework.test.context.junit4.SpringJUnit4ClassRunner.run(SpringJUnit4ClassRunner.java:190) ~[spring-test-5.0.7.RELEASE.jar:5.0.7.RELEASE]
	at org.apache.maven.surefire.junit4.JUnit4Provider.execute(JUnit4Provider.java:316) ~[surefire-junit4-3.2.5.jar:3.2.5]
	at org.apache.maven.surefire.junit4.JUnit4Provider.executeWithRerun(JUnit4Provider.java:240) ~[surefire-junit4-3.2.5.jar:3.2.5]
	at org.apache.maven.surefire.junit4.JUnit4Provider.executeTestSet(JUnit4Provider.java:214) ~[surefire-junit4-3.2.5.jar:3.2.5]
	at org.apache.maven.surefire.junit4.JUnit4Provider.invoke(JUnit4Provider.java:155) ~[surefire-junit4-3.2.5.jar:3.2.5]
	at org.apache.maven.surefire.booter.ForkedBooter.runSuitesInProcess(ForkedBooter.java:385) ~[surefire-booter-3.2.5.jar:3.2.5]
	at org.apache.maven.surefire.booter.ForkedBooter.execute(ForkedBooter.java:162) ~[surefire-booter-3.2.5.jar:3.2.5]
	at org.apache.maven.surefire.booter.ForkedBooter.run(ForkedBooter.java:507) ~[surefire-booter-3.2.5.jar:3.2.5]
	at org.apache.maven.surefire.booter.ForkedBooter.main(ForkedBooter.java:495) ~[surefire-booter-3.2.5.jar:3.2.5]
Caused by: oracle.jdbc.OracleDatabaseException: ORA-00904: "STAR5COUNT": invalid identifier

	at oracle.jdbc.driver.T4CTTIoer11.processError(T4CTTIoer11.java:710) ~[ojdbc8-23.2.0.0.jar:23.2.0.0.0]
	... 84 more
 ERROR jdbc.sqltiming(exceptionOccured154) - 21. PreparedStatement.execute() FAILED! INSERT INTO book_tbl (isbn13, book, bookDescription, author, publisher, photo, weight, bookSize, 
rentalAvailable, price, pageCount, bookCount, averageRating, star1Count, star2Count, star3Count, 
star4Count, star5Count, reviewCount, publicationDate) VALUES (1234567890123, '테스트 책 제목', '<Reader 
of length 9>', '테스트 저자', '테스트 출판사', 'test_photo.jpg', '100kg', '100M', 'Y', 10000, 300, 5, 
4.5, '5%', '10%', '15%', '20%', '50%', 185, to_date('02/02/2000 00:00:00', 'mm/dd/yyyy hh24:mi:ss')) 
 {FAILED after 2 msec}
java.sql.SQLSyntaxErrorException: ORA-00904: "STAR5COUNT": invalid identifier

	at oracle.jdbc.driver.T4CTTIoer11.processError(T4CTTIoer11.java:702) ~[ojdbc8-23.2.0.0.jar:23.2.0.0.0]
	at oracle.jdbc.driver.T4CTTIoer11.processError(T4CTTIoer11.java:608) ~[ojdbc8-23.2.0.0.jar:23.2.0.0.0]
	at oracle.jdbc.driver.T4C8Oall.processError(T4C8Oall.java:1248) ~[ojdbc8-23.2.0.0.jar:23.2.0.0.0]
	at oracle.jdbc.driver.T4CTTIfun.receive(T4CTTIfun.java:1041) ~[ojdbc8-23.2.0.0.jar:23.2.0.0.0]
	at oracle.jdbc.driver.T4CTTIfun.doRPC(T4CTTIfun.java:443) ~[ojdbc8-23.2.0.0.jar:23.2.0.0.0]
	at oracle.jdbc.driver.T4C8Oall.doOALL(T4C8Oall.java:518) ~[ojdbc8-23.2.0.0.jar:23.2.0.0.0]
	at oracle.jdbc.driver.T4CPreparedStatement.doOall8(T4CPreparedStatement.java:251) ~[ojdbc8-23.2.0.0.jar:23.2.0.0.0]
	at oracle.jdbc.driver.T4CPreparedStatement.executeForRows(T4CPreparedStatement.java:1181) ~[ojdbc8-23.2.0.0.jar:23.2.0.0.0]
	at oracle.jdbc.driver.OracleStatement.executeSQLStatement(OracleStatement.java:1571) ~[ojdbc8-23.2.0.0.jar:23.2.0.0.0]
	at oracle.jdbc.driver.OracleStatement.doExecuteWithTimeout(OracleStatement.java:1345) ~[ojdbc8-23.2.0.0.jar:23.2.0.0.0]
	at oracle.jdbc.driver.OraclePreparedStatement.executeInternal(OraclePreparedStatement.java:3728) ~[ojdbc8-23.2.0.0.jar:23.2.0.0.0]
	at oracle.jdbc.driver.OraclePreparedStatement.execute(OraclePreparedStatement.java:3938) ~[ojdbc8-23.2.0.0.jar:23.2.0.0.0]
	at oracle.jdbc.driver.OraclePreparedStatementWrapper.execute(OraclePreparedStatementWrapper.java:1011) ~[ojdbc8-23.2.0.0.jar:23.2.0.0.0]
	at net.sf.log4jdbc.sql.jdbcapi.PreparedStatementSpy.execute(PreparedStatementSpy.java:443) ~[log4jdbc-log4j2-jdbc4-1.16.jar:?]
	at com.zaxxer.hikari.pool.ProxyPreparedStatement.execute(ProxyPreparedStatement.java:44) ~[HikariCP-2.7.9.jar:?]
	at com.zaxxer.hikari.pool.HikariProxyPreparedStatement.execute(HikariProxyPreparedStatement.java) ~[HikariCP-2.7.9.jar:?]
	at org.apache.ibatis.executor.statement.PreparedStatementHandler.update(PreparedStatementHandler.java:46) ~[mybatis-3.4.6.jar:3.4.6]
	at org.apache.ibatis.executor.statement.RoutingStatementHandler.update(RoutingStatementHandler.java:74) ~[mybatis-3.4.6.jar:3.4.6]
	at org.apache.ibatis.executor.SimpleExecutor.doUpdate(SimpleExecutor.java:50) ~[mybatis-3.4.6.jar:3.4.6]
	at org.apache.ibatis.executor.BaseExecutor.update(BaseExecutor.java:117) ~[mybatis-3.4.6.jar:3.4.6]
	at org.apache.ibatis.executor.CachingExecutor.update(CachingExecutor.java:76) ~[mybatis-3.4.6.jar:3.4.6]
	at org.apache.ibatis.session.defaults.DefaultSqlSession.update(DefaultSqlSession.java:198) ~[mybatis-3.4.6.jar:3.4.6]
	at org.apache.ibatis.session.defaults.DefaultSqlSession.insert(DefaultSqlSession.java:185) ~[mybatis-3.4.6.jar:3.4.6]
	at jdk.internal.reflect.NativeMethodAccessorImpl.invoke0(Native Method) ~[?:?]
	at jdk.internal.reflect.NativeMethodAccessorImpl.invoke(NativeMethodAccessorImpl.java:62) ~[?:?]
	at jdk.internal.reflect.DelegatingMethodAccessorImpl.invoke(DelegatingMethodAccessorImpl.java:43) ~[?:?]
	at java.lang.reflect.Method.invoke(Method.java:566) ~[?:?]
	at org.mybatis.spring.SqlSessionTemplate$SqlSessionInterceptor.invoke(SqlSessionTemplate.java:433) ~[mybatis-spring-1.3.3.jar:1.3.3]
	at com.sun.proxy.$Proxy54.insert(Unknown Source) ~[?:?]
	at org.mybatis.spring.SqlSessionTemplate.insert(SqlSessionTemplate.java:278) ~[mybatis-spring-1.3.3.jar:1.3.3]
	at org.apache.ibatis.binding.MapperMethod.execute(MapperMethod.java:58) ~[mybatis-3.4.6.jar:3.4.6]
	at org.apache.ibatis.binding.MapperProxy.invoke(MapperProxy.java:59) ~[mybatis-3.4.6.jar:3.4.6]
	at com.sun.proxy.$Proxy57.insert(Unknown Source) ~[?:?]
	at jdk.internal.reflect.NativeMethodAccessorImpl.invoke0(Native Method) ~[?:?]
	at jdk.internal.reflect.NativeMethodAccessorImpl.invoke(NativeMethodAccessorImpl.java:62) ~[?:?]
	at jdk.internal.reflect.DelegatingMethodAccessorImpl.invoke(DelegatingMethodAccessorImpl.java:43) ~[?:?]
	at java.lang.reflect.Method.invoke(Method.java:566) ~[?:?]
	at org.springframework.aop.support.AopUtils.invokeJoinpointUsingReflection(AopUtils.java:343) ~[spring-aop-5.0.7.RELEASE.jar:5.0.7.RELEASE]
	at org.springframework.aop.framework.ReflectiveMethodInvocation.invokeJoinpoint(ReflectiveMethodInvocation.java:197) ~[spring-aop-5.0.7.RELEASE.jar:5.0.7.RELEASE]
	at org.springframework.aop.framework.ReflectiveMethodInvocation.proceed(ReflectiveMethodInvocation.java:163) ~[spring-aop-5.0.7.RELEASE.jar:5.0.7.RELEASE]
	at org.springframework.aop.framework.adapter.MethodBeforeAdviceInterceptor.invoke(MethodBeforeAdviceInterceptor.java:52) ~[spring-aop-5.0.7.RELEASE.jar:5.0.7.RELEASE]
	at org.springframework.aop.framework.ReflectiveMethodInvocation.proceed(ReflectiveMethodInvocation.java:185) ~[spring-aop-5.0.7.RELEASE.jar:5.0.7.RELEASE]
	at org.springframework.aop.framework.adapter.AfterReturningAdviceInterceptor.invoke(AfterReturningAdviceInterceptor.java:52) ~[spring-aop-5.0.7.RELEASE.jar:5.0.7.RELEASE]
	at org.springframework.aop.framework.ReflectiveMethodInvocation.proceed(ReflectiveMethodInvocation.java:185) ~[spring-aop-5.0.7.RELEASE.jar:5.0.7.RELEASE]
	at org.springframework.aop.aspectj.AspectJAfterThrowingAdvice.invoke(AspectJAfterThrowingAdvice.java:62) ~[spring-aop-5.0.7.RELEASE.jar:5.0.7.RELEASE]
	at org.springframework.aop.framework.ReflectiveMethodInvocation.proceed(ReflectiveMethodInvocation.java:174) ~[spring-aop-5.0.7.RELEASE.jar:5.0.7.RELEASE]
	at org.springframework.aop.interceptor.ExposeInvocationInterceptor.invoke(ExposeInvocationInterceptor.java:92) ~[spring-aop-5.0.7.RELEASE.jar:5.0.7.RELEASE]
	at org.springframework.aop.framework.ReflectiveMethodInvocation.proceed(ReflectiveMethodInvocation.java:185) ~[spring-aop-5.0.7.RELEASE.jar:5.0.7.RELEASE]
	at org.springframework.aop.framework.JdkDynamicAopProxy.invoke(JdkDynamicAopProxy.java:212) ~[spring-aop-5.0.7.RELEASE.jar:5.0.7.RELEASE]
	at com.sun.proxy.$Proxy58.insert(Unknown Source) ~[?:?]
	at kr.co.librarylyh.mapper.BookListMapperTests.testInsert(BookListMapperTests.java:57) ~[test-classes/:?]
	at jdk.internal.reflect.NativeMethodAccessorImpl.invoke0(Native Method) ~[?:?]
	at jdk.internal.reflect.NativeMethodAccessorImpl.invoke(NativeMethodAccessorImpl.java:62) ~[?:?]
	at jdk.internal.reflect.DelegatingMethodAccessorImpl.invoke(DelegatingMethodAccessorImpl.java:43) ~[?:?]
	at java.lang.reflect.Method.invoke(Method.java:566) ~[?:?]
	at org.junit.runners.model.FrameworkMethod$1.runReflectiveCall(FrameworkMethod.java:50) ~[junit-4.12.jar:4.12]
	at org.junit.internal.runners.model.ReflectiveCallable.run(ReflectiveCallable.java:12) ~[junit-4.12.jar:4.12]
	at org.junit.runners.model.FrameworkMethod.invokeExplosively(FrameworkMethod.java:47) ~[junit-4.12.jar:4.12]
	at org.junit.internal.runners.statements.InvokeMethod.evaluate(InvokeMethod.java:17) ~[junit-4.12.jar:4.12]
	at org.springframework.test.context.junit4.statements.RunBeforeTestExecutionCallbacks.evaluate(RunBeforeTestExecutionCallbacks.java:73) ~[spring-test-5.0.7.RELEASE.jar:5.0.7.RELEASE]
	at org.springframework.test.context.junit4.statements.RunAfterTestExecutionCallbacks.evaluate(RunAfterTestExecutionCallbacks.java:83) ~[spring-test-5.0.7.RELEASE.jar:5.0.7.RELEASE]
	at org.junit.internal.runners.statements.RunBefores.evaluate(RunBefores.java:26) ~[junit-4.12.jar:4.12]
	at org.springframework.test.context.junit4.statements.RunBeforeTestMethodCallbacks.evaluate(RunBeforeTestMethodCallbacks.java:75) ~[spring-test-5.0.7.RELEASE.jar:5.0.7.RELEASE]
	at org.springframework.test.context.junit4.statements.RunAfterTestMethodCallbacks.evaluate(RunAfterTestMethodCallbacks.java:86) ~[spring-test-5.0.7.RELEASE.jar:5.0.7.RELEASE]
	at org.springframework.test.context.junit4.statements.SpringRepeat.evaluate(SpringRepeat.java:84) ~[spring-test-5.0.7.RELEASE.jar:5.0.7.RELEASE]
	at org.junit.runners.ParentRunner.runLeaf(ParentRunner.java:325) ~[junit-4.12.jar:4.12]
	at org.springframework.test.context.junit4.SpringJUnit4ClassRunner.runChild(SpringJUnit4ClassRunner.java:251) ~[spring-test-5.0.7.RELEASE.jar:5.0.7.RELEASE]
	at org.springframework.test.context.junit4.SpringJUnit4ClassRunner.runChild(SpringJUnit4ClassRunner.java:97) ~[spring-test-5.0.7.RELEASE.jar:5.0.7.RELEASE]
	at org.junit.runners.ParentRunner$3.run(ParentRunner.java:290) ~[junit-4.12.jar:4.12]
	at org.junit.runners.ParentRunner$1.schedule(ParentRunner.java:71) ~[junit-4.12.jar:4.12]
	at org.junit.runners.ParentRunner.runChildren(ParentRunner.java:288) ~[junit-4.12.jar:4.12]
	at org.junit.runners.ParentRunner.access$000(ParentRunner.java:58) ~[junit-4.12.jar:4.12]
	at org.junit.runners.ParentRunner$2.evaluate(ParentRunner.java:268) ~[junit-4.12.jar:4.12]
	at org.springframework.test.context.junit4.statements.RunBeforeTestClassCallbacks.evaluate(RunBeforeTestClassCallbacks.java:61) ~[spring-test-5.0.7.RELEASE.jar:5.0.7.RELEASE]
	at org.springframework.test.context.junit4.statements.RunAfterTestClassCallbacks.evaluate(RunAfterTestClassCallbacks.java:70) ~[spring-test-5.0.7.RELEASE.jar:5.0.7.RELEASE]
	at org.junit.runners.ParentRunner.run(ParentRunner.java:363) ~[junit-4.12.jar:4.12]
	at org.springframework.test.context.junit4.SpringJUnit4ClassRunner.run(SpringJUnit4ClassRunner.java:190) ~[spring-test-5.0.7.RELEASE.jar:5.0.7.RELEASE]
	at org.apache.maven.surefire.junit4.JUnit4Provider.execute(JUnit4Provider.java:316) ~[surefire-junit4-3.2.5.jar:3.2.5]
	at org.apache.maven.surefire.junit4.JUnit4Provider.executeWithRerun(JUnit4Provider.java:240) ~[surefire-junit4-3.2.5.jar:3.2.5]
	at org.apache.maven.surefire.junit4.JUnit4Provider.executeTestSet(JUnit4Provider.java:214) ~[surefire-junit4-3.2.5.jar:3.2.5]
	at org.apache.maven.surefire.junit4.JUnit4Provider.invoke(JUnit4Provider.java:155) ~[surefire-junit4-3.2.5.jar:3.2.5]
	at org.apache.maven.surefire.booter.ForkedBooter.runSuitesInProcess(ForkedBooter.java:385) ~[surefire-booter-3.2.5.jar:3.2.5]
	at org.apache.maven.surefire.booter.ForkedBooter.execute(ForkedBooter.java:162) ~[surefire-booter-3.2.5.jar:3.2.5]
	at org.apache.maven.surefire.booter.ForkedBooter.run(ForkedBooter.java:507) ~[surefire-booter-3.2.5.jar:3.2.5]
	at org.apache.maven.surefire.booter.ForkedBooter.main(ForkedBooter.java:495) ~[surefire-booter-3.2.5.jar:3.2.5]
Caused by: oracle.jdbc.OracleDatabaseException: ORA-00904: "STAR5COUNT": invalid identifier

	at oracle.jdbc.driver.T4CTTIoer11.processError(T4CTTIoer11.java:710) ~[ojdbc8-23.2.0.0.jar:23.2.0.0.0]
	... 84 more
 INFO  jdbc.audit(methodReturned175) - 21. PreparedStatement.isClosed() returned false
 INFO  jdbc.audit(methodReturned175) - 21. PreparedStatement.close() returned 
 DEBUG org.springframework.jdbc.datasource.DataSourceUtils(doReleaseConnection340) - Returning JDBC Connection to DataSource
 INFO  jdbc.audit(methodReturned175) - 21. Connection.clearWarnings() returned 
 DEBUG org.springframework.core.env.StandardEnvironment(addLast109) - Adding PropertySource 'systemProperties' with lowest search precedence
 DEBUG org.springframework.core.env.StandardEnvironment(addLast109) - Adding PropertySource 'systemEnvironment' with lowest search precedence
 DEBUG org.springframework.core.env.StandardEnvironment(<init>125) - Initialized StandardEnvironment with PropertySources [MapPropertySource@1416852258 {name='systemProperties', properties={sun.desktop=windows, awt.toolkit=sun.awt.windows.WToolkit, java.specification.version=11, sun.cpu.isalist=amd64, sun.jnu.encoding=MS949, java.class.path=D:\workspace\Library\Library\target\test-classes;D:\workspace\Library\Library\target\classes;C:\Users\user\.m2\repository\org\springframework\spring-context\5.0.7.RELEASE\spring-context-5.0.7.RELEASE.jar;C:\Users\user\.m2\repository\org\springframework\spring-aop\5.0.7.RELEASE\spring-aop-5.0.7.RELEASE.jar;C:\Users\user\.m2\repository\org\springframework\spring-beans\5.0.7.RELEASE\spring-beans-5.0.7.RELEASE.jar;C:\Users\user\.m2\repository\org\springframework\spring-core\5.0.7.RELEASE\spring-core-5.0.7.RELEASE.jar;C:\Users\user\.m2\repository\org\springframework\spring-jcl\5.0.7.RELEASE\spring-jcl-5.0.7.RELEASE.jar;C:\Users\user\.m2\repository\org\springframework\spring-expression\5.0.7.RELEASE\spring-expression-5.0.7.RELEASE.jar;C:\Users\user\.m2\repository\org\springframework\spring-webmvc\5.0.7.RELEASE\spring-webmvc-5.0.7.RELEASE.jar;C:\Users\user\.m2\repository\org\springframework\spring-web\5.0.7.RELEASE\spring-web-5.0.7.RELEASE.jar;C:\Users\user\.m2\repository\com\fasterxml\jackson\core\jackson-databind\2.9.4\jackson-databind-2.9.4.jar;C:\Users\user\.m2\repository\com\fasterxml\jackson\core\jackson-annotations\2.9.0\jackson-annotations-2.9.0.jar;C:\Users\user\.m2\repository\com\fasterxml\jackson\core\jackson-core\2.9.4\jackson-core-2.9.4.jar;C:\Users\user\.m2\repository\com\fasterxml\jackson\dataformat\jackson-dataformat-xml\2.9.6\jackson-dataformat-xml-2.9.6.jar;C:\Users\user\.m2\repository\com\fasterxml\jackson\module\jackson-module-jaxb-annotations\2.9.6\jackson-module-jaxb-annotations-2.9.6.jar;C:\Users\user\.m2\repository\org\codehaus\woodstox\stax2-api\3.1.4\stax2-api-3.1.4.jar;C:\Users\user\.m2\repository\com\fasterxml\woodstox\woodstox-core\5.0.3\woodstox-core-5.0.3.jar;C:\Users\user\.m2\repository\com\google\code\gson\gson\2.8.2\gson-2.8.2.jar;C:\Users\user\.m2\repository\org\springframework\spring-test\5.0.7.RELEASE\spring-test-5.0.7.RELEASE.jar;C:\Users\user\.m2\repository\org\projectlombok\lombok\1.18.24\lombok-1.18.24.jar;C:\Users\user\.m2\repository\com\oracle\database\jdbc\ojdbc8\23.2.0.0\ojdbc8-23.2.0.0.jar;C:\Users\user\.m2\repository\com\zaxxer\HikariCP\2.7.9\HikariCP-2.7.9.jar;C:\Users\user\.m2\repository\org\slf4j\slf4j-api\1.7.25\slf4j-api-1.7.25.jar;C:\Users\user\.m2\repository\org\mybatis\mybatis\3.4.6\mybatis-3.4.6.jar;C:\Users\user\.m2\repository\org\mybatis\mybatis-spring\1.3.3\mybatis-spring-1.3.3.jar;C:\Users\user\.m2\repository\org\springframework\spring-tx\5.0.7.RELEASE\spring-tx-5.0.7.RELEASE.jar;C:\Users\user\.m2\repository\org\springframework\spring-jdbc\5.0.7.RELEASE\spring-jdbc-5.0.7.RELEASE.jar;C:\Users\user\.m2\repository\org\bgee\log4jdbc-log4j2\log4jdbc-log4j2-jdbc4\1.16\log4jdbc-log4j2-jdbc4-1.16.jar;C:\Users\user\.m2\repository\org\aspectj\aspectjrt\1.9.0\aspectjrt-1.9.0.jar;C:\Users\user\.m2\repository\org\aspectj\aspectjweaver\1.9.0\aspectjweaver-1.9.0.jar;C:\Users\user\.m2\repository\org\apache\logging\log4j\log4j-api\2.18.0\log4j-api-2.18.0.jar;C:\Users\user\.m2\repository\org\apache\logging\log4j\log4j-core\2.18.0\log4j-core-2.18.0.jar;C:\Users\user\.m2\repository\org\apache\logging\log4j\log4j-slf4j-impl\2.18.0\log4j-slf4j-impl-2.18.0.jar;C:\Users\user\.m2\repository\javax\inject\javax.inject\1\javax.inject-1.jar;C:\Users\user\.m2\repository\net\coobird\thumbnailator\0.4.8\thumbnailator-0.4.8.jar;C:\Users\user\.m2\repository\javax\servlet\javax.servlet-api\3.1.0\javax.servlet-api-3.1.0.jar;C:\Users\user\.m2\repository\javax\servlet\jsp\jsp-api\2.1\jsp-api-2.1.jar;C:\Users\user\.m2\repository\javax\servlet\jstl\1.2\jstl-1.2.jar;C:\Users\user\.m2\repository\junit\junit\4.12\junit-4.12.jar;C:\Users\user\.m2\repository\org\hamcrest\hamcrest-core\1.3\hamcrest-core-1.3.jar;C:\Users\user\.m2\repository\org\quartz-scheduler\quartz\2.3.0\quartz-2.3.0.jar;C:\Users\user\.m2\repository\com\mchange\c3p0\0.9.5.2\c3p0-0.9.5.2.jar;C:\Users\user\.m2\repository\com\mchange\mchange-commons-java\0.2.11\mchange-commons-java-0.2.11.jar;C:\Users\user\.m2\repository\com\zaxxer\HikariCP-java6\2.3.13\HikariCP-java6-2.3.13.jar;C:\Users\user\.m2\repository\org\quartz-scheduler\quartz-jobs\2.3.0\quartz-jobs-2.3.0.jar;C:\Users\user\.m2\repository\commons-fileupload\commons-fileupload\1.3.3\commons-fileupload-1.3.3.jar;C:\Users\user\.m2\repository\commons-io\commons-io\2.2\commons-io-2.2.jar;, java.vm.vendor=Eclipse Adoptium, sun.arch.data.model=64, user.variant=, java.vendor.url=https://adoptium.net/, user.timezone=Asia/Seoul, os.name=Windows 10, java.vm.specification.version=11, sun.java.launcher=SUN_STANDARD, user.country=KR, sun.boot.library.path=D:\JDK\temurin-11.0.24\bin, sun.java.command=C:\Users\user\AppData\Local\Temp\surefire16523614096664670160\surefirebooter-20240923174604044_3.jar C:\Users\user\AppData\Local\Temp\surefire16523614096664670160 2024-09-23T17-46-03_207-jvmRun1 surefire-20240923174604044_1tmp surefire_0-20240923174604044_2tmp, jdk.debug=release, surefire.test.class.path=D:\workspace\Library\Library\target\test-classes;D:\workspace\Library\Library\target\classes;C:\Users\user\.m2\repository\org\springframework\spring-context\5.0.7.RELEASE\spring-context-5.0.7.RELEASE.jar;C:\Users\user\.m2\repository\org\springframework\spring-aop\5.0.7.RELEASE\spring-aop-5.0.7.RELEASE.jar;C:\Users\user\.m2\repository\org\springframework\spring-beans\5.0.7.RELEASE\spring-beans-5.0.7.RELEASE.jar;C:\Users\user\.m2\repository\org\springframework\spring-core\5.0.7.RELEASE\spring-core-5.0.7.RELEASE.jar;C:\Users\user\.m2\repository\org\springframework\spring-jcl\5.0.7.RELEASE\spring-jcl-5.0.7.RELEASE.jar;C:\Users\user\.m2\repository\org\springframework\spring-expression\5.0.7.RELEASE\spring-expression-5.0.7.RELEASE.jar;C:\Users\user\.m2\repository\org\springframework\spring-webmvc\5.0.7.RELEASE\spring-webmvc-5.0.7.RELEASE.jar;C:\Users\user\.m2\repository\org\springframework\spring-web\5.0.7.RELEASE\spring-web-5.0.7.RELEASE.jar;C:\Users\user\.m2\repository\com\fasterxml\jackson\core\jackson-databind\2.9.4\jackson-databind-2.9.4.jar;C:\Users\user\.m2\repository\com\fasterxml\jackson\core\jackson-annotations\2.9.0\jackson-annotations-2.9.0.jar;C:\Users\user\.m2\repository\com\fasterxml\jackson\core\jackson-core\2.9.4\jackson-core-2.9.4.jar;C:\Users\user\.m2\repository\com\fasterxml\jackson\dataformat\jackson-dataformat-xml\2.9.6\jackson-dataformat-xml-2.9.6.jar;C:\Users\user\.m2\repository\com\fasterxml\jackson\module\jackson-module-jaxb-annotations\2.9.6\jackson-module-jaxb-annotations-2.9.6.jar;C:\Users\user\.m2\repository\org\codehaus\woodstox\stax2-api\3.1.4\stax2-api-3.1.4.jar;C:\Users\user\.m2\repository\com\fasterxml\woodstox\woodstox-core\5.0.3\woodstox-core-5.0.3.jar;C:\Users\user\.m2\repository\com\google\code\gson\gson\2.8.2\gson-2.8.2.jar;C:\Users\user\.m2\repository\org\springframework\spring-test\5.0.7.RELEASE\spring-test-5.0.7.RELEASE.jar;C:\Users\user\.m2\repository\org\projectlombok\lombok\1.18.24\lombok-1.18.24.jar;C:\Users\user\.m2\repository\com\oracle\database\jdbc\ojdbc8\23.2.0.0\ojdbc8-23.2.0.0.jar;C:\Users\user\.m2\repository\com\zaxxer\HikariCP\2.7.9\HikariCP-2.7.9.jar;C:\Users\user\.m2\repository\org\slf4j\slf4j-api\1.7.25\slf4j-api-1.7.25.jar;C:\Users\user\.m2\repository\org\mybatis\mybatis\3.4.6\mybatis-3.4.6.jar;C:\Users\user\.m2\repository\org\mybatis\mybatis-spring\1.3.3\mybatis-spring-1.3.3.jar;C:\Users\user\.m2\repository\org\springframework\spring-tx\5.0.7.RELEASE\spring-tx-5.0.7.RELEASE.jar;C:\Users\user\.m2\repository\org\springframework\spring-jdbc\5.0.7.RELEASE\spring-jdbc-5.0.7.RELEASE.jar;C:\Users\user\.m2\repository\org\bgee\log4jdbc-log4j2\log4jdbc-log4j2-jdbc4\1.16\log4jdbc-log4j2-jdbc4-1.16.jar;C:\Users\user\.m2\repository\org\aspectj\aspectjrt\1.9.0\aspectjrt-1.9.0.jar;C:\Users\user\.m2\repository\org\aspectj\aspectjweaver\1.9.0\aspectjweaver-1.9.0.jar;C:\Users\user\.m2\repository\org\apache\logging\log4j\log4j-api\2.18.0\log4j-api-2.18.0.jar;C:\Users\user\.m2\repository\org\apache\logging\log4j\log4j-core\2.18.0\log4j-core-2.18.0.jar;C:\Users\user\.m2\repository\org\apache\logging\log4j\log4j-slf4j-impl\2.18.0\log4j-slf4j-impl-2.18.0.jar;C:\Users\user\.m2\repository\javax\inject\javax.inject\1\javax.inject-1.jar;C:\Users\user\.m2\repository\net\coobird\thumbnailator\0.4.8\thumbnailator-0.4.8.jar;C:\Users\user\.m2\repository\javax\servlet\javax.servlet-api\3.1.0\javax.servlet-api-3.1.0.jar;C:\Users\user\.m2\repository\javax\servlet\jsp\jsp-api\2.1\jsp-api-2.1.jar;C:\Users\user\.m2\repository\javax\servlet\jstl\1.2\jstl-1.2.jar;C:\Users\user\.m2\repository\junit\junit\4.12\junit-4.12.jar;C:\Users\user\.m2\repository\org\hamcrest\hamcrest-core\1.3\hamcrest-core-1.3.jar;C:\Users\user\.m2\repository\org\quartz-scheduler\quartz\2.3.0\quartz-2.3.0.jar;C:\Users\user\.m2\repository\com\mchange\c3p0\0.9.5.2\c3p0-0.9.5.2.jar;C:\Users\user\.m2\repository\com\mchange\mchange-commons-java\0.2.11\mchange-commons-java-0.2.11.jar;C:\Users\user\.m2\repository\com\zaxxer\HikariCP-java6\2.3.13\HikariCP-java6-2.3.13.jar;C:\Users\user\.m2\repository\org\quartz-scheduler\quartz-jobs\2.3.0\quartz-jobs-2.3.0.jar;C:\Users\user\.m2\repository\commons-fileupload\commons-fileupload\1.3.3\commons-fileupload-1.3.3.jar;C:\Users\user\.m2\repository\commons-io\commons-io\2.2\commons-io-2.2.jar;, sun.cpu.endian=little, user.home=C:\Users\user, user.language=ko, java.specification.vendor=Oracle Corporation, java.version.date=2024-07-16, java.home=D:\JDK\temurin-11.0.24, file.separator=\, basedir=D:\workspace\Library\Library, java.vm.compressedOopsMode=Zero based, line.separator=
, java.specification.name=Java Platform API Specification, java.vm.specification.vendor=Oracle Corporation, java.awt.graphicsenv=sun.awt.Win32GraphicsEnvironment, surefire.real.class.path=C:\Users\user\AppData\Local\Temp\surefire16523614096664670160\surefirebooter-20240923174604044_3.jar, user.script=, sun.management.compiler=HotSpot 64-Bit Tiered Compilers, java.runtime.version=11.0.24+8, user.name=user, path.separator=;, os.version=10.0, java.runtime.name=OpenJDK Runtime Environment, file.encoding=MS949, java.vm.name=OpenJDK 64-Bit Server VM, java.vendor.version=Temurin-11.0.24+8, localRepository=C:\Users\user\.m2\repository, java.vendor.url.bug=https://github.com/adoptium/adoptium-support/issues, java.io.tmpdir=C:\Users\user\AppData\Local\Temp\, idea.version=2024.2.1, com.zaxxer.hikari.pool_number=3, java.version=11.0.24, user.dir=D:\workspace\Library\Library, os.arch=amd64, java.vm.specification.name=Java Virtual Machine Specification, java.awt.printerjob=sun.awt.windows.WPrinterJob, sun.os.patch.level=, java.library.path=D:\JDK\temurin-11.0.24\bin;C:\Windows\Sun\Java\bin;C:\Windows\system32;C:\Windows;D:\OracleXE\app\oracle\product\11.2.0\server\bin;;C:\Program Files\Common Files\Oracle\Java\javapath;C:\Program Files (x86)\Razer Chroma SDK\bin;C:\Program Files\Razer Chroma SDK\bin;C:\Program Files (x86)\Razer\ChromaBroadcast\bin;C:\Program Files\Razer\ChromaBroadcast\bin;C:\Program Files (x86)\NAT Service;C:\Windows\system32;C:\Windows;C:\Windows\System32\Wbem;C:\Windows\System32\WindowsPowerShell\v1.0\;C:\Windows\System32\OpenSSH\;C:\Program Files\Bandizip\;C:\Program Files (x86)\NVIDIA Corporation\PhysX\Common;C:\Program Files (x86)\Intel\Intel(R) Management Engine Components\DAL;C:\Program Files\Intel\Intel(R) Management Engine Components\DAL;C:\Program Files\NVIDIA Corporation\NVIDIA NvDLISR;C:\Program Files\dotnet\;C:\Windows\system32\config\systemprofile\AppData\Local\Microsoft\WindowsApps;C:\Program Files\Git\cmd;C:\Program Files\Java\jdk-17\bin\;D:\Gradle\bin;C:\ProgramData\chocolatey\bin;E:\Program Files\nodejs\;E:\Program Files\nodejs;C:\Users\user\AppData\Local\Programs\Python\Python312\Scripts\;C:\Users\user\AppData\Local\Programs\Python\Python312\;E:\Program Files\IntelliJ IDEA 2024.1.4\bin;C:\Users\user\AppData\Local\JetBrains\Toolbox\scripts;E:\Program Files\IntelliJ IDEA 2024.2.1\bin;C:\Users\user\AppData\Roaming\npm;., java.vm.info=mixed mode, java.vendor=Eclipse Adoptium, java.vm.version=11.0.24+8, java.specification.maintenance.version=2, sun.io.unicode.encoding=UnicodeLittle, java.class.version=55.0}}, SystemEnvironmentPropertySource@1457162311 {name='systemEnvironment', properties={PATH=D:\OracleXE\app\oracle\product\11.2.0\server\bin;;C:\Program Files\Common Files\Oracle\Java\javapath;C:\Program Files (x86)\Razer Chroma SDK\bin;C:\Program Files\Razer Chroma SDK\bin;C:\Program Files (x86)\Razer\ChromaBroadcast\bin;C:\Program Files\Razer\ChromaBroadcast\bin;C:\Program Files (x86)\NAT Service;C:\Windows\system32;C:\Windows;C:\Windows\System32\Wbem;C:\Windows\System32\WindowsPowerShell\v1.0\;C:\Windows\System32\OpenSSH\;C:\Program Files\Bandizip\;C:\Program Files (x86)\NVIDIA Corporation\PhysX\Common;C:\Program Files (x86)\Intel\Intel(R) Management Engine Components\DAL;C:\Program Files\Intel\Intel(R) Management Engine Components\DAL;C:\Program Files\NVIDIA Corporation\NVIDIA NvDLISR;C:\Program Files\dotnet\;C:\Windows\system32\config\systemprofile\AppData\Local\Microsoft\WindowsApps;C:\Program Files\Git\cmd;C:\Program Files\Java\jdk-17\bin\;D:\Gradle\bin;C:\ProgramData\chocolatey\bin;E:\Program Files\nodejs\;E:\Program Files\nodejs;C:\Users\user\AppData\Local\Programs\Python\Python312\Scripts\;C:\Users\user\AppData\Local\Programs\Python\Python312\;E:\Program Files\IntelliJ IDEA 2024.1.4\bin;C:\Users\user\AppData\Local\JetBrains\Toolbox\scripts;E:\Program Files\IntelliJ IDEA 2024.2.1\bin;C:\Users\user\AppData\Roaming\npm, USERDOMAIN_ROAMINGPROFILE=DESKTOP-47UBLS7, LOCALAPPDATA=C:\Users\user\AppData\Local, PROCESSOR_LEVEL=6, SYSTEMDRIVE=C:, COMMONPROGRAMFILES(X86)=C:\Program Files (x86)\Common Files, IJ_RESTARTER_LOG=C:\Users\user\AppData\Local\JetBrains\IntelliJIdea2024.2\log\restarter.log, USERDOMAIN=DESKTOP-47UBLS7, LOGONSERVER=\\DESKTOP-47UBLS7, JAVA_HOME=C:\Program Files\Java\jdk-17, PROMPT=$P$G, ALLUSERSPROFILE=C:\ProgramData, PROGRAMFILES(X86)=C:\Program Files (x86), PROCESSOR_ARCHITECTURE=AMD64, __COMPAT_LAYER=RunAsAdmin, DRIVERDATA=C:\Windows\System32\Drivers\DriverData, INTELLIJ IDEA=E:\Program Files\IntelliJ IDEA 2024.2.1\bin;, PROGRAMFILES=C:\Program Files, APPDATA=C:\Users\user\AppData\Roaming, PSMODULEPATH=C:\Program Files\WindowsPowerShell\Modules;C:\Windows\system32\WindowsPowerShell\v1.0\Modules, PROGRAMW6432=C:\Program Files, PROGRAMDATA=C:\ProgramData, SYSTEMROOT=C:\Windows, CHOCOLATEYINSTALL=C:\ProgramData\chocolatey, CHOCOLATEYLASTPATHUPDATE=133697126698811212, USERNAME=user, ONEDRIVE=C:\Users\user\OneDrive, PATHEXT=.COM;.EXE;.BAT;.CMD;.VBS;.VBE;.JS;.JSE;.WSF;.WSH;.MSC, OS=Windows_NT, NODE_HOME=E:\Program Files\nodejs, COMMONPROGRAMW6432=C:\Program Files\Common Files, COMPUTERNAME=DESKTOP-47UBLS7, COMMONPROGRAMFILES=C:\Program Files\Common Files, COMSPEC=C:\Windows\system32\cmd.exe, PROCESSOR_REVISION=9e09, WINDIR=C:\Windows, =D:=D:\workspace\Library\Library, HOMEPATH=\Users\user, TEMP=C:\Users\user\AppData\Local\Temp, HOMEDRIVE=C:, PROCESSOR_IDENTIFIER=Intel64 Family 6 Model 158 Stepping 9, GenuineIntel, USERPROFILE=C:\Users\user, TMP=C:\Users\user\AppData\Local\Temp, PUBLIC=C:\Users\Public, NUMBER_OF_PROCESSORS=8}}]
 INFO  org.springframework.beans.factory.xml.XmlBeanDefinitionReader(loadBeanDefinitions316) - Loading XML bean definitions from class path resource [org/springframework/jdbc/support/sql-error-codes.xml]
 DEBUG org.springframework.beans.factory.xml.DefaultDocumentLoader(loadDocument74) - Using JAXP provider [com.sun.org.apache.xerces.internal.jaxp.DocumentBuilderFactoryImpl]
 DEBUG org.springframework.beans.factory.xml.BeansDtdResolver(resolveEntity74) - Found beans DTD [http://www.springframework.org/dtd/spring-beans-2.0.dtd] in classpath: spring-beans.dtd
 DEBUG org.springframework.beans.factory.xml.DefaultBeanDefinitionDocumentReader(registerBeanDefinitions96) - Loading bean definitions
 DEBUG org.springframework.beans.factory.support.DefaultListableBeanFactory(registerAlias80) - Alias definition 'Db2' registered for name 'DB2'
 DEBUG org.springframework.beans.factory.support.DefaultListableBeanFactory(registerAlias80) - Alias definition 'Hana' registered for name 'HDB'
 DEBUG org.springframework.beans.factory.support.DefaultListableBeanFactory(registerAlias80) - Alias definition 'Hsql' registered for name 'HSQL'
 DEBUG org.springframework.beans.factory.support.DefaultListableBeanFactory(registerAlias80) - Alias definition 'SqlServer' registered for name 'MS-SQL'
 DEBUG org.springframework.beans.factory.support.DefaultListableBeanFactory(registerAlias80) - Alias definition 'Postgres' registered for name 'PostgreSQL'
 DEBUG org.springframework.beans.factory.support.DefaultListableBeanFactory(getSingleton213) - Creating shared instance of singleton bean 'DB2'
 DEBUG org.springframework.beans.factory.support.DefaultListableBeanFactory(createBean468) - Creating instance of bean 'DB2'
 DEBUG org.springframework.beans.factory.support.DefaultListableBeanFactory(doCreateBean571) - Eagerly caching bean 'DB2' to allow for resolving potential circular references
 DEBUG org.springframework.beans.factory.support.DefaultListableBeanFactory(createBean505) - Finished creating instance of bean 'DB2'
 DEBUG org.springframework.beans.factory.support.DefaultListableBeanFactory(getSingleton213) - Creating shared instance of singleton bean 'Derby'
 DEBUG org.springframework.beans.factory.support.DefaultListableBeanFactory(createBean468) - Creating instance of bean 'Derby'
 DEBUG org.springframework.beans.factory.support.DefaultListableBeanFactory(doCreateBean571) - Eagerly caching bean 'Derby' to allow for resolving potential circular references
 DEBUG org.springframework.beans.factory.support.DefaultListableBeanFactory(createBean505) - Finished creating instance of bean 'Derby'
 DEBUG org.springframework.beans.factory.support.DefaultListableBeanFactory(getSingleton213) - Creating shared instance of singleton bean 'H2'
 DEBUG org.springframework.beans.factory.support.DefaultListableBeanFactory(createBean468) - Creating instance of bean 'H2'
 DEBUG org.springframework.beans.factory.support.DefaultListableBeanFactory(doCreateBean571) - Eagerly caching bean 'H2' to allow for resolving potential circular references
 DEBUG org.springframework.beans.factory.support.DefaultListableBeanFactory(createBean505) - Finished creating instance of bean 'H2'
 DEBUG org.springframework.beans.factory.support.DefaultListableBeanFactory(getSingleton213) - Creating shared instance of singleton bean 'HDB'
 DEBUG org.springframework.beans.factory.support.DefaultListableBeanFactory(createBean468) - Creating instance of bean 'HDB'
 DEBUG org.springframework.beans.factory.support.DefaultListableBeanFactory(doCreateBean571) - Eagerly caching bean 'HDB' to allow for resolving potential circular references
 DEBUG org.springframework.beans.factory.support.DefaultListableBeanFactory(createBean505) - Finished creating instance of bean 'HDB'
 DEBUG org.springframework.beans.factory.support.DefaultListableBeanFactory(getSingleton213) - Creating shared instance of singleton bean 'HSQL'
 DEBUG org.springframework.beans.factory.support.DefaultListableBeanFactory(createBean468) - Creating instance of bean 'HSQL'
 DEBUG org.springframework.beans.factory.support.DefaultListableBeanFactory(doCreateBean571) - Eagerly caching bean 'HSQL' to allow for resolving potential circular references
 DEBUG org.springframework.beans.factory.support.DefaultListableBeanFactory(createBean505) - Finished creating instance of bean 'HSQL'
 DEBUG org.springframework.beans.factory.support.DefaultListableBeanFactory(getSingleton213) - Creating shared instance of singleton bean 'Informix'
 DEBUG org.springframework.beans.factory.support.DefaultListableBeanFactory(createBean468) - Creating instance of bean 'Informix'
 DEBUG org.springframework.beans.factory.support.DefaultListableBeanFactory(doCreateBean571) - Eagerly caching bean 'Informix' to allow for resolving potential circular references
 DEBUG org.springframework.beans.factory.support.DefaultListableBeanFactory(createBean505) - Finished creating instance of bean 'Informix'
 DEBUG org.springframework.beans.factory.support.DefaultListableBeanFactory(getSingleton213) - Creating shared instance of singleton bean 'MS-SQL'
 DEBUG org.springframework.beans.factory.support.DefaultListableBeanFactory(createBean468) - Creating instance of bean 'MS-SQL'
 DEBUG org.springframework.beans.factory.support.DefaultListableBeanFactory(doCreateBean571) - Eagerly caching bean 'MS-SQL' to allow for resolving potential circular references
 DEBUG org.springframework.beans.factory.support.DefaultListableBeanFactory(createBean505) - Finished creating instance of bean 'MS-SQL'
 DEBUG org.springframework.beans.factory.support.DefaultListableBeanFactory(getSingleton213) - Creating shared instance of singleton bean 'MySQL'
 DEBUG org.springframework.beans.factory.support.DefaultListableBeanFactory(createBean468) - Creating instance of bean 'MySQL'
 DEBUG org.springframework.beans.factory.support.DefaultListableBeanFactory(doCreateBean571) - Eagerly caching bean 'MySQL' to allow for resolving potential circular references
 DEBUG org.springframework.beans.factory.support.DefaultListableBeanFactory(createBean505) - Finished creating instance of bean 'MySQL'
 DEBUG org.springframework.beans.factory.support.DefaultListableBeanFactory(getSingleton213) - Creating shared instance of singleton bean 'Oracle'
 DEBUG org.springframework.beans.factory.support.DefaultListableBeanFactory(createBean468) - Creating instance of bean 'Oracle'
 DEBUG org.springframework.beans.factory.support.DefaultListableBeanFactory(doCreateBean571) - Eagerly caching bean 'Oracle' to allow for resolving potential circular references
 DEBUG org.springframework.beans.factory.support.DefaultListableBeanFactory(createBean505) - Finished creating instance of bean 'Oracle'
 DEBUG org.springframework.beans.factory.support.DefaultListableBeanFactory(getSingleton213) - Creating shared instance of singleton bean 'PostgreSQL'
 DEBUG org.springframework.beans.factory.support.DefaultListableBeanFactory(createBean468) - Creating instance of bean 'PostgreSQL'
 DEBUG org.springframework.beans.factory.support.DefaultListableBeanFactory(doCreateBean571) - Eagerly caching bean 'PostgreSQL' to allow for resolving potential circular references
 DEBUG org.springframework.beans.factory.support.DefaultListableBeanFactory(createBean505) - Finished creating instance of bean 'PostgreSQL'
 DEBUG org.springframework.beans.factory.support.DefaultListableBeanFactory(getSingleton213) - Creating shared instance of singleton bean 'Sybase'
 DEBUG org.springframework.beans.factory.support.DefaultListableBeanFactory(createBean468) - Creating instance of bean 'Sybase'
 DEBUG org.springframework.beans.factory.support.DefaultListableBeanFactory(doCreateBean571) - Eagerly caching bean 'Sybase' to allow for resolving potential circular references
 DEBUG org.springframework.beans.factory.support.DefaultListableBeanFactory(createBean505) - Finished creating instance of bean 'Sybase'
 INFO  org.springframework.jdbc.support.SQLErrorCodesFactory(<init>128) - SQLErrorCodes loaded: [DB2, Derby, H2, HDB, HSQL, Informix, MS-SQL, MySQL, Oracle, PostgreSQL, Sybase]
 DEBUG org.springframework.jdbc.support.SQLErrorCodesFactory(getErrorCodes202) - Looking up default SQLErrorCodes for DataSource [com.zaxxer.hikari.HikariDataSource@7c5ac0]
 DEBUG org.springframework.jdbc.datasource.DataSourceUtils(doGetConnection114) - Fetching JDBC Connection from DataSource
 INFO  jdbc.audit(methodReturned175) - 21. Connection.getMetaData() returned oracle.jdbc.driver.OracleDatabaseMetaData@40dee07b
 DEBUG org.springframework.jdbc.datasource.DataSourceUtils(doReleaseConnection340) - Returning JDBC Connection to DataSource
 INFO  jdbc.audit(methodReturned175) - 21. Connection.clearWarnings() returned 
 DEBUG org.springframework.jdbc.support.SQLErrorCodesFactory(getErrorCodes178) - SQL error codes for 'Oracle' found
 DEBUG org.springframework.jdbc.support.SQLErrorCodesFactory(registerDatabase246) - Caching SQL error codes for DataSource [com.zaxxer.hikari.HikariDataSource@7c5ac0]: database product name is 'Oracle'
 DEBUG org.springframework.jdbc.support.SQLErrorCodeSQLExceptionTranslator(logTranslation402) - Translating SQLException with SQL state '42000', error code '904', message [ORA-00904: "STAR5COUNT": invalid identifier
] for task [
### Error updating database.  Cause: java.sql.SQLSyntaxErrorException: ORA-00904: "STAR5COUNT": invalid identifier

### The error may involve defaultParameterMap
### The error occurred while setting parameters
### SQL: INSERT INTO book_tbl (isbn13, book, bookDescription, author, publisher, photo, weight, bookSize,     rentalAvailable, price, pageCount, bookCount, averageRating, star1Count, star2Count, star3Count, star4Count, star5Count, reviewCount, publicationDate)     VALUES (?, ?, ?, ?, ?, ?, ?, ?, ?,      ?, ?, ?, ?, ?, ?, ?, ?, ?, ?, ?)
### Cause: java.sql.SQLSyntaxErrorException: ORA-00904: "STAR5COUNT": invalid identifier

]
 DEBUG org.springframework.beans.factory.support.DefaultListableBeanFactory(doGetBean254) - Returning cached instance of singleton bean 'dataBaseExceptionHandlingAspect'
 DEBUG org.springframework.test.context.support.AbstractDirtiesContextTestExecutionListener(beforeOrAfterTestMethod107) - After test method: context [DefaultTestContext@15f519f7 testClass = BookListMapperTests, testInstance = kr.co.librarylyh.mapper.BookListMapperTests@67784537, testMethod = testInsert@BookListMapperTests, testException = org.springframework.jdbc.BadSqlGrammarException: 
### Error updating database.  Cause: java.sql.SQLSyntaxErrorException: ORA-00904: "STAR5COUNT": invalid identifier

### The error may involve defaultParameterMap
### The error occurred while setting parameters
### SQL: INSERT INTO book_tbl (isbn13, book, bookDescription, author, publisher, photo, weight, bookSize,     rentalAvailable, price, pageCount, bookCount, averageRating, star1Count, star2Count, star3Count, star4Count, star5Count, reviewCount, publicationDate)     VALUES (?, ?, ?, ?, ?, ?, ?, ?, ?,      ?, ?, ?, ?, ?, ?, ?, ?, ?, ?, ?)
### Cause: java.sql.SQLSyntaxErrorException: ORA-00904: "STAR5COUNT": invalid identifier

; bad SQL grammar []; nested exception is java.sql.SQLSyntaxErrorException: ORA-00904: "STAR5COUNT": invalid identifier
, mergedContextConfiguration = [MergedContextConfiguration@4a336377 testClass = BookListMapperTests, locations = '{file:src/main/webapp/WEB-INF/spring/root-context.xml}', classes = '{}', contextInitializerClasses = '[]', activeProfiles = '{}', propertySourceLocations = '{}', propertySourceProperties = '{}', contextCustomizers = set[[empty]], contextLoader = 'org.springframework.test.context.support.DelegatingSmartContextLoader', parent = [null]], attributes = map[[empty]]], class annotated with @DirtiesContext [false] with mode [null], method annotated with @DirtiesContext [false] with mode [null].
]]></system-out>
  </testcase>
  <testcase name="testUpdate" classname="kr.co.librarylyh.mapper.BookListMapperTests" time="0.02">
    <error message="&#10;### Error updating database.  Cause: java.sql.SQLSyntaxErrorException: ORA-00904: &quot;STAR5COUNT&quot;: invalid identifier&#10;&#10;### The error may involve defaultParameterMap&#10;### The error occurred while setting parameters&#10;### SQL: UPDATE book_tbl SET book = ?, bookDescription = ?, price = ?, bookCount = ?,     averageRating = ?, rentalAvailable = ?, pageCount = ?, weight = ?, bookSize = ?,     star1Count = ?, star2Count = ?, star3Count = ?, star4Count = ?, star5Count = ?, reviewCount = ? WHERE isbn13 = ?&#10;### Cause: java.sql.SQLSyntaxErrorException: ORA-00904: &quot;STAR5COUNT&quot;: invalid identifier&#10;&#10;; bad SQL grammar []; nested exception is java.sql.SQLSyntaxErrorException: ORA-00904: &quot;STAR5COUNT&quot;: invalid identifier&#10;" type="org.springframework.jdbc.BadSqlGrammarException"><![CDATA[org.springframework.jdbc.BadSqlGrammarException: 

### Error updating database.  Cause: java.sql.SQLSyntaxErrorException: ORA-00904: "STAR5COUNT": invalid identifier

### The error may involve defaultParameterMap
### The error occurred while setting parameters
### SQL: UPDATE book_tbl SET book = ?, bookDescription = ?, price = ?, bookCount = ?,     averageRating = ?, rentalAvailable = ?, pageCount = ?, weight = ?, bookSize = ?,     star1Count = ?, star2Count = ?, star3Count = ?, star4Count = ?, star5Count = ?, reviewCount = ? WHERE isbn13 = ?
### Cause: java.sql.SQLSyntaxErrorException: ORA-00904: "STAR5COUNT": invalid identifier

; bad SQL grammar []; nested exception is java.sql.SQLSyntaxErrorException: ORA-00904: "STAR5COUNT": invalid identifier

	at org.springframework.jdbc.support.SQLErrorCodeSQLExceptionTranslator.doTranslate(SQLErrorCodeSQLExceptionTranslator.java:234)
	at org.springframework.jdbc.support.AbstractFallbackSQLExceptionTranslator.translate(AbstractFallbackSQLExceptionTranslator.java:72)
	at org.mybatis.spring.MyBatisExceptionTranslator.translateExceptionIfPossible(MyBatisExceptionTranslator.java:73)
	at org.mybatis.spring.SqlSessionTemplate$SqlSessionInterceptor.invoke(SqlSessionTemplate.java:446)
	at com.sun.proxy.$Proxy54.update(Unknown Source)
	at org.mybatis.spring.SqlSessionTemplate.update(SqlSessionTemplate.java:294)
	at org.apache.ibatis.binding.MapperMethod.execute(MapperMethod.java:63)
	at org.apache.ibatis.binding.MapperProxy.invoke(MapperProxy.java:59)
	at com.sun.proxy.$Proxy57.update(Unknown Source)
	at java.base/jdk.internal.reflect.NativeMethodAccessorImpl.invoke0(Native Method)
	at java.base/jdk.internal.reflect.NativeMethodAccessorImpl.invoke(NativeMethodAccessorImpl.java:62)
	at java.base/jdk.internal.reflect.DelegatingMethodAccessorImpl.invoke(DelegatingMethodAccessorImpl.java:43)
	at java.base/java.lang.reflect.Method.invoke(Method.java:566)
	at org.springframework.aop.support.AopUtils.invokeJoinpointUsingReflection(AopUtils.java:343)
	at org.springframework.aop.framework.ReflectiveMethodInvocation.invokeJoinpoint(ReflectiveMethodInvocation.java:197)
	at org.springframework.aop.framework.ReflectiveMethodInvocation.proceed(ReflectiveMethodInvocation.java:163)
	at org.springframework.aop.framework.adapter.MethodBeforeAdviceInterceptor.invoke(MethodBeforeAdviceInterceptor.java:52)
	at org.springframework.aop.framework.ReflectiveMethodInvocation.proceed(ReflectiveMethodInvocation.java:185)
	at org.springframework.aop.framework.adapter.AfterReturningAdviceInterceptor.invoke(AfterReturningAdviceInterceptor.java:52)
	at org.springframework.aop.framework.ReflectiveMethodInvocation.proceed(ReflectiveMethodInvocation.java:185)
	at org.springframework.aop.aspectj.AspectJAfterThrowingAdvice.invoke(AspectJAfterThrowingAdvice.java:62)
	at org.springframework.aop.framework.ReflectiveMethodInvocation.proceed(ReflectiveMethodInvocation.java:174)
	at org.springframework.aop.interceptor.ExposeInvocationInterceptor.invoke(ExposeInvocationInterceptor.java:92)
	at org.springframework.aop.framework.ReflectiveMethodInvocation.proceed(ReflectiveMethodInvocation.java:185)
	at org.springframework.aop.framework.JdkDynamicAopProxy.invoke(JdkDynamicAopProxy.java:212)
	at com.sun.proxy.$Proxy58.update(Unknown Source)
	at kr.co.librarylyh.mapper.BookListMapperTests.testUpdate(BookListMapperTests.java:76)
	at java.base/jdk.internal.reflect.NativeMethodAccessorImpl.invoke0(Native Method)
	at java.base/jdk.internal.reflect.NativeMethodAccessorImpl.invoke(NativeMethodAccessorImpl.java:62)
	at java.base/jdk.internal.reflect.DelegatingMethodAccessorImpl.invoke(DelegatingMethodAccessorImpl.java:43)
	at java.base/java.lang.reflect.Method.invoke(Method.java:566)
	at org.junit.runners.model.FrameworkMethod$1.runReflectiveCall(FrameworkMethod.java:50)
	at org.junit.internal.runners.model.ReflectiveCallable.run(ReflectiveCallable.java:12)
	at org.junit.runners.model.FrameworkMethod.invokeExplosively(FrameworkMethod.java:47)
	at org.junit.internal.runners.statements.InvokeMethod.evaluate(InvokeMethod.java:17)
	at org.springframework.test.context.junit4.statements.RunBeforeTestExecutionCallbacks.evaluate(RunBeforeTestExecutionCallbacks.java:73)
	at org.springframework.test.context.junit4.statements.RunAfterTestExecutionCallbacks.evaluate(RunAfterTestExecutionCallbacks.java:83)
	at org.junit.internal.runners.statements.RunBefores.evaluate(RunBefores.java:26)
	at org.springframework.test.context.junit4.statements.RunBeforeTestMethodCallbacks.evaluate(RunBeforeTestMethodCallbacks.java:75)
	at org.springframework.test.context.junit4.statements.RunAfterTestMethodCallbacks.evaluate(RunAfterTestMethodCallbacks.java:86)
	at org.springframework.test.context.junit4.statements.SpringRepeat.evaluate(SpringRepeat.java:84)
	at org.junit.runners.ParentRunner.runLeaf(ParentRunner.java:325)
	at org.springframework.test.context.junit4.SpringJUnit4ClassRunner.runChild(SpringJUnit4ClassRunner.java:251)
	at org.springframework.test.context.junit4.SpringJUnit4ClassRunner.runChild(SpringJUnit4ClassRunner.java:97)
	at org.junit.runners.ParentRunner$3.run(ParentRunner.java:290)
	at org.junit.runners.ParentRunner$1.schedule(ParentRunner.java:71)
	at org.junit.runners.ParentRunner.runChildren(ParentRunner.java:288)
	at org.junit.runners.ParentRunner.access$000(ParentRunner.java:58)
	at org.junit.runners.ParentRunner$2.evaluate(ParentRunner.java:268)
	at org.springframework.test.context.junit4.statements.RunBeforeTestClassCallbacks.evaluate(RunBeforeTestClassCallbacks.java:61)
	at org.springframework.test.context.junit4.statements.RunAfterTestClassCallbacks.evaluate(RunAfterTestClassCallbacks.java:70)
	at org.junit.runners.ParentRunner.run(ParentRunner.java:363)
	at org.springframework.test.context.junit4.SpringJUnit4ClassRunner.run(SpringJUnit4ClassRunner.java:190)
	at org.apache.maven.surefire.junit4.JUnit4Provider.execute(JUnit4Provider.java:316)
	at org.apache.maven.surefire.junit4.JUnit4Provider.executeWithRerun(JUnit4Provider.java:240)
	at org.apache.maven.surefire.junit4.JUnit4Provider.executeTestSet(JUnit4Provider.java:214)
	at org.apache.maven.surefire.junit4.JUnit4Provider.invoke(JUnit4Provider.java:155)
	at org.apache.maven.surefire.booter.ForkedBooter.runSuitesInProcess(ForkedBooter.java:385)
	at org.apache.maven.surefire.booter.ForkedBooter.execute(ForkedBooter.java:162)
	at org.apache.maven.surefire.booter.ForkedBooter.run(ForkedBooter.java:507)
	at org.apache.maven.surefire.booter.ForkedBooter.main(ForkedBooter.java:495)
Caused by: java.sql.SQLSyntaxErrorException: ORA-00904: "STAR5COUNT": invalid identifier

	at oracle.jdbc.driver.T4CTTIoer11.processError(T4CTTIoer11.java:702)
	at oracle.jdbc.driver.T4CTTIoer11.processError(T4CTTIoer11.java:608)
	at oracle.jdbc.driver.T4C8Oall.processError(T4C8Oall.java:1248)
	at oracle.jdbc.driver.T4CTTIfun.receive(T4CTTIfun.java:1041)
	at oracle.jdbc.driver.T4CTTIfun.doRPC(T4CTTIfun.java:443)
	at oracle.jdbc.driver.T4C8Oall.doOALL(T4C8Oall.java:518)
	at oracle.jdbc.driver.T4CPreparedStatement.doOall8(T4CPreparedStatement.java:251)
	at oracle.jdbc.driver.T4CPreparedStatement.executeForRows(T4CPreparedStatement.java:1181)
	at oracle.jdbc.driver.OracleStatement.executeSQLStatement(OracleStatement.java:1571)
	at oracle.jdbc.driver.OracleStatement.doExecuteWithTimeout(OracleStatement.java:1345)
	at oracle.jdbc.driver.OraclePreparedStatement.executeInternal(OraclePreparedStatement.java:3728)
	at oracle.jdbc.driver.OraclePreparedStatement.execute(OraclePreparedStatement.java:3938)
	at oracle.jdbc.driver.OraclePreparedStatementWrapper.execute(OraclePreparedStatementWrapper.java:1011)
	at net.sf.log4jdbc.sql.jdbcapi.PreparedStatementSpy.execute(PreparedStatementSpy.java:443)
	at com.zaxxer.hikari.pool.ProxyPreparedStatement.execute(ProxyPreparedStatement.java:44)
	at com.zaxxer.hikari.pool.HikariProxyPreparedStatement.execute(HikariProxyPreparedStatement.java)
	at org.apache.ibatis.executor.statement.PreparedStatementHandler.update(PreparedStatementHandler.java:46)
	at org.apache.ibatis.executor.statement.RoutingStatementHandler.update(RoutingStatementHandler.java:74)
	at org.apache.ibatis.executor.SimpleExecutor.doUpdate(SimpleExecutor.java:50)
	at org.apache.ibatis.executor.BaseExecutor.update(BaseExecutor.java:117)
	at org.apache.ibatis.executor.CachingExecutor.update(CachingExecutor.java:76)
	at org.apache.ibatis.session.defaults.DefaultSqlSession.update(DefaultSqlSession.java:198)
	at java.base/jdk.internal.reflect.NativeMethodAccessorImpl.invoke0(Native Method)
	at java.base/jdk.internal.reflect.NativeMethodAccessorImpl.invoke(NativeMethodAccessorImpl.java:62)
	at java.base/jdk.internal.reflect.DelegatingMethodAccessorImpl.invoke(DelegatingMethodAccessorImpl.java:43)
	at java.base/java.lang.reflect.Method.invoke(Method.java:566)
	at org.mybatis.spring.SqlSessionTemplate$SqlSessionInterceptor.invoke(SqlSessionTemplate.java:433)
	... 57 more
Caused by: Error : 904, Position : 260, SQL = UPDATE book_tbl SET book = :1 , bookDescription = :2 , price = :3 , bookCount = :4 ,
    averageRating = :5 , rentalAvailable = :6 , pageCount = :7 , weight = :8 , bookSize = :9 ,
    star1Count = :10 , star2Count = :11 , star3Count = :12 , star4Count = :13 , star5Count = :14 , reviewCount = :15 WHERE isbn13 = :16 , Original SQL = UPDATE book_tbl SET book = ?, bookDescription = ?, price = ?, bookCount = ?,
    averageRating = ?, rentalAvailable = ?, pageCount = ?, weight = ?, bookSize = ?,
    star1Count = ?, star2Count = ?, star3Count = ?, star4Count = ?, star5Count = ?, reviewCount = ? WHERE isbn13 = ?, Error Message = ORA-00904: "STAR5COUNT": invalid identifier

	at oracle.jdbc.driver.T4CTTIoer11.processError(T4CTTIoer11.java:710)
	... 83 more
]]></error>
    <system-out><![CDATA[ DEBUG org.springframework.test.annotation.ProfileValueUtils(retrieveProfileValueSource70) - Retrieved @ProfileValueSourceConfiguration [null] for test class [kr.co.librarylyh.mapper.BookListMapperTests]
 DEBUG org.springframework.test.annotation.ProfileValueUtils(retrieveProfileValueSource83) - Retrieved ProfileValueSource type [class org.springframework.test.annotation.SystemProfileValueSource] for class [kr.co.librarylyh.mapper.BookListMapperTests]
 DEBUG org.springframework.test.context.support.DependencyInjectionTestExecutionListener(prepareTestInstance81) - Performing dependency injection for test context [[DefaultTestContext@15f519f7 testClass = BookListMapperTests, testInstance = kr.co.librarylyh.mapper.BookListMapperTests@2d2f09a4, testMethod = [null], testException = [null], mergedContextConfiguration = [MergedContextConfiguration@4a336377 testClass = BookListMapperTests, locations = '{file:src/main/webapp/WEB-INF/spring/root-context.xml}', classes = '{}', contextInitializerClasses = '[]', activeProfiles = '{}', propertySourceLocations = '{}', propertySourceProperties = '{}', contextCustomizers = set[[empty]], contextLoader = 'org.springframework.test.context.support.DelegatingSmartContextLoader', parent = [null]], attributes = map[[empty]]]].
 DEBUG org.springframework.test.context.cache.DefaultCacheAwareContextLoaderDelegate(loadContext130) - Retrieved ApplicationContext from cache with key [[MergedContextConfiguration@4a336377 testClass = BookListMapperTests, locations = '{file:src/main/webapp/WEB-INF/spring/root-context.xml}', classes = '{}', contextInitializerClasses = '[]', activeProfiles = '{}', propertySourceLocations = '{}', propertySourceProperties = '{}', contextCustomizers = set[[empty]], contextLoader = 'org.springframework.test.context.support.DelegatingSmartContextLoader', parent = [null]]]
 DEBUG org.springframework.test.context.cache(logStatistics290) - Spring test ApplicationContext cache statistics: [DefaultContextCache@a5e8260 size = 2, maxSize = 32, parentContextCount = 0, hitCount = 12, missCount = 3]
 DEBUG org.springframework.beans.factory.annotation.InjectionMetadata(inject89) - Processing injected element of bean 'kr.co.librarylyh.mapper.BookListMapperTests': AutowiredFieldElement for private kr.co.librarylyh.mapper.BookListMapper kr.co.librarylyh.mapper.BookListMapperTests.mapper
 DEBUG org.springframework.beans.factory.support.DefaultListableBeanFactory(doGetBean254) - Returning cached instance of singleton bean 'bookListMapper'
 DEBUG org.springframework.aop.aspectj.annotation.AnnotationAwareAspectJAutoProxyCreator(buildAdvisors531) - Creating implicit proxy for bean 'kr.co.librarylyh.mapper.BookListMapperTests' with 0 common interceptors and 4 specific interceptors
 DEBUG org.springframework.aop.framework.CglibAopProxy(getProxy161) - Creating CGLIB proxy: target source is SingletonTargetSource for target object [kr.co.librarylyh.mapper.BookListMapperTests@2d2f09a4]
 DEBUG org.springframework.test.context.support.AbstractDirtiesContextTestExecutionListener(beforeOrAfterTestMethod107) - Before test method: context [DefaultTestContext@15f519f7 testClass = BookListMapperTests, testInstance = kr.co.librarylyh.mapper.BookListMapperTests@2d2f09a4, testMethod = testUpdate@BookListMapperTests, testException = [null], mergedContextConfiguration = [MergedContextConfiguration@4a336377 testClass = BookListMapperTests, locations = '{file:src/main/webapp/WEB-INF/spring/root-context.xml}', classes = '{}', contextInitializerClasses = '[]', activeProfiles = '{}', propertySourceLocations = '{}', propertySourceProperties = '{}', contextCustomizers = set[[empty]], contextLoader = 'org.springframework.test.context.support.DelegatingSmartContextLoader', parent = [null]], attributes = map[[empty]]], class annotated with @DirtiesContext [false] with mode [null], method annotated with @DirtiesContext [false] with mode [null].
 INFO  kr.co.librarylyh.mapper.BookListMapperTests(testUpdate74) - 매퍼 책 수정 테스트 시작
 INFO  kr.co.librarylyh.aop.LoggingAspect(processLog70) - 버퍼에 로그 저장: 
 DEBUG org.springframework.jdbc.datasource.DataSourceUtils(doGetConnection114) - Fetching JDBC Connection from DataSource
 INFO  jdbc.audit(methodReturned175) - 21. Connection.getAutoCommit() returned true
 INFO  jdbc.audit(methodReturned175) - 21. PreparedStatement.new PreparedStatement returned 
 INFO  jdbc.audit(methodReturned175) - 21. Connection.prepareStatement(UPDATE book_tbl SET book = ?, bookDescription = ?, price = ?, bookCount = ?,
    averageRating = ?, rentalAvailable = ?, pageCount = ?, weight = ?, bookSize = ?,
    star1Count = ?, star2Count = ?, star3Count = ?, star4Count = ?, star5Count = ?, reviewCount = ? WHERE isbn13 = ?) returned net.sf.log4jdbc.sql.jdbcapi.PreparedStatementSpy@215a0264
 INFO  jdbc.audit(methodReturned175) - 21. PreparedStatement.setString(1, "수정된 책 제목") returned 
 INFO  jdbc.audit(methodReturned175) - 21. PreparedStatement.setCharacterStream(2, java.io.StringReader@45832b85, 9) returned 
 INFO  jdbc.audit(methodReturned175) - 21. PreparedStatement.setInt(3, 10000) returned 
 INFO  jdbc.audit(methodReturned175) - 21. PreparedStatement.setInt(4, 5) returned 
 INFO  jdbc.audit(methodReturned175) - 21. PreparedStatement.setDouble(5, 4.5) returned 
 INFO  jdbc.audit(methodReturned175) - 21. PreparedStatement.setString(6, "Y") returned 
 INFO  jdbc.audit(methodReturned175) - 21. PreparedStatement.setInt(7, 300) returned 
 INFO  jdbc.audit(methodReturned175) - 21. PreparedStatement.setString(8, "100kg") returned 
 INFO  jdbc.audit(methodReturned175) - 21. PreparedStatement.setString(9, "100M") returned 
 INFO  jdbc.audit(methodReturned175) - 21. PreparedStatement.setString(10, "5%") returned 
 INFO  jdbc.audit(methodReturned175) - 21. PreparedStatement.setString(11, "10%") returned 
 INFO  jdbc.audit(methodReturned175) - 21. PreparedStatement.setString(12, "15%") returned 
 INFO  jdbc.audit(methodReturned175) - 21. PreparedStatement.setString(13, "20%") returned 
 INFO  jdbc.audit(methodReturned175) - 21. PreparedStatement.setString(14, "50%") returned 
 INFO  jdbc.audit(methodReturned175) - 21. PreparedStatement.setInt(15, 185) returned 
 INFO  jdbc.audit(methodReturned175) - 21. PreparedStatement.setLong(16, 1234567890123) returned 
 INFO  jdbc.sqlonly(sqlOccurred228) - UPDATE book_tbl SET book = '수정된 책 제목', bookDescription = '<Reader of length 9>', price = 10000, 
bookCount = 5, averageRating = 4.5, rentalAvailable = 'Y', pageCount = 300, weight = '100kg', 
bookSize = '100M', star1Count = '5%', star2Count = '10%', star3Count = '15%', star4Count = 
'20%', star5Count = '50%', reviewCount = 185 WHERE isbn13 = 1234567890123 

 ERROR jdbc.audit(exceptionOccured135) - 21. PreparedStatement.execute() UPDATE book_tbl SET book = '수정된 책 제목', bookDescription = '<Reader of length 9>', price = 10000, 
bookCount = 5, averageRating = 4.5, rentalAvailable = 'Y', pageCount = 300, weight = '100kg', 
bookSize = '100M', star1Count = '5%', star2Count = '10%', star3Count = '15%', star4Count = 
'20%', star5Count = '50%', reviewCount = 185 WHERE isbn13 = 1234567890123 

java.sql.SQLSyntaxErrorException: ORA-00904: "STAR5COUNT": invalid identifier

	at oracle.jdbc.driver.T4CTTIoer11.processError(T4CTTIoer11.java:702) ~[ojdbc8-23.2.0.0.jar:23.2.0.0.0]
	at oracle.jdbc.driver.T4CTTIoer11.processError(T4CTTIoer11.java:608) ~[ojdbc8-23.2.0.0.jar:23.2.0.0.0]
	at oracle.jdbc.driver.T4C8Oall.processError(T4C8Oall.java:1248) ~[ojdbc8-23.2.0.0.jar:23.2.0.0.0]
	at oracle.jdbc.driver.T4CTTIfun.receive(T4CTTIfun.java:1041) ~[ojdbc8-23.2.0.0.jar:23.2.0.0.0]
	at oracle.jdbc.driver.T4CTTIfun.doRPC(T4CTTIfun.java:443) ~[ojdbc8-23.2.0.0.jar:23.2.0.0.0]
	at oracle.jdbc.driver.T4C8Oall.doOALL(T4C8Oall.java:518) ~[ojdbc8-23.2.0.0.jar:23.2.0.0.0]
	at oracle.jdbc.driver.T4CPreparedStatement.doOall8(T4CPreparedStatement.java:251) ~[ojdbc8-23.2.0.0.jar:23.2.0.0.0]
	at oracle.jdbc.driver.T4CPreparedStatement.executeForRows(T4CPreparedStatement.java:1181) ~[ojdbc8-23.2.0.0.jar:23.2.0.0.0]
	at oracle.jdbc.driver.OracleStatement.executeSQLStatement(OracleStatement.java:1571) ~[ojdbc8-23.2.0.0.jar:23.2.0.0.0]
	at oracle.jdbc.driver.OracleStatement.doExecuteWithTimeout(OracleStatement.java:1345) ~[ojdbc8-23.2.0.0.jar:23.2.0.0.0]
	at oracle.jdbc.driver.OraclePreparedStatement.executeInternal(OraclePreparedStatement.java:3728) ~[ojdbc8-23.2.0.0.jar:23.2.0.0.0]
	at oracle.jdbc.driver.OraclePreparedStatement.execute(OraclePreparedStatement.java:3938) ~[ojdbc8-23.2.0.0.jar:23.2.0.0.0]
	at oracle.jdbc.driver.OraclePreparedStatementWrapper.execute(OraclePreparedStatementWrapper.java:1011) ~[ojdbc8-23.2.0.0.jar:23.2.0.0.0]
	at net.sf.log4jdbc.sql.jdbcapi.PreparedStatementSpy.execute(PreparedStatementSpy.java:443) ~[log4jdbc-log4j2-jdbc4-1.16.jar:?]
	at com.zaxxer.hikari.pool.ProxyPreparedStatement.execute(ProxyPreparedStatement.java:44) ~[HikariCP-2.7.9.jar:?]
	at com.zaxxer.hikari.pool.HikariProxyPreparedStatement.execute(HikariProxyPreparedStatement.java) ~[HikariCP-2.7.9.jar:?]
	at org.apache.ibatis.executor.statement.PreparedStatementHandler.update(PreparedStatementHandler.java:46) ~[mybatis-3.4.6.jar:3.4.6]
	at org.apache.ibatis.executor.statement.RoutingStatementHandler.update(RoutingStatementHandler.java:74) ~[mybatis-3.4.6.jar:3.4.6]
	at org.apache.ibatis.executor.SimpleExecutor.doUpdate(SimpleExecutor.java:50) ~[mybatis-3.4.6.jar:3.4.6]
	at org.apache.ibatis.executor.BaseExecutor.update(BaseExecutor.java:117) ~[mybatis-3.4.6.jar:3.4.6]
	at org.apache.ibatis.executor.CachingExecutor.update(CachingExecutor.java:76) ~[mybatis-3.4.6.jar:3.4.6]
	at org.apache.ibatis.session.defaults.DefaultSqlSession.update(DefaultSqlSession.java:198) ~[mybatis-3.4.6.jar:3.4.6]
	at jdk.internal.reflect.NativeMethodAccessorImpl.invoke0(Native Method) ~[?:?]
	at jdk.internal.reflect.NativeMethodAccessorImpl.invoke(NativeMethodAccessorImpl.java:62) ~[?:?]
	at jdk.internal.reflect.DelegatingMethodAccessorImpl.invoke(DelegatingMethodAccessorImpl.java:43) ~[?:?]
	at java.lang.reflect.Method.invoke(Method.java:566) ~[?:?]
	at org.mybatis.spring.SqlSessionTemplate$SqlSessionInterceptor.invoke(SqlSessionTemplate.java:433) ~[mybatis-spring-1.3.3.jar:1.3.3]
	at com.sun.proxy.$Proxy54.update(Unknown Source) ~[?:?]
	at org.mybatis.spring.SqlSessionTemplate.update(SqlSessionTemplate.java:294) ~[mybatis-spring-1.3.3.jar:1.3.3]
	at org.apache.ibatis.binding.MapperMethod.execute(MapperMethod.java:63) ~[mybatis-3.4.6.jar:3.4.6]
	at org.apache.ibatis.binding.MapperProxy.invoke(MapperProxy.java:59) ~[mybatis-3.4.6.jar:3.4.6]
	at com.sun.proxy.$Proxy57.update(Unknown Source) ~[?:?]
	at jdk.internal.reflect.NativeMethodAccessorImpl.invoke0(Native Method) ~[?:?]
	at jdk.internal.reflect.NativeMethodAccessorImpl.invoke(NativeMethodAccessorImpl.java:62) ~[?:?]
	at jdk.internal.reflect.DelegatingMethodAccessorImpl.invoke(DelegatingMethodAccessorImpl.java:43) ~[?:?]
	at java.lang.reflect.Method.invoke(Method.java:566) ~[?:?]
	at org.springframework.aop.support.AopUtils.invokeJoinpointUsingReflection(AopUtils.java:343) ~[spring-aop-5.0.7.RELEASE.jar:5.0.7.RELEASE]
	at org.springframework.aop.framework.ReflectiveMethodInvocation.invokeJoinpoint(ReflectiveMethodInvocation.java:197) ~[spring-aop-5.0.7.RELEASE.jar:5.0.7.RELEASE]
	at org.springframework.aop.framework.ReflectiveMethodInvocation.proceed(ReflectiveMethodInvocation.java:163) ~[spring-aop-5.0.7.RELEASE.jar:5.0.7.RELEASE]
	at org.springframework.aop.framework.adapter.MethodBeforeAdviceInterceptor.invoke(MethodBeforeAdviceInterceptor.java:52) ~[spring-aop-5.0.7.RELEASE.jar:5.0.7.RELEASE]
	at org.springframework.aop.framework.ReflectiveMethodInvocation.proceed(ReflectiveMethodInvocation.java:185) ~[spring-aop-5.0.7.RELEASE.jar:5.0.7.RELEASE]
	at org.springframework.aop.framework.adapter.AfterReturningAdviceInterceptor.invoke(AfterReturningAdviceInterceptor.java:52) ~[spring-aop-5.0.7.RELEASE.jar:5.0.7.RELEASE]
	at org.springframework.aop.framework.ReflectiveMethodInvocation.proceed(ReflectiveMethodInvocation.java:185) ~[spring-aop-5.0.7.RELEASE.jar:5.0.7.RELEASE]
	at org.springframework.aop.aspectj.AspectJAfterThrowingAdvice.invoke(AspectJAfterThrowingAdvice.java:62) ~[spring-aop-5.0.7.RELEASE.jar:5.0.7.RELEASE]
	at org.springframework.aop.framework.ReflectiveMethodInvocation.proceed(ReflectiveMethodInvocation.java:174) ~[spring-aop-5.0.7.RELEASE.jar:5.0.7.RELEASE]
	at org.springframework.aop.interceptor.ExposeInvocationInterceptor.invoke(ExposeInvocationInterceptor.java:92) ~[spring-aop-5.0.7.RELEASE.jar:5.0.7.RELEASE]
	at org.springframework.aop.framework.ReflectiveMethodInvocation.proceed(ReflectiveMethodInvocation.java:185) ~[spring-aop-5.0.7.RELEASE.jar:5.0.7.RELEASE]
	at org.springframework.aop.framework.JdkDynamicAopProxy.invoke(JdkDynamicAopProxy.java:212) ~[spring-aop-5.0.7.RELEASE.jar:5.0.7.RELEASE]
	at com.sun.proxy.$Proxy58.update(Unknown Source) ~[?:?]
	at kr.co.librarylyh.mapper.BookListMapperTests.testUpdate(BookListMapperTests.java:76) ~[test-classes/:?]
	at jdk.internal.reflect.NativeMethodAccessorImpl.invoke0(Native Method) ~[?:?]
	at jdk.internal.reflect.NativeMethodAccessorImpl.invoke(NativeMethodAccessorImpl.java:62) ~[?:?]
	at jdk.internal.reflect.DelegatingMethodAccessorImpl.invoke(DelegatingMethodAccessorImpl.java:43) ~[?:?]
	at java.lang.reflect.Method.invoke(Method.java:566) ~[?:?]
	at org.junit.runners.model.FrameworkMethod$1.runReflectiveCall(FrameworkMethod.java:50) ~[junit-4.12.jar:4.12]
	at org.junit.internal.runners.model.ReflectiveCallable.run(ReflectiveCallable.java:12) ~[junit-4.12.jar:4.12]
	at org.junit.runners.model.FrameworkMethod.invokeExplosively(FrameworkMethod.java:47) ~[junit-4.12.jar:4.12]
	at org.junit.internal.runners.statements.InvokeMethod.evaluate(InvokeMethod.java:17) ~[junit-4.12.jar:4.12]
	at org.springframework.test.context.junit4.statements.RunBeforeTestExecutionCallbacks.evaluate(RunBeforeTestExecutionCallbacks.java:73) ~[spring-test-5.0.7.RELEASE.jar:5.0.7.RELEASE]
	at org.springframework.test.context.junit4.statements.RunAfterTestExecutionCallbacks.evaluate(RunAfterTestExecutionCallbacks.java:83) ~[spring-test-5.0.7.RELEASE.jar:5.0.7.RELEASE]
	at org.junit.internal.runners.statements.RunBefores.evaluate(RunBefores.java:26) ~[junit-4.12.jar:4.12]
	at org.springframework.test.context.junit4.statements.RunBeforeTestMethodCallbacks.evaluate(RunBeforeTestMethodCallbacks.java:75) ~[spring-test-5.0.7.RELEASE.jar:5.0.7.RELEASE]
	at org.springframework.test.context.junit4.statements.RunAfterTestMethodCallbacks.evaluate(RunAfterTestMethodCallbacks.java:86) ~[spring-test-5.0.7.RELEASE.jar:5.0.7.RELEASE]
	at org.springframework.test.context.junit4.statements.SpringRepeat.evaluate(SpringRepeat.java:84) ~[spring-test-5.0.7.RELEASE.jar:5.0.7.RELEASE]
	at org.junit.runners.ParentRunner.runLeaf(ParentRunner.java:325) ~[junit-4.12.jar:4.12]
	at org.springframework.test.context.junit4.SpringJUnit4ClassRunner.runChild(SpringJUnit4ClassRunner.java:251) ~[spring-test-5.0.7.RELEASE.jar:5.0.7.RELEASE]
	at org.springframework.test.context.junit4.SpringJUnit4ClassRunner.runChild(SpringJUnit4ClassRunner.java:97) ~[spring-test-5.0.7.RELEASE.jar:5.0.7.RELEASE]
	at org.junit.runners.ParentRunner$3.run(ParentRunner.java:290) ~[junit-4.12.jar:4.12]
	at org.junit.runners.ParentRunner$1.schedule(ParentRunner.java:71) ~[junit-4.12.jar:4.12]
	at org.junit.runners.ParentRunner.runChildren(ParentRunner.java:288) ~[junit-4.12.jar:4.12]
	at org.junit.runners.ParentRunner.access$000(ParentRunner.java:58) ~[junit-4.12.jar:4.12]
	at org.junit.runners.ParentRunner$2.evaluate(ParentRunner.java:268) ~[junit-4.12.jar:4.12]
	at org.springframework.test.context.junit4.statements.RunBeforeTestClassCallbacks.evaluate(RunBeforeTestClassCallbacks.java:61) ~[spring-test-5.0.7.RELEASE.jar:5.0.7.RELEASE]
	at org.springframework.test.context.junit4.statements.RunAfterTestClassCallbacks.evaluate(RunAfterTestClassCallbacks.java:70) ~[spring-test-5.0.7.RELEASE.jar:5.0.7.RELEASE]
	at org.junit.runners.ParentRunner.run(ParentRunner.java:363) ~[junit-4.12.jar:4.12]
	at org.springframework.test.context.junit4.SpringJUnit4ClassRunner.run(SpringJUnit4ClassRunner.java:190) ~[spring-test-5.0.7.RELEASE.jar:5.0.7.RELEASE]
	at org.apache.maven.surefire.junit4.JUnit4Provider.execute(JUnit4Provider.java:316) ~[surefire-junit4-3.2.5.jar:3.2.5]
	at org.apache.maven.surefire.junit4.JUnit4Provider.executeWithRerun(JUnit4Provider.java:240) ~[surefire-junit4-3.2.5.jar:3.2.5]
	at org.apache.maven.surefire.junit4.JUnit4Provider.executeTestSet(JUnit4Provider.java:214) ~[surefire-junit4-3.2.5.jar:3.2.5]
	at org.apache.maven.surefire.junit4.JUnit4Provider.invoke(JUnit4Provider.java:155) ~[surefire-junit4-3.2.5.jar:3.2.5]
	at org.apache.maven.surefire.booter.ForkedBooter.runSuitesInProcess(ForkedBooter.java:385) ~[surefire-booter-3.2.5.jar:3.2.5]
	at org.apache.maven.surefire.booter.ForkedBooter.execute(ForkedBooter.java:162) ~[surefire-booter-3.2.5.jar:3.2.5]
	at org.apache.maven.surefire.booter.ForkedBooter.run(ForkedBooter.java:507) ~[surefire-booter-3.2.5.jar:3.2.5]
	at org.apache.maven.surefire.booter.ForkedBooter.main(ForkedBooter.java:495) ~[surefire-booter-3.2.5.jar:3.2.5]
Caused by: oracle.jdbc.OracleDatabaseException: ORA-00904: "STAR5COUNT": invalid identifier

	at oracle.jdbc.driver.T4CTTIoer11.processError(T4CTTIoer11.java:710) ~[ojdbc8-23.2.0.0.jar:23.2.0.0.0]
	... 83 more
 ERROR jdbc.sqlonly(exceptionOccured144) - 21. PreparedStatement.execute() UPDATE book_tbl SET book = '수정된 책 제목', bookDescription = '<Reader of length 9>', price = 10000, 
bookCount = 5, averageRating = 4.5, rentalAvailable = 'Y', pageCount = 300, weight = '100kg', 
bookSize = '100M', star1Count = '5%', star2Count = '10%', star3Count = '15%', star4Count = 
'20%', star5Count = '50%', reviewCount = 185 WHERE isbn13 = 1234567890123 

java.sql.SQLSyntaxErrorException: ORA-00904: "STAR5COUNT": invalid identifier

	at oracle.jdbc.driver.T4CTTIoer11.processError(T4CTTIoer11.java:702) ~[ojdbc8-23.2.0.0.jar:23.2.0.0.0]
	at oracle.jdbc.driver.T4CTTIoer11.processError(T4CTTIoer11.java:608) ~[ojdbc8-23.2.0.0.jar:23.2.0.0.0]
	at oracle.jdbc.driver.T4C8Oall.processError(T4C8Oall.java:1248) ~[ojdbc8-23.2.0.0.jar:23.2.0.0.0]
	at oracle.jdbc.driver.T4CTTIfun.receive(T4CTTIfun.java:1041) ~[ojdbc8-23.2.0.0.jar:23.2.0.0.0]
	at oracle.jdbc.driver.T4CTTIfun.doRPC(T4CTTIfun.java:443) ~[ojdbc8-23.2.0.0.jar:23.2.0.0.0]
	at oracle.jdbc.driver.T4C8Oall.doOALL(T4C8Oall.java:518) ~[ojdbc8-23.2.0.0.jar:23.2.0.0.0]
	at oracle.jdbc.driver.T4CPreparedStatement.doOall8(T4CPreparedStatement.java:251) ~[ojdbc8-23.2.0.0.jar:23.2.0.0.0]
	at oracle.jdbc.driver.T4CPreparedStatement.executeForRows(T4CPreparedStatement.java:1181) ~[ojdbc8-23.2.0.0.jar:23.2.0.0.0]
	at oracle.jdbc.driver.OracleStatement.executeSQLStatement(OracleStatement.java:1571) ~[ojdbc8-23.2.0.0.jar:23.2.0.0.0]
	at oracle.jdbc.driver.OracleStatement.doExecuteWithTimeout(OracleStatement.java:1345) ~[ojdbc8-23.2.0.0.jar:23.2.0.0.0]
	at oracle.jdbc.driver.OraclePreparedStatement.executeInternal(OraclePreparedStatement.java:3728) ~[ojdbc8-23.2.0.0.jar:23.2.0.0.0]
	at oracle.jdbc.driver.OraclePreparedStatement.execute(OraclePreparedStatement.java:3938) ~[ojdbc8-23.2.0.0.jar:23.2.0.0.0]
	at oracle.jdbc.driver.OraclePreparedStatementWrapper.execute(OraclePreparedStatementWrapper.java:1011) ~[ojdbc8-23.2.0.0.jar:23.2.0.0.0]
	at net.sf.log4jdbc.sql.jdbcapi.PreparedStatementSpy.execute(PreparedStatementSpy.java:443) ~[log4jdbc-log4j2-jdbc4-1.16.jar:?]
	at com.zaxxer.hikari.pool.ProxyPreparedStatement.execute(ProxyPreparedStatement.java:44) ~[HikariCP-2.7.9.jar:?]
	at com.zaxxer.hikari.pool.HikariProxyPreparedStatement.execute(HikariProxyPreparedStatement.java) ~[HikariCP-2.7.9.jar:?]
	at org.apache.ibatis.executor.statement.PreparedStatementHandler.update(PreparedStatementHandler.java:46) ~[mybatis-3.4.6.jar:3.4.6]
	at org.apache.ibatis.executor.statement.RoutingStatementHandler.update(RoutingStatementHandler.java:74) ~[mybatis-3.4.6.jar:3.4.6]
	at org.apache.ibatis.executor.SimpleExecutor.doUpdate(SimpleExecutor.java:50) ~[mybatis-3.4.6.jar:3.4.6]
	at org.apache.ibatis.executor.BaseExecutor.update(BaseExecutor.java:117) ~[mybatis-3.4.6.jar:3.4.6]
	at org.apache.ibatis.executor.CachingExecutor.update(CachingExecutor.java:76) ~[mybatis-3.4.6.jar:3.4.6]
	at org.apache.ibatis.session.defaults.DefaultSqlSession.update(DefaultSqlSession.java:198) ~[mybatis-3.4.6.jar:3.4.6]
	at jdk.internal.reflect.NativeMethodAccessorImpl.invoke0(Native Method) ~[?:?]
	at jdk.internal.reflect.NativeMethodAccessorImpl.invoke(NativeMethodAccessorImpl.java:62) ~[?:?]
	at jdk.internal.reflect.DelegatingMethodAccessorImpl.invoke(DelegatingMethodAccessorImpl.java:43) ~[?:?]
	at java.lang.reflect.Method.invoke(Method.java:566) ~[?:?]
	at org.mybatis.spring.SqlSessionTemplate$SqlSessionInterceptor.invoke(SqlSessionTemplate.java:433) ~[mybatis-spring-1.3.3.jar:1.3.3]
	at com.sun.proxy.$Proxy54.update(Unknown Source) ~[?:?]
	at org.mybatis.spring.SqlSessionTemplate.update(SqlSessionTemplate.java:294) ~[mybatis-spring-1.3.3.jar:1.3.3]
	at org.apache.ibatis.binding.MapperMethod.execute(MapperMethod.java:63) ~[mybatis-3.4.6.jar:3.4.6]
	at org.apache.ibatis.binding.MapperProxy.invoke(MapperProxy.java:59) ~[mybatis-3.4.6.jar:3.4.6]
	at com.sun.proxy.$Proxy57.update(Unknown Source) ~[?:?]
	at jdk.internal.reflect.NativeMethodAccessorImpl.invoke0(Native Method) ~[?:?]
	at jdk.internal.reflect.NativeMethodAccessorImpl.invoke(NativeMethodAccessorImpl.java:62) ~[?:?]
	at jdk.internal.reflect.DelegatingMethodAccessorImpl.invoke(DelegatingMethodAccessorImpl.java:43) ~[?:?]
	at java.lang.reflect.Method.invoke(Method.java:566) ~[?:?]
	at org.springframework.aop.support.AopUtils.invokeJoinpointUsingReflection(AopUtils.java:343) ~[spring-aop-5.0.7.RELEASE.jar:5.0.7.RELEASE]
	at org.springframework.aop.framework.ReflectiveMethodInvocation.invokeJoinpoint(ReflectiveMethodInvocation.java:197) ~[spring-aop-5.0.7.RELEASE.jar:5.0.7.RELEASE]
	at org.springframework.aop.framework.ReflectiveMethodInvocation.proceed(ReflectiveMethodInvocation.java:163) ~[spring-aop-5.0.7.RELEASE.jar:5.0.7.RELEASE]
	at org.springframework.aop.framework.adapter.MethodBeforeAdviceInterceptor.invoke(MethodBeforeAdviceInterceptor.java:52) ~[spring-aop-5.0.7.RELEASE.jar:5.0.7.RELEASE]
	at org.springframework.aop.framework.ReflectiveMethodInvocation.proceed(ReflectiveMethodInvocation.java:185) ~[spring-aop-5.0.7.RELEASE.jar:5.0.7.RELEASE]
	at org.springframework.aop.framework.adapter.AfterReturningAdviceInterceptor.invoke(AfterReturningAdviceInterceptor.java:52) ~[spring-aop-5.0.7.RELEASE.jar:5.0.7.RELEASE]
	at org.springframework.aop.framework.ReflectiveMethodInvocation.proceed(ReflectiveMethodInvocation.java:185) ~[spring-aop-5.0.7.RELEASE.jar:5.0.7.RELEASE]
	at org.springframework.aop.aspectj.AspectJAfterThrowingAdvice.invoke(AspectJAfterThrowingAdvice.java:62) ~[spring-aop-5.0.7.RELEASE.jar:5.0.7.RELEASE]
	at org.springframework.aop.framework.ReflectiveMethodInvocation.proceed(ReflectiveMethodInvocation.java:174) ~[spring-aop-5.0.7.RELEASE.jar:5.0.7.RELEASE]
	at org.springframework.aop.interceptor.ExposeInvocationInterceptor.invoke(ExposeInvocationInterceptor.java:92) ~[spring-aop-5.0.7.RELEASE.jar:5.0.7.RELEASE]
	at org.springframework.aop.framework.ReflectiveMethodInvocation.proceed(ReflectiveMethodInvocation.java:185) ~[spring-aop-5.0.7.RELEASE.jar:5.0.7.RELEASE]
	at org.springframework.aop.framework.JdkDynamicAopProxy.invoke(JdkDynamicAopProxy.java:212) ~[spring-aop-5.0.7.RELEASE.jar:5.0.7.RELEASE]
	at com.sun.proxy.$Proxy58.update(Unknown Source) ~[?:?]
	at kr.co.librarylyh.mapper.BookListMapperTests.testUpdate(BookListMapperTests.java:76) ~[test-classes/:?]
	at jdk.internal.reflect.NativeMethodAccessorImpl.invoke0(Native Method) ~[?:?]
	at jdk.internal.reflect.NativeMethodAccessorImpl.invoke(NativeMethodAccessorImpl.java:62) ~[?:?]
	at jdk.internal.reflect.DelegatingMethodAccessorImpl.invoke(DelegatingMethodAccessorImpl.java:43) ~[?:?]
	at java.lang.reflect.Method.invoke(Method.java:566) ~[?:?]
	at org.junit.runners.model.FrameworkMethod$1.runReflectiveCall(FrameworkMethod.java:50) ~[junit-4.12.jar:4.12]
	at org.junit.internal.runners.model.ReflectiveCallable.run(ReflectiveCallable.java:12) ~[junit-4.12.jar:4.12]
	at org.junit.runners.model.FrameworkMethod.invokeExplosively(FrameworkMethod.java:47) ~[junit-4.12.jar:4.12]
	at org.junit.internal.runners.statements.InvokeMethod.evaluate(InvokeMethod.java:17) ~[junit-4.12.jar:4.12]
	at org.springframework.test.context.junit4.statements.RunBeforeTestExecutionCallbacks.evaluate(RunBeforeTestExecutionCallbacks.java:73) ~[spring-test-5.0.7.RELEASE.jar:5.0.7.RELEASE]
	at org.springframework.test.context.junit4.statements.RunAfterTestExecutionCallbacks.evaluate(RunAfterTestExecutionCallbacks.java:83) ~[spring-test-5.0.7.RELEASE.jar:5.0.7.RELEASE]
	at org.junit.internal.runners.statements.RunBefores.evaluate(RunBefores.java:26) ~[junit-4.12.jar:4.12]
	at org.springframework.test.context.junit4.statements.RunBeforeTestMethodCallbacks.evaluate(RunBeforeTestMethodCallbacks.java:75) ~[spring-test-5.0.7.RELEASE.jar:5.0.7.RELEASE]
	at org.springframework.test.context.junit4.statements.RunAfterTestMethodCallbacks.evaluate(RunAfterTestMethodCallbacks.java:86) ~[spring-test-5.0.7.RELEASE.jar:5.0.7.RELEASE]
	at org.springframework.test.context.junit4.statements.SpringRepeat.evaluate(SpringRepeat.java:84) ~[spring-test-5.0.7.RELEASE.jar:5.0.7.RELEASE]
	at org.junit.runners.ParentRunner.runLeaf(ParentRunner.java:325) ~[junit-4.12.jar:4.12]
	at org.springframework.test.context.junit4.SpringJUnit4ClassRunner.runChild(SpringJUnit4ClassRunner.java:251) ~[spring-test-5.0.7.RELEASE.jar:5.0.7.RELEASE]
	at org.springframework.test.context.junit4.SpringJUnit4ClassRunner.runChild(SpringJUnit4ClassRunner.java:97) ~[spring-test-5.0.7.RELEASE.jar:5.0.7.RELEASE]
	at org.junit.runners.ParentRunner$3.run(ParentRunner.java:290) ~[junit-4.12.jar:4.12]
	at org.junit.runners.ParentRunner$1.schedule(ParentRunner.java:71) ~[junit-4.12.jar:4.12]
	at org.junit.runners.ParentRunner.runChildren(ParentRunner.java:288) ~[junit-4.12.jar:4.12]
	at org.junit.runners.ParentRunner.access$000(ParentRunner.java:58) ~[junit-4.12.jar:4.12]
	at org.junit.runners.ParentRunner$2.evaluate(ParentRunner.java:268) ~[junit-4.12.jar:4.12]
	at org.springframework.test.context.junit4.statements.RunBeforeTestClassCallbacks.evaluate(RunBeforeTestClassCallbacks.java:61) ~[spring-test-5.0.7.RELEASE.jar:5.0.7.RELEASE]
	at org.springframework.test.context.junit4.statements.RunAfterTestClassCallbacks.evaluate(RunAfterTestClassCallbacks.java:70) ~[spring-test-5.0.7.RELEASE.jar:5.0.7.RELEASE]
	at org.junit.runners.ParentRunner.run(ParentRunner.java:363) ~[junit-4.12.jar:4.12]
	at org.springframework.test.context.junit4.SpringJUnit4ClassRunner.run(SpringJUnit4ClassRunner.java:190) ~[spring-test-5.0.7.RELEASE.jar:5.0.7.RELEASE]
	at org.apache.maven.surefire.junit4.JUnit4Provider.execute(JUnit4Provider.java:316) ~[surefire-junit4-3.2.5.jar:3.2.5]
	at org.apache.maven.surefire.junit4.JUnit4Provider.executeWithRerun(JUnit4Provider.java:240) ~[surefire-junit4-3.2.5.jar:3.2.5]
	at org.apache.maven.surefire.junit4.JUnit4Provider.executeTestSet(JUnit4Provider.java:214) ~[surefire-junit4-3.2.5.jar:3.2.5]
	at org.apache.maven.surefire.junit4.JUnit4Provider.invoke(JUnit4Provider.java:155) ~[surefire-junit4-3.2.5.jar:3.2.5]
	at org.apache.maven.surefire.booter.ForkedBooter.runSuitesInProcess(ForkedBooter.java:385) ~[surefire-booter-3.2.5.jar:3.2.5]
	at org.apache.maven.surefire.booter.ForkedBooter.execute(ForkedBooter.java:162) ~[surefire-booter-3.2.5.jar:3.2.5]
	at org.apache.maven.surefire.booter.ForkedBooter.run(ForkedBooter.java:507) ~[surefire-booter-3.2.5.jar:3.2.5]
	at org.apache.maven.surefire.booter.ForkedBooter.main(ForkedBooter.java:495) ~[surefire-booter-3.2.5.jar:3.2.5]
Caused by: oracle.jdbc.OracleDatabaseException: ORA-00904: "STAR5COUNT": invalid identifier

	at oracle.jdbc.driver.T4CTTIoer11.processError(T4CTTIoer11.java:710) ~[ojdbc8-23.2.0.0.jar:23.2.0.0.0]
	... 83 more
 ERROR jdbc.sqltiming(exceptionOccured154) - 21. PreparedStatement.execute() FAILED! UPDATE book_tbl SET book = '수정된 책 제목', bookDescription = '<Reader of length 9>', price = 10000, 
bookCount = 5, averageRating = 4.5, rentalAvailable = 'Y', pageCount = 300, weight = '100kg', 
bookSize = '100M', star1Count = '5%', star2Count = '10%', star3Count = '15%', star4Count = 
'20%', star5Count = '50%', reviewCount = 185 WHERE isbn13 = 1234567890123 
 {FAILED after 1 msec}
java.sql.SQLSyntaxErrorException: ORA-00904: "STAR5COUNT": invalid identifier

	at oracle.jdbc.driver.T4CTTIoer11.processError(T4CTTIoer11.java:702) ~[ojdbc8-23.2.0.0.jar:23.2.0.0.0]
	at oracle.jdbc.driver.T4CTTIoer11.processError(T4CTTIoer11.java:608) ~[ojdbc8-23.2.0.0.jar:23.2.0.0.0]
	at oracle.jdbc.driver.T4C8Oall.processError(T4C8Oall.java:1248) ~[ojdbc8-23.2.0.0.jar:23.2.0.0.0]
	at oracle.jdbc.driver.T4CTTIfun.receive(T4CTTIfun.java:1041) ~[ojdbc8-23.2.0.0.jar:23.2.0.0.0]
	at oracle.jdbc.driver.T4CTTIfun.doRPC(T4CTTIfun.java:443) ~[ojdbc8-23.2.0.0.jar:23.2.0.0.0]
	at oracle.jdbc.driver.T4C8Oall.doOALL(T4C8Oall.java:518) ~[ojdbc8-23.2.0.0.jar:23.2.0.0.0]
	at oracle.jdbc.driver.T4CPreparedStatement.doOall8(T4CPreparedStatement.java:251) ~[ojdbc8-23.2.0.0.jar:23.2.0.0.0]
	at oracle.jdbc.driver.T4CPreparedStatement.executeForRows(T4CPreparedStatement.java:1181) ~[ojdbc8-23.2.0.0.jar:23.2.0.0.0]
	at oracle.jdbc.driver.OracleStatement.executeSQLStatement(OracleStatement.java:1571) ~[ojdbc8-23.2.0.0.jar:23.2.0.0.0]
	at oracle.jdbc.driver.OracleStatement.doExecuteWithTimeout(OracleStatement.java:1345) ~[ojdbc8-23.2.0.0.jar:23.2.0.0.0]
	at oracle.jdbc.driver.OraclePreparedStatement.executeInternal(OraclePreparedStatement.java:3728) ~[ojdbc8-23.2.0.0.jar:23.2.0.0.0]
	at oracle.jdbc.driver.OraclePreparedStatement.execute(OraclePreparedStatement.java:3938) ~[ojdbc8-23.2.0.0.jar:23.2.0.0.0]
	at oracle.jdbc.driver.OraclePreparedStatementWrapper.execute(OraclePreparedStatementWrapper.java:1011) ~[ojdbc8-23.2.0.0.jar:23.2.0.0.0]
	at net.sf.log4jdbc.sql.jdbcapi.PreparedStatementSpy.execute(PreparedStatementSpy.java:443) ~[log4jdbc-log4j2-jdbc4-1.16.jar:?]
	at com.zaxxer.hikari.pool.ProxyPreparedStatement.execute(ProxyPreparedStatement.java:44) ~[HikariCP-2.7.9.jar:?]
	at com.zaxxer.hikari.pool.HikariProxyPreparedStatement.execute(HikariProxyPreparedStatement.java) ~[HikariCP-2.7.9.jar:?]
	at org.apache.ibatis.executor.statement.PreparedStatementHandler.update(PreparedStatementHandler.java:46) ~[mybatis-3.4.6.jar:3.4.6]
	at org.apache.ibatis.executor.statement.RoutingStatementHandler.update(RoutingStatementHandler.java:74) ~[mybatis-3.4.6.jar:3.4.6]
	at org.apache.ibatis.executor.SimpleExecutor.doUpdate(SimpleExecutor.java:50) ~[mybatis-3.4.6.jar:3.4.6]
	at org.apache.ibatis.executor.BaseExecutor.update(BaseExecutor.java:117) ~[mybatis-3.4.6.jar:3.4.6]
	at org.apache.ibatis.executor.CachingExecutor.update(CachingExecutor.java:76) ~[mybatis-3.4.6.jar:3.4.6]
	at org.apache.ibatis.session.defaults.DefaultSqlSession.update(DefaultSqlSession.java:198) ~[mybatis-3.4.6.jar:3.4.6]
	at jdk.internal.reflect.NativeMethodAccessorImpl.invoke0(Native Method) ~[?:?]
	at jdk.internal.reflect.NativeMethodAccessorImpl.invoke(NativeMethodAccessorImpl.java:62) ~[?:?]
	at jdk.internal.reflect.DelegatingMethodAccessorImpl.invoke(DelegatingMethodAccessorImpl.java:43) ~[?:?]
	at java.lang.reflect.Method.invoke(Method.java:566) ~[?:?]
	at org.mybatis.spring.SqlSessionTemplate$SqlSessionInterceptor.invoke(SqlSessionTemplate.java:433) ~[mybatis-spring-1.3.3.jar:1.3.3]
	at com.sun.proxy.$Proxy54.update(Unknown Source) ~[?:?]
	at org.mybatis.spring.SqlSessionTemplate.update(SqlSessionTemplate.java:294) ~[mybatis-spring-1.3.3.jar:1.3.3]
	at org.apache.ibatis.binding.MapperMethod.execute(MapperMethod.java:63) ~[mybatis-3.4.6.jar:3.4.6]
	at org.apache.ibatis.binding.MapperProxy.invoke(MapperProxy.java:59) ~[mybatis-3.4.6.jar:3.4.6]
	at com.sun.proxy.$Proxy57.update(Unknown Source) ~[?:?]
	at jdk.internal.reflect.NativeMethodAccessorImpl.invoke0(Native Method) ~[?:?]
	at jdk.internal.reflect.NativeMethodAccessorImpl.invoke(NativeMethodAccessorImpl.java:62) ~[?:?]
	at jdk.internal.reflect.DelegatingMethodAccessorImpl.invoke(DelegatingMethodAccessorImpl.java:43) ~[?:?]
	at java.lang.reflect.Method.invoke(Method.java:566) ~[?:?]
	at org.springframework.aop.support.AopUtils.invokeJoinpointUsingReflection(AopUtils.java:343) ~[spring-aop-5.0.7.RELEASE.jar:5.0.7.RELEASE]
	at org.springframework.aop.framework.ReflectiveMethodInvocation.invokeJoinpoint(ReflectiveMethodInvocation.java:197) ~[spring-aop-5.0.7.RELEASE.jar:5.0.7.RELEASE]
	at org.springframework.aop.framework.ReflectiveMethodInvocation.proceed(ReflectiveMethodInvocation.java:163) ~[spring-aop-5.0.7.RELEASE.jar:5.0.7.RELEASE]
	at org.springframework.aop.framework.adapter.MethodBeforeAdviceInterceptor.invoke(MethodBeforeAdviceInterceptor.java:52) ~[spring-aop-5.0.7.RELEASE.jar:5.0.7.RELEASE]
	at org.springframework.aop.framework.ReflectiveMethodInvocation.proceed(ReflectiveMethodInvocation.java:185) ~[spring-aop-5.0.7.RELEASE.jar:5.0.7.RELEASE]
	at org.springframework.aop.framework.adapter.AfterReturningAdviceInterceptor.invoke(AfterReturningAdviceInterceptor.java:52) ~[spring-aop-5.0.7.RELEASE.jar:5.0.7.RELEASE]
	at org.springframework.aop.framework.ReflectiveMethodInvocation.proceed(ReflectiveMethodInvocation.java:185) ~[spring-aop-5.0.7.RELEASE.jar:5.0.7.RELEASE]
	at org.springframework.aop.aspectj.AspectJAfterThrowingAdvice.invoke(AspectJAfterThrowingAdvice.java:62) ~[spring-aop-5.0.7.RELEASE.jar:5.0.7.RELEASE]
	at org.springframework.aop.framework.ReflectiveMethodInvocation.proceed(ReflectiveMethodInvocation.java:174) ~[spring-aop-5.0.7.RELEASE.jar:5.0.7.RELEASE]
	at org.springframework.aop.interceptor.ExposeInvocationInterceptor.invoke(ExposeInvocationInterceptor.java:92) ~[spring-aop-5.0.7.RELEASE.jar:5.0.7.RELEASE]
	at org.springframework.aop.framework.ReflectiveMethodInvocation.proceed(ReflectiveMethodInvocation.java:185) ~[spring-aop-5.0.7.RELEASE.jar:5.0.7.RELEASE]
	at org.springframework.aop.framework.JdkDynamicAopProxy.invoke(JdkDynamicAopProxy.java:212) ~[spring-aop-5.0.7.RELEASE.jar:5.0.7.RELEASE]
	at com.sun.proxy.$Proxy58.update(Unknown Source) ~[?:?]
	at kr.co.librarylyh.mapper.BookListMapperTests.testUpdate(BookListMapperTests.java:76) ~[test-classes/:?]
	at jdk.internal.reflect.NativeMethodAccessorImpl.invoke0(Native Method) ~[?:?]
	at jdk.internal.reflect.NativeMethodAccessorImpl.invoke(NativeMethodAccessorImpl.java:62) ~[?:?]
	at jdk.internal.reflect.DelegatingMethodAccessorImpl.invoke(DelegatingMethodAccessorImpl.java:43) ~[?:?]
	at java.lang.reflect.Method.invoke(Method.java:566) ~[?:?]
	at org.junit.runners.model.FrameworkMethod$1.runReflectiveCall(FrameworkMethod.java:50) ~[junit-4.12.jar:4.12]
	at org.junit.internal.runners.model.ReflectiveCallable.run(ReflectiveCallable.java:12) ~[junit-4.12.jar:4.12]
	at org.junit.runners.model.FrameworkMethod.invokeExplosively(FrameworkMethod.java:47) ~[junit-4.12.jar:4.12]
	at org.junit.internal.runners.statements.InvokeMethod.evaluate(InvokeMethod.java:17) ~[junit-4.12.jar:4.12]
	at org.springframework.test.context.junit4.statements.RunBeforeTestExecutionCallbacks.evaluate(RunBeforeTestExecutionCallbacks.java:73) ~[spring-test-5.0.7.RELEASE.jar:5.0.7.RELEASE]
	at org.springframework.test.context.junit4.statements.RunAfterTestExecutionCallbacks.evaluate(RunAfterTestExecutionCallbacks.java:83) ~[spring-test-5.0.7.RELEASE.jar:5.0.7.RELEASE]
	at org.junit.internal.runners.statements.RunBefores.evaluate(RunBefores.java:26) ~[junit-4.12.jar:4.12]
	at org.springframework.test.context.junit4.statements.RunBeforeTestMethodCallbacks.evaluate(RunBeforeTestMethodCallbacks.java:75) ~[spring-test-5.0.7.RELEASE.jar:5.0.7.RELEASE]
	at org.springframework.test.context.junit4.statements.RunAfterTestMethodCallbacks.evaluate(RunAfterTestMethodCallbacks.java:86) ~[spring-test-5.0.7.RELEASE.jar:5.0.7.RELEASE]
	at org.springframework.test.context.junit4.statements.SpringRepeat.evaluate(SpringRepeat.java:84) ~[spring-test-5.0.7.RELEASE.jar:5.0.7.RELEASE]
	at org.junit.runners.ParentRunner.runLeaf(ParentRunner.java:325) ~[junit-4.12.jar:4.12]
	at org.springframework.test.context.junit4.SpringJUnit4ClassRunner.runChild(SpringJUnit4ClassRunner.java:251) ~[spring-test-5.0.7.RELEASE.jar:5.0.7.RELEASE]
	at org.springframework.test.context.junit4.SpringJUnit4ClassRunner.runChild(SpringJUnit4ClassRunner.java:97) ~[spring-test-5.0.7.RELEASE.jar:5.0.7.RELEASE]
	at org.junit.runners.ParentRunner$3.run(ParentRunner.java:290) ~[junit-4.12.jar:4.12]
	at org.junit.runners.ParentRunner$1.schedule(ParentRunner.java:71) ~[junit-4.12.jar:4.12]
	at org.junit.runners.ParentRunner.runChildren(ParentRunner.java:288) ~[junit-4.12.jar:4.12]
	at org.junit.runners.ParentRunner.access$000(ParentRunner.java:58) ~[junit-4.12.jar:4.12]
	at org.junit.runners.ParentRunner$2.evaluate(ParentRunner.java:268) ~[junit-4.12.jar:4.12]
	at org.springframework.test.context.junit4.statements.RunBeforeTestClassCallbacks.evaluate(RunBeforeTestClassCallbacks.java:61) ~[spring-test-5.0.7.RELEASE.jar:5.0.7.RELEASE]
	at org.springframework.test.context.junit4.statements.RunAfterTestClassCallbacks.evaluate(RunAfterTestClassCallbacks.java:70) ~[spring-test-5.0.7.RELEASE.jar:5.0.7.RELEASE]
	at org.junit.runners.ParentRunner.run(ParentRunner.java:363) ~[junit-4.12.jar:4.12]
	at org.springframework.test.context.junit4.SpringJUnit4ClassRunner.run(SpringJUnit4ClassRunner.java:190) ~[spring-test-5.0.7.RELEASE.jar:5.0.7.RELEASE]
	at org.apache.maven.surefire.junit4.JUnit4Provider.execute(JUnit4Provider.java:316) ~[surefire-junit4-3.2.5.jar:3.2.5]
	at org.apache.maven.surefire.junit4.JUnit4Provider.executeWithRerun(JUnit4Provider.java:240) ~[surefire-junit4-3.2.5.jar:3.2.5]
	at org.apache.maven.surefire.junit4.JUnit4Provider.executeTestSet(JUnit4Provider.java:214) ~[surefire-junit4-3.2.5.jar:3.2.5]
	at org.apache.maven.surefire.junit4.JUnit4Provider.invoke(JUnit4Provider.java:155) ~[surefire-junit4-3.2.5.jar:3.2.5]
	at org.apache.maven.surefire.booter.ForkedBooter.runSuitesInProcess(ForkedBooter.java:385) ~[surefire-booter-3.2.5.jar:3.2.5]
	at org.apache.maven.surefire.booter.ForkedBooter.execute(ForkedBooter.java:162) ~[surefire-booter-3.2.5.jar:3.2.5]
	at org.apache.maven.surefire.booter.ForkedBooter.run(ForkedBooter.java:507) ~[surefire-booter-3.2.5.jar:3.2.5]
	at org.apache.maven.surefire.booter.ForkedBooter.main(ForkedBooter.java:495) ~[surefire-booter-3.2.5.jar:3.2.5]
Caused by: oracle.jdbc.OracleDatabaseException: ORA-00904: "STAR5COUNT": invalid identifier

	at oracle.jdbc.driver.T4CTTIoer11.processError(T4CTTIoer11.java:710) ~[ojdbc8-23.2.0.0.jar:23.2.0.0.0]
	... 83 more
 INFO  jdbc.audit(methodReturned175) - 21. PreparedStatement.isClosed() returned false
 INFO  jdbc.audit(methodReturned175) - 21. PreparedStatement.close() returned 
 DEBUG org.springframework.jdbc.datasource.DataSourceUtils(doReleaseConnection340) - Returning JDBC Connection to DataSource
 INFO  jdbc.audit(methodReturned175) - 21. Connection.clearWarnings() returned 
 DEBUG org.springframework.jdbc.support.SQLErrorCodeSQLExceptionTranslator(logTranslation402) - Translating SQLException with SQL state '42000', error code '904', message [ORA-00904: "STAR5COUNT": invalid identifier
] for task [
### Error updating database.  Cause: java.sql.SQLSyntaxErrorException: ORA-00904: "STAR5COUNT": invalid identifier

### The error may involve defaultParameterMap
### The error occurred while setting parameters
### SQL: UPDATE book_tbl SET book = ?, bookDescription = ?, price = ?, bookCount = ?,     averageRating = ?, rentalAvailable = ?, pageCount = ?, weight = ?, bookSize = ?,     star1Count = ?, star2Count = ?, star3Count = ?, star4Count = ?, star5Count = ?, reviewCount = ? WHERE isbn13 = ?
### Cause: java.sql.SQLSyntaxErrorException: ORA-00904: "STAR5COUNT": invalid identifier

]
 DEBUG org.springframework.test.context.support.AbstractDirtiesContextTestExecutionListener(beforeOrAfterTestMethod107) - After test method: context [DefaultTestContext@15f519f7 testClass = BookListMapperTests, testInstance = kr.co.librarylyh.mapper.BookListMapperTests@2d2f09a4, testMethod = testUpdate@BookListMapperTests, testException = org.springframework.jdbc.BadSqlGrammarException: 
### Error updating database.  Cause: java.sql.SQLSyntaxErrorException: ORA-00904: "STAR5COUNT": invalid identifier

### The error may involve defaultParameterMap
### The error occurred while setting parameters
### SQL: UPDATE book_tbl SET book = ?, bookDescription = ?, price = ?, bookCount = ?,     averageRating = ?, rentalAvailable = ?, pageCount = ?, weight = ?, bookSize = ?,     star1Count = ?, star2Count = ?, star3Count = ?, star4Count = ?, star5Count = ?, reviewCount = ? WHERE isbn13 = ?
### Cause: java.sql.SQLSyntaxErrorException: ORA-00904: "STAR5COUNT": invalid identifier

; bad SQL grammar []; nested exception is java.sql.SQLSyntaxErrorException: ORA-00904: "STAR5COUNT": invalid identifier
, mergedContextConfiguration = [MergedContextConfiguration@4a336377 testClass = BookListMapperTests, locations = '{file:src/main/webapp/WEB-INF/spring/root-context.xml}', classes = '{}', contextInitializerClasses = '[]', activeProfiles = '{}', propertySourceLocations = '{}', propertySourceProperties = '{}', contextCustomizers = set[[empty]], contextLoader = 'org.springframework.test.context.support.DelegatingSmartContextLoader', parent = [null]], attributes = map[[empty]]], class annotated with @DirtiesContext [false] with mode [null], method annotated with @DirtiesContext [false] with mode [null].
]]></system-out>
  </testcase>
</testsuite>